[0.524s] Invoking command in '/home/irman/Documents/Github_Projects/ROS-2-Autonomous-Turtlebot/bumperbot_ws/src/bumperbot_py_examples': CONDA_PROMPT_MODIFIER=(base) PYTHONPATH=/home/irman/Documents/Github_Projects/ROS-2-Autonomous-Turtlebot/build/bumperbot_py_examples/prefix_override:/home/irman/Documents/Github_Projects/ROS-2-Autonomous-Turtlebot/install/bumperbot_py_examples/lib/python3.10/site-packages:${PYTHONPATH} /usr/bin/python3 -W ignore:setup.py install is deprecated setup.py egg_info --egg-base ../../../build/bumperbot_py_examples build --build-base /home/irman/Documents/Github_Projects/ROS-2-Autonomous-Turtlebot/build/bumperbot_py_examples/build install --record /home/irman/Documents/Github_Projects/ROS-2-Autonomous-Turtlebot/build/bumperbot_py_examples/install.log --single-version-externally-managed install_data
[0.707s] running egg_info
[0.707s] creating ../../../build/bumperbot_py_examples/bumperbot_py_examples.egg-info
[0.721s] writing ../../../build/bumperbot_py_examples/bumperbot_py_examples.egg-info/PKG-INFO
[0.721s] writing dependency_links to ../../../build/bumperbot_py_examples/bumperbot_py_examples.egg-info/dependency_links.txt
[0.721s] writing entry points to ../../../build/bumperbot_py_examples/bumperbot_py_examples.egg-info/entry_points.txt
[0.722s] writing requirements to ../../../build/bumperbot_py_examples/bumperbot_py_examples.egg-info/requires.txt
[0.722s] writing top-level names to ../../../build/bumperbot_py_examples/bumperbot_py_examples.egg-info/top_level.txt
[0.722s] writing manifest file '../../../build/bumperbot_py_examples/bumperbot_py_examples.egg-info/SOURCES.txt'
[0.755s] reading manifest file '../../../build/bumperbot_py_examples/bumperbot_py_examples.egg-info/SOURCES.txt'
[0.756s] writing manifest file '../../../build/bumperbot_py_examples/bumperbot_py_examples.egg-info/SOURCES.txt'
[0.756s] running build
[0.756s] running build_py
[0.757s] creating /home/irman/Documents/Github_Projects/ROS-2-Autonomous-Turtlebot/build/bumperbot_py_examples/build
[0.758s] creating /home/irman/Documents/Github_Projects/ROS-2-Autonomous-Turtlebot/build/bumperbot_py_examples/build/lib
[0.758s] creating /home/irman/Documents/Github_Projects/ROS-2-Autonomous-Turtlebot/build/bumperbot_py_examples/build/lib/bumperbot_py_examples
[0.758s] copying bumperbot_py_examples/simple_parameter.py -> /home/irman/Documents/Github_Projects/ROS-2-Autonomous-Turtlebot/build/bumperbot_py_examples/build/lib/bumperbot_py_examples
[0.758s] copying bumperbot_py_examples/__init__.py -> /home/irman/Documents/Github_Projects/ROS-2-Autonomous-Turtlebot/build/bumperbot_py_examples/build/lib/bumperbot_py_examples
[0.758s] copying bumperbot_py_examples/simple_subscriber.py -> /home/irman/Documents/Github_Projects/ROS-2-Autonomous-Turtlebot/build/bumperbot_py_examples/build/lib/bumperbot_py_examples
[0.758s] copying bumperbot_py_examples/simple_publisher.py -> /home/irman/Documents/Github_Projects/ROS-2-Autonomous-Turtlebot/build/bumperbot_py_examples/build/lib/bumperbot_py_examples
[0.758s] running install
[0.766s] running install_lib
[0.781s] creating /home/irman/Documents/Github_Projects/ROS-2-Autonomous-Turtlebot/install/bumperbot_py_examples/lib/python3.10/site-packages/bumperbot_py_examples
[0.781s] copying /home/irman/Documents/Github_Projects/ROS-2-Autonomous-Turtlebot/build/bumperbot_py_examples/build/lib/bumperbot_py_examples/simple_parameter.py -> /home/irman/Documents/Github_Projects/ROS-2-Autonomous-Turtlebot/install/bumperbot_py_examples/lib/python3.10/site-packages/bumperbot_py_examples
[0.782s] copying /home/irman/Documents/Github_Projects/ROS-2-Autonomous-Turtlebot/build/bumperbot_py_examples/build/lib/bumperbot_py_examples/__init__.py -> /home/irman/Documents/Github_Projects/ROS-2-Autonomous-Turtlebot/install/bumperbot_py_examples/lib/python3.10/site-packages/bumperbot_py_examples
[0.782s] copying /home/irman/Documents/Github_Projects/ROS-2-Autonomous-Turtlebot/build/bumperbot_py_examples/build/lib/bumperbot_py_examples/simple_subscriber.py -> /home/irman/Documents/Github_Projects/ROS-2-Autonomous-Turtlebot/install/bumperbot_py_examples/lib/python3.10/site-packages/bumperbot_py_examples
[0.782s] copying /home/irman/Documents/Github_Projects/ROS-2-Autonomous-Turtlebot/build/bumperbot_py_examples/build/lib/bumperbot_py_examples/simple_publisher.py -> /home/irman/Documents/Github_Projects/ROS-2-Autonomous-Turtlebot/install/bumperbot_py_examples/lib/python3.10/site-packages/bumperbot_py_examples
[0.782s] byte-compiling /home/irman/Documents/Github_Projects/ROS-2-Autonomous-Turtlebot/install/bumperbot_py_examples/lib/python3.10/site-packages/bumperbot_py_examples/simple_parameter.py to simple_parameter.cpython-310.pyc
[0.782s] byte-compiling /home/irman/Documents/Github_Projects/ROS-2-Autonomous-Turtlebot/install/bumperbot_py_examples/lib/python3.10/site-packages/bumperbot_py_examples/__init__.py to __init__.cpython-310.pyc
[0.782s] byte-compiling /home/irman/Documents/Github_Projects/ROS-2-Autonomous-Turtlebot/install/bumperbot_py_examples/lib/python3.10/site-packages/bumperbot_py_examples/simple_subscriber.py to simple_subscriber.cpython-310.pyc
[0.783s] byte-compiling /home/irman/Documents/Github_Projects/ROS-2-Autonomous-Turtlebot/install/bumperbot_py_examples/lib/python3.10/site-packages/bumperbot_py_examples/simple_publisher.py to simple_publisher.cpython-310.pyc
[0.783s] running install_data
[0.783s] creating /home/irman/Documents/Github_Projects/ROS-2-Autonomous-Turtlebot/install/bumperbot_py_examples/share/ament_index
[0.783s] creating /home/irman/Documents/Github_Projects/ROS-2-Autonomous-Turtlebot/install/bumperbot_py_examples/share/ament_index/resource_index
[0.783s] creating /home/irman/Documents/Github_Projects/ROS-2-Autonomous-Turtlebot/install/bumperbot_py_examples/share/ament_index/resource_index/packages
[0.783s] copying resource/bumperbot_py_examples -> /home/irman/Documents/Github_Projects/ROS-2-Autonomous-Turtlebot/install/bumperbot_py_examples/share/ament_index/resource_index/packages
[0.784s] copying package.xml -> /home/irman/Documents/Github_Projects/ROS-2-Autonomous-Turtlebot/install/bumperbot_py_examples/share/bumperbot_py_examples
[0.784s] running install_egg_info
[0.795s] Copying ../../../build/bumperbot_py_examples/bumperbot_py_examples.egg-info to /home/irman/Documents/Github_Projects/ROS-2-Autonomous-Turtlebot/install/bumperbot_py_examples/lib/python3.10/site-packages/bumperbot_py_examples-0.0.0-py3.10.egg-info
[0.795s] running install_scripts
[0.923s] Installing simple_parameter script to /home/irman/Documents/Github_Projects/ROS-2-Autonomous-Turtlebot/install/bumperbot_py_examples/lib/bumperbot_py_examples
[0.924s] Installing simple_publisher script to /home/irman/Documents/Github_Projects/ROS-2-Autonomous-Turtlebot/install/bumperbot_py_examples/lib/bumperbot_py_examples
[0.924s] Installing simple_subscriber script to /home/irman/Documents/Github_Projects/ROS-2-Autonomous-Turtlebot/install/bumperbot_py_examples/lib/bumperbot_py_examples
[0.924s] writing list of installed files to '/home/irman/Documents/Github_Projects/ROS-2-Autonomous-Turtlebot/build/bumperbot_py_examples/install.log'
[0.957s] Invoked command in '/home/irman/Documents/Github_Projects/ROS-2-Autonomous-Turtlebot/bumperbot_ws/src/bumperbot_py_examples' returned '0': CONDA_PROMPT_MODIFIER=(base) PYTHONPATH=/home/irman/Documents/Github_Projects/ROS-2-Autonomous-Turtlebot/build/bumperbot_py_examples/prefix_override:/home/irman/Documents/Github_Projects/ROS-2-Autonomous-Turtlebot/install/bumperbot_py_examples/lib/python3.10/site-packages:${PYTHONPATH} /usr/bin/python3 -W ignore:setup.py install is deprecated setup.py egg_info --egg-base ../../../build/bumperbot_py_examples build --build-base /home/irman/Documents/Github_Projects/ROS-2-Autonomous-Turtlebot/build/bumperbot_py_examples/build install --record /home/irman/Documents/Github_Projects/ROS-2-Autonomous-Turtlebot/build/bumperbot_py_examples/install.log --single-version-externally-managed install_data
