[0.014s] Invoking command in '/home/irman/Documents/Github Projects/ROS-2-Autonomous-Turtlebot/bumperbot_ws/build/bumperbot_cpp_examples2': CMAKE_PREFIX_PATH=${CMAKE_PREFIX_PATH}:/home/irman/Documents/Github Projects/ROS-2-Autonomous-Turtlebot/bumperbot_ws/install/bumperbot_py_examples:/opt/ros/humble CONDA_PROMPT_MODIFIER=(cuda_env) /usr/bin/cmake --build /home/irman/Documents/Github Projects/ROS-2-Autonomous-Turtlebot/bumperbot_ws/build/bumperbot_cpp_examples2 -- -j12 -l12
[0.072s] [100%] Built target simple_publisher
[0.072s] [100%] Built target simple_subscriber
[0.151s] Invoked command in '/home/irman/Documents/Github Projects/ROS-2-Autonomous-Turtlebot/bumperbot_ws/build/bumperbot_cpp_examples2' returned '0': CMAKE_PREFIX_PATH=${CMAKE_PREFIX_PATH}:/home/irman/Documents/Github Projects/ROS-2-Autonomous-Turtlebot/bumperbot_ws/install/bumperbot_py_examples:/opt/ros/humble CONDA_PROMPT_MODIFIER=(cuda_env) /usr/bin/cmake --build /home/irman/Documents/Github Projects/ROS-2-Autonomous-Turtlebot/bumperbot_ws/build/bumperbot_cpp_examples2 -- -j12 -l12
[0.174s] Invoking command in '/home/irman/Documents/Github Projects/ROS-2-Autonomous-Turtlebot/bumperbot_ws/build/bumperbot_cpp_examples2': CMAKE_PREFIX_PATH=${CMAKE_PREFIX_PATH}:/home/irman/Documents/Github Projects/ROS-2-Autonomous-Turtlebot/bumperbot_ws/install/bumperbot_py_examples:/opt/ros/humble CONDA_PROMPT_MODIFIER=(cuda_env) /usr/bin/cmake --install /home/irman/Documents/Github Projects/ROS-2-Autonomous-Turtlebot/bumperbot_ws/build/bumperbot_cpp_examples2
[0.179s] -- Install configuration: ""
[0.180s] -- Up-to-date: /home/irman/Documents/Github Projects/ROS-2-Autonomous-Turtlebot/bumperbot_ws/install/bumperbot_cpp_examples2/lib/bumperbot_cpp_examples2/simple_publisher
[0.181s] -- Up-to-date: /home/irman/Documents/Github Projects/ROS-2-Autonomous-Turtlebot/bumperbot_ws/install/bumperbot_cpp_examples2/lib/bumperbot_cpp_examples2/simple_subscriber
[0.181s] -- Up-to-date: /home/irman/Documents/Github Projects/ROS-2-Autonomous-Turtlebot/bumperbot_ws/install/bumperbot_cpp_examples2/share/ament_index/resource_index/package_run_dependencies/bumperbot_cpp_examples2
[0.181s] -- Up-to-date: /home/irman/Documents/Github Projects/ROS-2-Autonomous-Turtlebot/bumperbot_ws/install/bumperbot_cpp_examples2/share/ament_index/resource_index/parent_prefix_path/bumperbot_cpp_examples2
[0.181s] -- Up-to-date: /home/irman/Documents/Github Projects/ROS-2-Autonomous-Turtlebot/bumperbot_ws/install/bumperbot_cpp_examples2/share/bumperbot_cpp_examples2/environment/ament_prefix_path.sh
[0.182s] -- Up-to-date: /home/irman/Documents/Github Projects/ROS-2-Autonomous-Turtlebot/bumperbot_ws/install/bumperbot_cpp_examples2/share/bumperbot_cpp_examples2/environment/ament_prefix_path.dsv
[0.182s] -- Up-to-date: /home/irman/Documents/Github Projects/ROS-2-Autonomous-Turtlebot/bumperbot_ws/install/bumperbot_cpp_examples2/share/bumperbot_cpp_examples2/environment/path.sh
[0.182s] -- Up-to-date: /home/irman/Documents/Github Projects/ROS-2-Autonomous-Turtlebot/bumperbot_ws/install/bumperbot_cpp_examples2/share/bumperbot_cpp_examples2/environment/path.dsv
[0.182s] -- Up-to-date: /home/irman/Documents/Github Projects/ROS-2-Autonomous-Turtlebot/bumperbot_ws/install/bumperbot_cpp_examples2/share/bumperbot_cpp_examples2/local_setup.bash
[0.182s] -- Up-to-date: /home/irman/Documents/Github Projects/ROS-2-Autonomous-Turtlebot/bumperbot_ws/install/bumperbot_cpp_examples2/share/bumperbot_cpp_examples2/local_setup.sh
[0.182s] -- Up-to-date: /home/irman/Documents/Github Projects/ROS-2-Autonomous-Turtlebot/bumperbot_ws/install/bumperbot_cpp_examples2/share/bumperbot_cpp_examples2/local_setup.zsh
[0.182s] -- Up-to-date: /home/irman/Documents/Github Projects/ROS-2-Autonomous-Turtlebot/bumperbot_ws/install/bumperbot_cpp_examples2/share/bumperbot_cpp_examples2/local_setup.dsv
[0.182s] -- Installing: /home/irman/Documents/Github Projects/ROS-2-Autonomous-Turtlebot/bumperbot_ws/install/bumperbot_cpp_examples2/share/bumperbot_cpp_examples2/package.dsv
[0.182s] -- Up-to-date: /home/irman/Documents/Github Projects/ROS-2-Autonomous-Turtlebot/bumperbot_ws/install/bumperbot_cpp_examples2/share/ament_index/resource_index/packages/bumperbot_cpp_examples2
[0.182s] -- Up-to-date: /home/irman/Documents/Github Projects/ROS-2-Autonomous-Turtlebot/bumperbot_ws/install/bumperbot_cpp_examples2/share/bumperbot_cpp_examples2/cmake/bumperbot_cpp_examples2Config.cmake
[0.182s] -- Up-to-date: /home/irman/Documents/Github Projects/ROS-2-Autonomous-Turtlebot/bumperbot_ws/install/bumperbot_cpp_examples2/share/bumperbot_cpp_examples2/cmake/bumperbot_cpp_examples2Config-version.cmake
[0.182s] -- Up-to-date: /home/irman/Documents/Github Projects/ROS-2-Autonomous-Turtlebot/bumperbot_ws/install/bumperbot_cpp_examples2/share/bumperbot_cpp_examples2/package.xml
[0.183s] Invoked command in '/home/irman/Documents/Github Projects/ROS-2-Autonomous-Turtlebot/bumperbot_ws/build/bumperbot_cpp_examples2' returned '0': CMAKE_PREFIX_PATH=${CMAKE_PREFIX_PATH}:/home/irman/Documents/Github Projects/ROS-2-Autonomous-Turtlebot/bumperbot_ws/install/bumperbot_py_examples:/opt/ros/humble CONDA_PROMPT_MODIFIER=(cuda_env) /usr/bin/cmake --install /home/irman/Documents/Github Projects/ROS-2-Autonomous-Turtlebot/bumperbot_ws/build/bumperbot_cpp_examples2
