[0.013s] Invoking command in '/home/irman/Documents/ROS-2-Autonomous-Turtlebot/bumperbot_ws_updated/build/bumperbot_cpp_examples': CMAKE_PREFIX_PATH=/opt/ros/humble /usr/bin/cmake /home/irman/Documents/ROS-2-Autonomous-Turtlebot/bumperbot_ws_updated/src/bumperbot_cpp_examples -DCMAKE_INSTALL_PREFIX=/home/irman/Documents/ROS-2-Autonomous-Turtlebot/bumperbot_ws_updated/install/bumperbot_cpp_examples
[0.061s] -- The C compiler identification is GNU 11.4.0
[0.110s] -- The CXX compiler identification is GNU 11.4.0
[0.116s] -- Detecting C compiler ABI info
[0.181s] -- Detecting C compiler ABI info - done
[0.189s] -- Check for working C compiler: /usr/bin/cc - skipped
[0.189s] -- Detecting C compile features
[0.190s] -- Detecting C compile features - done
[0.193s] -- Detecting CXX compiler ABI info
[0.269s] -- Detecting CXX compiler ABI info - done
[0.274s] -- Check for working CXX compiler: /usr/bin/c++ - skipped
[0.274s] -- Detecting CXX compile features
[0.275s] -- Detecting CXX compile features - done
[0.276s] -- Found ament_cmake: 1.3.9 (/opt/ros/humble/share/ament_cmake/cmake)
[0.396s] -- Found Python3: /usr/bin/python3 (found version "3.10.12") found components: Interpreter 
[0.467s] -- Found rclcpp: 16.0.9 (/opt/ros/humble/share/rclcpp/cmake)
[0.499s] -- Found rosidl_generator_c: 3.1.5 (/opt/ros/humble/share/rosidl_generator_c/cmake)
[0.503s] -- Found rosidl_adapter: 3.1.5 (/opt/ros/humble/share/rosidl_adapter/cmake)
[0.510s] -- Found rosidl_generator_cpp: 3.1.5 (/opt/ros/humble/share/rosidl_generator_cpp/cmake)
[0.520s] -- Using all available rosidl_typesupport_c: rosidl_typesupport_fastrtps_c;rosidl_typesupport_introspection_c
[0.535s] -- Using all available rosidl_typesupport_cpp: rosidl_typesupport_fastrtps_cpp;rosidl_typesupport_introspection_cpp
[0.585s] -- Found rmw_implementation_cmake: 6.1.2 (/opt/ros/humble/share/rmw_implementation_cmake/cmake)
[0.590s] -- Found rmw_fastrtps_cpp: 6.2.6 (/opt/ros/humble/share/rmw_fastrtps_cpp/cmake)
[0.681s] -- Found OpenSSL: /usr/lib/x86_64-linux-gnu/libcrypto.so (found version "3.0.2")  
[0.706s] -- Found FastRTPS: /opt/ros/humble/include  
[0.750s] -- Using RMW implementation 'rmw_fastrtps_cpp' as default
[0.757s] -- Looking for pthread.h
[0.823s] -- Looking for pthread.h - found
[0.823s] -- Performing Test CMAKE_HAVE_LIBC_PTHREAD
[0.889s] -- Performing Test CMAKE_HAVE_LIBC_PTHREAD - Success
[0.890s] -- Found Threads: TRUE  
[0.995s] -- Found turtlesim: 1.4.2 (/opt/ros/humble/share/turtlesim/cmake)
[1.133s] -- Configuring done
[1.147s] -- Generating done
[1.147s] -- Build files have been written to: /home/irman/Documents/ROS-2-Autonomous-Turtlebot/bumperbot_ws_updated/build/bumperbot_cpp_examples
[1.159s] Invoked command in '/home/irman/Documents/ROS-2-Autonomous-Turtlebot/bumperbot_ws_updated/build/bumperbot_cpp_examples' returned '0': CMAKE_PREFIX_PATH=/opt/ros/humble /usr/bin/cmake /home/irman/Documents/ROS-2-Autonomous-Turtlebot/bumperbot_ws_updated/src/bumperbot_cpp_examples -DCMAKE_INSTALL_PREFIX=/home/irman/Documents/ROS-2-Autonomous-Turtlebot/bumperbot_ws_updated/install/bumperbot_cpp_examples
[1.160s] Invoking command in '/home/irman/Documents/ROS-2-Autonomous-Turtlebot/bumperbot_ws_updated/build/bumperbot_cpp_examples': CMAKE_PREFIX_PATH=/opt/ros/humble /usr/bin/cmake --build /home/irman/Documents/ROS-2-Autonomous-Turtlebot/bumperbot_ws_updated/build/bumperbot_cpp_examples -- -j16 -l16
[1.205s] [ 37%] [32mBuilding CXX object CMakeFiles/simple_turtlesim_kinematics.dir/src/simple_turtlesim_kinematics.cpp.o[0m
[1.205s] [ 37%] [32mBuilding CXX object CMakeFiles/simple_parameter.dir/src/simple_parameter.cpp.o[0m
[1.205s] [ 37%] [32mBuilding CXX object CMakeFiles/simple_publisher.dir/src/simple_publisher.cpp.o[0m
[1.205s] [ 50%] [32mBuilding CXX object CMakeFiles/simple_subscriber.dir/src/simple_subscriber.cpp.o[0m
[3.737s] [ 62%] [32m[1mLinking CXX executable simple_parameter[0m
[3.860s] [ 62%] Built target simple_parameter
[4.862s] [ 75%] [32m[1mLinking CXX executable simple_publisher[0m
[5.028s] [ 75%] Built target simple_publisher
[7.682s] [ 87%] [32m[1mLinking CXX executable simple_subscriber[0m
[7.741s] [100%] [32m[1mLinking CXX executable simple_turtlesim_kinematics[0m
[7.995s] [100%] Built target simple_subscriber
[8.071s] [100%] Built target simple_turtlesim_kinematics
[8.083s] Invoked command in '/home/irman/Documents/ROS-2-Autonomous-Turtlebot/bumperbot_ws_updated/build/bumperbot_cpp_examples' returned '0': CMAKE_PREFIX_PATH=/opt/ros/humble /usr/bin/cmake --build /home/irman/Documents/ROS-2-Autonomous-Turtlebot/bumperbot_ws_updated/build/bumperbot_cpp_examples -- -j16 -l16
[8.132s] Invoking command in '/home/irman/Documents/ROS-2-Autonomous-Turtlebot/bumperbot_ws_updated/build/bumperbot_cpp_examples': CMAKE_PREFIX_PATH=/opt/ros/humble /usr/bin/cmake --install /home/irman/Documents/ROS-2-Autonomous-Turtlebot/bumperbot_ws_updated/build/bumperbot_cpp_examples
[8.139s] -- Install configuration: ""
[8.140s] -- Installing: /home/irman/Documents/ROS-2-Autonomous-Turtlebot/bumperbot_ws_updated/install/bumperbot_cpp_examples/include/include
[8.140s] -- Installing: /home/irman/Documents/ROS-2-Autonomous-Turtlebot/bumperbot_ws_updated/install/bumperbot_cpp_examples/include/include/bumperbot_cpp_examples
[8.140s] -- Installing: /home/irman/Documents/ROS-2-Autonomous-Turtlebot/bumperbot_ws_updated/install/bumperbot_cpp_examples/include/include/bumperbot_cpp_examples/simple_turtlesim_kinematics.hpp
[8.140s] -- Installing: /home/irman/Documents/ROS-2-Autonomous-Turtlebot/bumperbot_ws_updated/install/bumperbot_cpp_examples/lib/bumperbot_cpp_examples/simple_publisher
[8.141s] -- Set runtime path of "/home/irman/Documents/ROS-2-Autonomous-Turtlebot/bumperbot_ws_updated/install/bumperbot_cpp_examples/lib/bumperbot_cpp_examples/simple_publisher" to ""
[8.141s] -- Installing: /home/irman/Documents/ROS-2-Autonomous-Turtlebot/bumperbot_ws_updated/install/bumperbot_cpp_examples/lib/bumperbot_cpp_examples/simple_subscriber
[8.145s] -- Set runtime path of "/home/irman/Documents/ROS-2-Autonomous-Turtlebot/bumperbot_ws_updated/install/bumperbot_cpp_examples/lib/bumperbot_cpp_examples/simple_subscriber" to ""
[8.145s] -- Installing: /home/irman/Documents/ROS-2-Autonomous-Turtlebot/bumperbot_ws_updated/install/bumperbot_cpp_examples/lib/bumperbot_cpp_examples/simple_parameter
[8.146s] -- Set runtime path of "/home/irman/Documents/ROS-2-Autonomous-Turtlebot/bumperbot_ws_updated/install/bumperbot_cpp_examples/lib/bumperbot_cpp_examples/simple_parameter" to ""
[8.146s] -- Installing: /home/irman/Documents/ROS-2-Autonomous-Turtlebot/bumperbot_ws_updated/install/bumperbot_cpp_examples/lib/bumperbot_cpp_examples/simple_turtlesim_kinematics
[8.150s] -- Set runtime path of "/home/irman/Documents/ROS-2-Autonomous-Turtlebot/bumperbot_ws_updated/install/bumperbot_cpp_examples/lib/bumperbot_cpp_examples/simple_turtlesim_kinematics" to ""
[8.150s] -- Installing: /home/irman/Documents/ROS-2-Autonomous-Turtlebot/bumperbot_ws_updated/install/bumperbot_cpp_examples/share/ament_index/resource_index/package_run_dependencies/bumperbot_cpp_examples
[8.150s] -- Installing: /home/irman/Documents/ROS-2-Autonomous-Turtlebot/bumperbot_ws_updated/install/bumperbot_cpp_examples/share/ament_index/resource_index/parent_prefix_path/bumperbot_cpp_examples
[8.150s] -- Installing: /home/irman/Documents/ROS-2-Autonomous-Turtlebot/bumperbot_ws_updated/install/bumperbot_cpp_examples/share/bumperbot_cpp_examples/environment/ament_prefix_path.sh
[8.150s] -- Installing: /home/irman/Documents/ROS-2-Autonomous-Turtlebot/bumperbot_ws_updated/install/bumperbot_cpp_examples/share/bumperbot_cpp_examples/environment/ament_prefix_path.dsv
[8.150s] -- Installing: /home/irman/Documents/ROS-2-Autonomous-Turtlebot/bumperbot_ws_updated/install/bumperbot_cpp_examples/share/bumperbot_cpp_examples/environment/path.sh
[8.151s] -- Installing: /home/irman/Documents/ROS-2-Autonomous-Turtlebot/bumperbot_ws_updated/install/bumperbot_cpp_examples/share/bumperbot_cpp_examples/environment/path.dsv
[8.151s] -- Installing: /home/irman/Documents/ROS-2-Autonomous-Turtlebot/bumperbot_ws_updated/install/bumperbot_cpp_examples/share/bumperbot_cpp_examples/local_setup.bash
[8.151s] -- Installing: /home/irman/Documents/ROS-2-Autonomous-Turtlebot/bumperbot_ws_updated/install/bumperbot_cpp_examples/share/bumperbot_cpp_examples/local_setup.sh
[8.151s] -- Installing: /home/irman/Documents/ROS-2-Autonomous-Turtlebot/bumperbot_ws_updated/install/bumperbot_cpp_examples/share/bumperbot_cpp_examples/local_setup.zsh
[8.151s] -- Installing: /home/irman/Documents/ROS-2-Autonomous-Turtlebot/bumperbot_ws_updated/install/bumperbot_cpp_examples/share/bumperbot_cpp_examples/local_setup.dsv
[8.151s] -- Installing: /home/irman/Documents/ROS-2-Autonomous-Turtlebot/bumperbot_ws_updated/install/bumperbot_cpp_examples/share/bumperbot_cpp_examples/package.dsv
[8.151s] -- Installing: /home/irman/Documents/ROS-2-Autonomous-Turtlebot/bumperbot_ws_updated/install/bumperbot_cpp_examples/share/ament_index/resource_index/packages/bumperbot_cpp_examples
[8.152s] -- Installing: /home/irman/Documents/ROS-2-Autonomous-Turtlebot/bumperbot_ws_updated/install/bumperbot_cpp_examples/share/bumperbot_cpp_examples/cmake/bumperbot_cpp_examplesConfig.cmake
[8.152s] -- Installing: /home/irman/Documents/ROS-2-Autonomous-Turtlebot/bumperbot_ws_updated/install/bumperbot_cpp_examples/share/bumperbot_cpp_examples/cmake/bumperbot_cpp_examplesConfig-version.cmake
[8.152s] -- Installing: /home/irman/Documents/ROS-2-Autonomous-Turtlebot/bumperbot_ws_updated/install/bumperbot_cpp_examples/share/bumperbot_cpp_examples/package.xml
[8.154s] Invoked command in '/home/irman/Documents/ROS-2-Autonomous-Turtlebot/bumperbot_ws_updated/build/bumperbot_cpp_examples' returned '0': CMAKE_PREFIX_PATH=/opt/ros/humble /usr/bin/cmake --install /home/irman/Documents/ROS-2-Autonomous-Turtlebot/bumperbot_ws_updated/build/bumperbot_cpp_examples
