[0.017s] Invoking command in '/home/irman/Documents/ROS-2-Autonomous-Turtlebot/bumperbot_ws_updated/build/bumperbot_controller': CMAKE_PREFIX_PATH=/opt/ros/humble CONDA_PROMPT_MODIFIER=(base) /usr/bin/cmake --build /home/irman/Documents/ROS-2-Autonomous-Turtlebot/bumperbot_ws_updated/build/bumperbot_controller -- -j16 -l16
[0.055s] [35m[1mConsolidate compiler generated dependencies of target simple_controller[0m
[0.074s] [  0%] Built target ament_cmake_python_copy_bumperbot_controller
[0.080s] [100%] Built target simple_controller
[0.260s] running egg_info
[0.260s] writing bumperbot_controller.egg-info/PKG-INFO
[0.261s] writing dependency_links to bumperbot_controller.egg-info/dependency_links.txt
[0.261s] writing top-level names to bumperbot_controller.egg-info/top_level.txt
[0.262s] reading manifest file 'bumperbot_controller.egg-info/SOURCES.txt'
[0.263s] writing manifest file 'bumperbot_controller.egg-info/SOURCES.txt'
[0.293s] [100%] Built target ament_cmake_python_build_bumperbot_controller_egg
[0.304s] Invoked command in '/home/irman/Documents/ROS-2-Autonomous-Turtlebot/bumperbot_ws_updated/build/bumperbot_controller' returned '0': CMAKE_PREFIX_PATH=/opt/ros/humble CONDA_PROMPT_MODIFIER=(base) /usr/bin/cmake --build /home/irman/Documents/ROS-2-Autonomous-Turtlebot/bumperbot_ws_updated/build/bumperbot_controller -- -j16 -l16
[0.332s] Invoking command in '/home/irman/Documents/ROS-2-Autonomous-Turtlebot/bumperbot_ws_updated/build/bumperbot_controller': CMAKE_PREFIX_PATH=/opt/ros/humble CONDA_PROMPT_MODIFIER=(base) /usr/bin/cmake --install /home/irman/Documents/ROS-2-Autonomous-Turtlebot/bumperbot_ws_updated/build/bumperbot_controller
[0.339s] -- Install configuration: ""
[0.340s] -- Up-to-date: /home/irman/Documents/ROS-2-Autonomous-Turtlebot/bumperbot_ws_updated/install/bumperbot_controller/share/bumperbot_controller/environment/pythonpath.sh
[0.340s] -- Up-to-date: /home/irman/Documents/ROS-2-Autonomous-Turtlebot/bumperbot_ws_updated/install/bumperbot_controller/share/bumperbot_controller/environment/pythonpath.dsv
[0.340s] -- Up-to-date: /home/irman/Documents/ROS-2-Autonomous-Turtlebot/bumperbot_ws_updated/install/bumperbot_controller/local/lib/python3.10/dist-packages/bumperbot_controller-0.0.0-py3.10.egg-info
[0.340s] -- Installing: /home/irman/Documents/ROS-2-Autonomous-Turtlebot/bumperbot_ws_updated/install/bumperbot_controller/local/lib/python3.10/dist-packages/bumperbot_controller-0.0.0-py3.10.egg-info/SOURCES.txt
[0.340s] -- Installing: /home/irman/Documents/ROS-2-Autonomous-Turtlebot/bumperbot_ws_updated/install/bumperbot_controller/local/lib/python3.10/dist-packages/bumperbot_controller-0.0.0-py3.10.egg-info/PKG-INFO
[0.340s] -- Installing: /home/irman/Documents/ROS-2-Autonomous-Turtlebot/bumperbot_ws_updated/install/bumperbot_controller/local/lib/python3.10/dist-packages/bumperbot_controller-0.0.0-py3.10.egg-info/dependency_links.txt
[0.340s] -- Installing: /home/irman/Documents/ROS-2-Autonomous-Turtlebot/bumperbot_ws_updated/install/bumperbot_controller/local/lib/python3.10/dist-packages/bumperbot_controller-0.0.0-py3.10.egg-info/top_level.txt
[0.340s] -- Up-to-date: /home/irman/Documents/ROS-2-Autonomous-Turtlebot/bumperbot_ws_updated/install/bumperbot_controller/local/lib/python3.10/dist-packages/bumperbot_controller
[0.340s] -- Up-to-date: /home/irman/Documents/ROS-2-Autonomous-Turtlebot/bumperbot_ws_updated/install/bumperbot_controller/local/lib/python3.10/dist-packages/bumperbot_controller/simple_controller.py
[0.341s] -- Up-to-date: /home/irman/Documents/ROS-2-Autonomous-Turtlebot/bumperbot_ws_updated/install/bumperbot_controller/local/lib/python3.10/dist-packages/bumperbot_controller/__init__.py
[0.364s] Listing '/home/irman/Documents/ROS-2-Autonomous-Turtlebot/bumperbot_ws_updated/install/bumperbot_controller/local/lib/python3.10/dist-packages/bumperbot_controller'...
[0.368s] -- Up-to-date: /home/irman/Documents/ROS-2-Autonomous-Turtlebot/bumperbot_ws_updated/install/bumperbot_controller/include/include
[0.368s] -- Up-to-date: /home/irman/Documents/ROS-2-Autonomous-Turtlebot/bumperbot_ws_updated/install/bumperbot_controller/include/include/bumperbot_controller
[0.368s] -- Up-to-date: /home/irman/Documents/ROS-2-Autonomous-Turtlebot/bumperbot_ws_updated/install/bumperbot_controller/include/include/bumperbot_controller/simple_controller.hpp
[0.368s] -- Up-to-date: /home/irman/Documents/ROS-2-Autonomous-Turtlebot/bumperbot_ws_updated/install/bumperbot_controller/lib/bumperbot_controller/simple_controller
[0.368s] -- Up-to-date: /home/irman/Documents/ROS-2-Autonomous-Turtlebot/bumperbot_ws_updated/install/bumperbot_controller/share/bumperbot_controller/launch
[0.368s] -- Up-to-date: /home/irman/Documents/ROS-2-Autonomous-Turtlebot/bumperbot_ws_updated/install/bumperbot_controller/share/bumperbot_controller/launch/controller.launch.py
[0.368s] -- Up-to-date: /home/irman/Documents/ROS-2-Autonomous-Turtlebot/bumperbot_ws_updated/install/bumperbot_controller/share/bumperbot_controller/launch/joystick_teleop.launch.py
[0.369s] -- Up-to-date: /home/irman/Documents/ROS-2-Autonomous-Turtlebot/bumperbot_ws_updated/install/bumperbot_controller/share/bumperbot_controller/config
[0.369s] -- Up-to-date: /home/irman/Documents/ROS-2-Autonomous-Turtlebot/bumperbot_ws_updated/install/bumperbot_controller/share/bumperbot_controller/config/bumperbot_controllers.yaml
[0.369s] -- Up-to-date: /home/irman/Documents/ROS-2-Autonomous-Turtlebot/bumperbot_ws_updated/install/bumperbot_controller/share/bumperbot_controller/config/joy_config.yaml
[0.369s] -- Up-to-date: /home/irman/Documents/ROS-2-Autonomous-Turtlebot/bumperbot_ws_updated/install/bumperbot_controller/share/bumperbot_controller/config/joy_teleop.yaml
[0.369s] -- Up-to-date: /home/irman/Documents/ROS-2-Autonomous-Turtlebot/bumperbot_ws_updated/install/bumperbot_controller/lib/bumperbot_controller/simple_controller.py
[0.369s] -- Up-to-date: /home/irman/Documents/ROS-2-Autonomous-Turtlebot/bumperbot_ws_updated/install/bumperbot_controller/share/ament_index/resource_index/package_run_dependencies/bumperbot_controller
[0.369s] -- Up-to-date: /home/irman/Documents/ROS-2-Autonomous-Turtlebot/bumperbot_ws_updated/install/bumperbot_controller/share/ament_index/resource_index/parent_prefix_path/bumperbot_controller
[0.369s] -- Up-to-date: /home/irman/Documents/ROS-2-Autonomous-Turtlebot/bumperbot_ws_updated/install/bumperbot_controller/share/bumperbot_controller/environment/ament_prefix_path.sh
[0.369s] -- Up-to-date: /home/irman/Documents/ROS-2-Autonomous-Turtlebot/bumperbot_ws_updated/install/bumperbot_controller/share/bumperbot_controller/environment/ament_prefix_path.dsv
[0.369s] -- Up-to-date: /home/irman/Documents/ROS-2-Autonomous-Turtlebot/bumperbot_ws_updated/install/bumperbot_controller/share/bumperbot_controller/environment/path.sh
[0.369s] -- Up-to-date: /home/irman/Documents/ROS-2-Autonomous-Turtlebot/bumperbot_ws_updated/install/bumperbot_controller/share/bumperbot_controller/environment/path.dsv
[0.369s] -- Up-to-date: /home/irman/Documents/ROS-2-Autonomous-Turtlebot/bumperbot_ws_updated/install/bumperbot_controller/share/bumperbot_controller/local_setup.bash
[0.369s] -- Up-to-date: /home/irman/Documents/ROS-2-Autonomous-Turtlebot/bumperbot_ws_updated/install/bumperbot_controller/share/bumperbot_controller/local_setup.sh
[0.369s] -- Up-to-date: /home/irman/Documents/ROS-2-Autonomous-Turtlebot/bumperbot_ws_updated/install/bumperbot_controller/share/bumperbot_controller/local_setup.zsh
[0.369s] -- Up-to-date: /home/irman/Documents/ROS-2-Autonomous-Turtlebot/bumperbot_ws_updated/install/bumperbot_controller/share/bumperbot_controller/local_setup.dsv
[0.369s] -- Installing: /home/irman/Documents/ROS-2-Autonomous-Turtlebot/bumperbot_ws_updated/install/bumperbot_controller/share/bumperbot_controller/package.dsv
[0.369s] -- Up-to-date: /home/irman/Documents/ROS-2-Autonomous-Turtlebot/bumperbot_ws_updated/install/bumperbot_controller/share/ament_index/resource_index/packages/bumperbot_controller
[0.369s] -- Up-to-date: /home/irman/Documents/ROS-2-Autonomous-Turtlebot/bumperbot_ws_updated/install/bumperbot_controller/share/bumperbot_controller/cmake/bumperbot_controllerConfig.cmake
[0.370s] -- Up-to-date: /home/irman/Documents/ROS-2-Autonomous-Turtlebot/bumperbot_ws_updated/install/bumperbot_controller/share/bumperbot_controller/cmake/bumperbot_controllerConfig-version.cmake
[0.370s] -- Up-to-date: /home/irman/Documents/ROS-2-Autonomous-Turtlebot/bumperbot_ws_updated/install/bumperbot_controller/share/bumperbot_controller/package.xml
[0.371s] Invoked command in '/home/irman/Documents/ROS-2-Autonomous-Turtlebot/bumperbot_ws_updated/build/bumperbot_controller' returned '0': CMAKE_PREFIX_PATH=/opt/ros/humble CONDA_PROMPT_MODIFIER=(base) /usr/bin/cmake --install /home/irman/Documents/ROS-2-Autonomous-Turtlebot/bumperbot_ws_updated/build/bumperbot_controller
