[0.014s] Invoking command in '/home/irman/Documents/ROS-2-Autonomous-Turtlebot/bumperbot_ws_updated/build/bumperbot_description': CMAKE_PREFIX_PATH=/opt/ros/humble /usr/bin/cmake /home/irman/Documents/ROS-2-Autonomous-Turtlebot/bumperbot_ws_updated/src/bumperbot_description -DCMAKE_INSTALL_PREFIX=/home/irman/Documents/ROS-2-Autonomous-Turtlebot/bumperbot_ws_updated/install/bumperbot_description
[0.059s] -- The C compiler identification is GNU 11.4.0
[0.108s] -- The CXX compiler identification is GNU 11.4.0
[0.115s] -- Detecting C compiler ABI info
[0.178s] -- Detecting C compiler ABI info - done
[0.186s] -- Check for working C compiler: /usr/bin/cc - skipped
[0.187s] -- Detecting C compile features
[0.187s] -- Detecting C compile features - done
[0.190s] -- Detecting CXX compiler ABI info
[0.266s] -- Detecting CXX compiler ABI info - done
[0.271s] -- Check for working CXX compiler: /usr/bin/c++ - skipped
[0.271s] -- Detecting CXX compile features
[0.272s] -- Detecting CXX compile features - done
[0.274s] -- Found ament_cmake: 1.3.9 (/opt/ros/humble/share/ament_cmake/cmake)
[0.394s] -- Found Python3: /usr/bin/python3 (found version "3.10.12") found components: Interpreter 
[0.465s] -- Found urdf: 2.6.0 (/opt/ros/humble/share/urdf/cmake)
[0.507s] -- Found ament_lint_auto: 0.12.11 (/opt/ros/humble/share/ament_lint_auto/cmake)
[0.568s] -- Added test 'copyright' to check source files copyright and LICENSE
[0.571s] -- Added test 'flake8' to check Python code syntax and style conventions
[0.572s] -- Added test 'lint_cmake' to check CMake code style
[0.572s] -- Added test 'pep257' to check Python code against some of the docstring style conventions in PEP 257
[0.574s] -- Added test 'xmllint' to check XML markup files
[0.575s] -- Configuring done
[0.578s] -- Generating done
[0.579s] -- Build files have been written to: /home/irman/Documents/ROS-2-Autonomous-Turtlebot/bumperbot_ws_updated/build/bumperbot_description
[0.586s] Invoked command in '/home/irman/Documents/ROS-2-Autonomous-Turtlebot/bumperbot_ws_updated/build/bumperbot_description' returned '0': CMAKE_PREFIX_PATH=/opt/ros/humble /usr/bin/cmake /home/irman/Documents/ROS-2-Autonomous-Turtlebot/bumperbot_ws_updated/src/bumperbot_description -DCMAKE_INSTALL_PREFIX=/home/irman/Documents/ROS-2-Autonomous-Turtlebot/bumperbot_ws_updated/install/bumperbot_description
[0.588s] Invoking command in '/home/irman/Documents/ROS-2-Autonomous-Turtlebot/bumperbot_ws_updated/build/bumperbot_description': CMAKE_PREFIX_PATH=/opt/ros/humble /usr/bin/cmake --build /home/irman/Documents/ROS-2-Autonomous-Turtlebot/bumperbot_ws_updated/build/bumperbot_description -- -j16 -l16
[0.625s] Invoked command in '/home/irman/Documents/ROS-2-Autonomous-Turtlebot/bumperbot_ws_updated/build/bumperbot_description' returned '0': CMAKE_PREFIX_PATH=/opt/ros/humble /usr/bin/cmake --build /home/irman/Documents/ROS-2-Autonomous-Turtlebot/bumperbot_ws_updated/build/bumperbot_description -- -j16 -l16
[0.658s] Invoking command in '/home/irman/Documents/ROS-2-Autonomous-Turtlebot/bumperbot_ws_updated/build/bumperbot_description': CMAKE_PREFIX_PATH=/opt/ros/humble /usr/bin/cmake --install /home/irman/Documents/ROS-2-Autonomous-Turtlebot/bumperbot_ws_updated/build/bumperbot_description
[0.665s] -- Install configuration: ""
[0.665s] -- Installing: /home/irman/Documents/ROS-2-Autonomous-Turtlebot/bumperbot_ws_updated/install/bumperbot_description/share/bumperbot_description/launch
[0.665s] -- Installing: /home/irman/Documents/ROS-2-Autonomous-Turtlebot/bumperbot_ws_updated/install/bumperbot_description/share/bumperbot_description/launch/display.launch.py
[0.665s] -- Installing: /home/irman/Documents/ROS-2-Autonomous-Turtlebot/bumperbot_ws_updated/install/bumperbot_description/share/bumperbot_description/launch/gazebo.launch.py
[0.665s] -- Installing: /home/irman/Documents/ROS-2-Autonomous-Turtlebot/bumperbot_ws_updated/install/bumperbot_description/share/bumperbot_description/meshes
[0.665s] -- Installing: /home/irman/Documents/ROS-2-Autonomous-Turtlebot/bumperbot_ws_updated/install/bumperbot_description/share/bumperbot_description/meshes/imu_link.STL
[0.666s] -- Installing: /home/irman/Documents/ROS-2-Autonomous-Turtlebot/bumperbot_ws_updated/install/bumperbot_description/share/bumperbot_description/meshes/caster_rear_link.STL
[0.667s] -- Installing: /home/irman/Documents/ROS-2-Autonomous-Turtlebot/bumperbot_ws_updated/install/bumperbot_description/share/bumperbot_description/meshes/wheel_right_link.STL
[0.668s] -- Installing: /home/irman/Documents/ROS-2-Autonomous-Turtlebot/bumperbot_ws_updated/install/bumperbot_description/share/bumperbot_description/meshes/wheel_left_link.STL
[0.670s] -- Installing: /home/irman/Documents/ROS-2-Autonomous-Turtlebot/bumperbot_ws_updated/install/bumperbot_description/share/bumperbot_description/meshes/base_link.STL
[0.687s] -- Installing: /home/irman/Documents/ROS-2-Autonomous-Turtlebot/bumperbot_ws_updated/install/bumperbot_description/share/bumperbot_description/meshes/caster_front_link.STL
[0.688s] -- Installing: /home/irman/Documents/ROS-2-Autonomous-Turtlebot/bumperbot_ws_updated/install/bumperbot_description/share/bumperbot_description/models
[0.688s] -- Installing: /home/irman/Documents/ROS-2-Autonomous-Turtlebot/bumperbot_ws_updated/install/bumperbot_description/share/bumperbot_description/models/sun
[0.688s] -- Installing: /home/irman/Documents/ROS-2-Autonomous-Turtlebot/bumperbot_ws_updated/install/bumperbot_description/share/bumperbot_description/models/sun/model-1_4.sdf
[0.688s] -- Installing: /home/irman/Documents/ROS-2-Autonomous-Turtlebot/bumperbot_ws_updated/install/bumperbot_description/share/bumperbot_description/models/sun/model.config
[0.688s] -- Installing: /home/irman/Documents/ROS-2-Autonomous-Turtlebot/bumperbot_ws_updated/install/bumperbot_description/share/bumperbot_description/models/sun/model-1_2.sdf
[0.688s] -- Installing: /home/irman/Documents/ROS-2-Autonomous-Turtlebot/bumperbot_ws_updated/install/bumperbot_description/share/bumperbot_description/models/sun/model.sdf
[0.688s] -- Installing: /home/irman/Documents/ROS-2-Autonomous-Turtlebot/bumperbot_ws_updated/install/bumperbot_description/share/bumperbot_description/models/sun/model-1_3.sdf
[0.688s] -- Installing: /home/irman/Documents/ROS-2-Autonomous-Turtlebot/bumperbot_ws_updated/install/bumperbot_description/share/bumperbot_description/models/ground_plane
[0.688s] -- Installing: /home/irman/Documents/ROS-2-Autonomous-Turtlebot/bumperbot_ws_updated/install/bumperbot_description/share/bumperbot_description/models/ground_plane/model-1_4.sdf
[0.688s] -- Installing: /home/irman/Documents/ROS-2-Autonomous-Turtlebot/bumperbot_ws_updated/install/bumperbot_description/share/bumperbot_description/models/ground_plane/model.config
[0.689s] -- Installing: /home/irman/Documents/ROS-2-Autonomous-Turtlebot/bumperbot_ws_updated/install/bumperbot_description/share/bumperbot_description/models/ground_plane/model-1_2.sdf
[0.689s] -- Installing: /home/irman/Documents/ROS-2-Autonomous-Turtlebot/bumperbot_ws_updated/install/bumperbot_description/share/bumperbot_description/models/ground_plane/model.sdf
[0.689s] -- Installing: /home/irman/Documents/ROS-2-Autonomous-Turtlebot/bumperbot_ws_updated/install/bumperbot_description/share/bumperbot_description/models/ground_plane/model-1_3.sdf
[0.689s] -- Installing: /home/irman/Documents/ROS-2-Autonomous-Turtlebot/bumperbot_ws_updated/install/bumperbot_description/share/bumperbot_description/urdf
[0.689s] -- Installing: /home/irman/Documents/ROS-2-Autonomous-Turtlebot/bumperbot_ws_updated/install/bumperbot_description/share/bumperbot_description/urdf/bumperbot_gazebo.xacro
[0.690s] -- Installing: /home/irman/Documents/ROS-2-Autonomous-Turtlebot/bumperbot_ws_updated/install/bumperbot_description/share/bumperbot_description/urdf/bumperbot.urdf.xacro
[0.690s] -- Installing: /home/irman/Documents/ROS-2-Autonomous-Turtlebot/bumperbot_ws_updated/install/bumperbot_description/share/bumperbot_description/urdf/bumperbot_ros2_control.xacro
[0.690s] -- Installing: /home/irman/Documents/ROS-2-Autonomous-Turtlebot/bumperbot_ws_updated/install/bumperbot_description/share/bumperbot_description/rviz
[0.690s] -- Installing: /home/irman/Documents/ROS-2-Autonomous-Turtlebot/bumperbot_ws_updated/install/bumperbot_description/share/bumperbot_description/rviz/display.rviz
[0.690s] -- Installing: /home/irman/Documents/ROS-2-Autonomous-Turtlebot/bumperbot_ws_updated/install/bumperbot_description/share/ament_index/resource_index/package_run_dependencies/bumperbot_description
[0.690s] -- Installing: /home/irman/Documents/ROS-2-Autonomous-Turtlebot/bumperbot_ws_updated/install/bumperbot_description/share/ament_index/resource_index/parent_prefix_path/bumperbot_description
[0.690s] -- Installing: /home/irman/Documents/ROS-2-Autonomous-Turtlebot/bumperbot_ws_updated/install/bumperbot_description/share/bumperbot_description/environment/ament_prefix_path.sh
[0.690s] -- Installing: /home/irman/Documents/ROS-2-Autonomous-Turtlebot/bumperbot_ws_updated/install/bumperbot_description/share/bumperbot_description/environment/ament_prefix_path.dsv
[0.690s] -- Installing: /home/irman/Documents/ROS-2-Autonomous-Turtlebot/bumperbot_ws_updated/install/bumperbot_description/share/bumperbot_description/environment/path.sh
[0.690s] -- Installing: /home/irman/Documents/ROS-2-Autonomous-Turtlebot/bumperbot_ws_updated/install/bumperbot_description/share/bumperbot_description/environment/path.dsv
[0.691s] -- Installing: /home/irman/Documents/ROS-2-Autonomous-Turtlebot/bumperbot_ws_updated/install/bumperbot_description/share/bumperbot_description/local_setup.bash
[0.691s] -- Installing: /home/irman/Documents/ROS-2-Autonomous-Turtlebot/bumperbot_ws_updated/install/bumperbot_description/share/bumperbot_description/local_setup.sh
[0.691s] -- Installing: /home/irman/Documents/ROS-2-Autonomous-Turtlebot/bumperbot_ws_updated/install/bumperbot_description/share/bumperbot_description/local_setup.zsh
[0.691s] -- Installing: /home/irman/Documents/ROS-2-Autonomous-Turtlebot/bumperbot_ws_updated/install/bumperbot_description/share/bumperbot_description/local_setup.dsv
[0.691s] -- Installing: /home/irman/Documents/ROS-2-Autonomous-Turtlebot/bumperbot_ws_updated/install/bumperbot_description/share/bumperbot_description/package.dsv
[0.691s] -- Installing: /home/irman/Documents/ROS-2-Autonomous-Turtlebot/bumperbot_ws_updated/install/bumperbot_description/share/ament_index/resource_index/packages/bumperbot_description
[0.691s] -- Installing: /home/irman/Documents/ROS-2-Autonomous-Turtlebot/bumperbot_ws_updated/install/bumperbot_description/share/bumperbot_description/cmake/bumperbot_descriptionConfig.cmake
[0.691s] -- Installing: /home/irman/Documents/ROS-2-Autonomous-Turtlebot/bumperbot_ws_updated/install/bumperbot_description/share/bumperbot_description/cmake/bumperbot_descriptionConfig-version.cmake
[0.692s] -- Installing: /home/irman/Documents/ROS-2-Autonomous-Turtlebot/bumperbot_ws_updated/install/bumperbot_description/share/bumperbot_description/package.xml
[0.694s] Invoked command in '/home/irman/Documents/ROS-2-Autonomous-Turtlebot/bumperbot_ws_updated/build/bumperbot_description' returned '0': CMAKE_PREFIX_PATH=/opt/ros/humble /usr/bin/cmake --install /home/irman/Documents/ROS-2-Autonomous-Turtlebot/bumperbot_ws_updated/build/bumperbot_description
