[0.076s] DEBUG:colcon:Command line arguments: ['/usr/bin/colcon', 'build']
[0.076s] DEBUG:colcon:Parsed command line arguments: Namespace(log_base=None, log_level=None, verb_name='build', build_base='build', install_base='install', merge_install=False, symlink_install=False, test_result_base=None, continue_on_error=False, executor='parallel', parallel_workers=16, event_handlers=None, ignore_user_meta=False, metas=['./colcon.meta'], base_paths=['.'], packages_ignore=None, packages_ignore_regex=None, paths=None, packages_up_to=None, packages_up_to_regex=None, packages_above=None, packages_above_and_dependencies=None, packages_above_depth=None, packages_select_by_dep=None, packages_skip_by_dep=None, packages_skip_up_to=None, packages_select_build_failed=False, packages_skip_build_finished=False, packages_select_test_failures=False, packages_skip_test_passed=False, packages_select=None, packages_skip=None, packages_select_regex=None, packages_skip_regex=None, packages_start=None, packages_end=None, allow_overriding=[], cmake_args=None, cmake_target=None, cmake_target_skip_unavailable=False, cmake_clean_cache=False, cmake_clean_first=False, cmake_force_configure=False, ament_cmake_args=None, catkin_cmake_args=None, catkin_skip_building_tests=False, mixin_files=None, mixin=None, verb_parser=<colcon_mixin.mixin.mixin_argument.MixinArgumentDecorator object at 0x7d725cd46590>, verb_extension=<colcon_core.verb.build.BuildVerb object at 0x7d725cd45c00>, main=<bound method BuildVerb.main of <colcon_core.verb.build.BuildVerb object at 0x7d725cd45c00>>, mixin_verb=('build',))
[0.198s] Level 1:colcon.colcon_core.package_discovery:discover_packages(colcon_meta) check parameters
[0.198s] Level 1:colcon.colcon_core.package_discovery:discover_packages(recursive) check parameters
[0.198s] Level 1:colcon.colcon_core.package_discovery:discover_packages(ignore) check parameters
[0.198s] Level 1:colcon.colcon_core.package_discovery:discover_packages(path) check parameters
[0.198s] Level 1:colcon.colcon_core.package_discovery:discover_packages(colcon_meta) discover
[0.198s] Level 1:colcon.colcon_core.package_discovery:discover_packages(recursive) discover
[0.198s] INFO:colcon.colcon_core.package_discovery:Crawling recursively for packages in '/home/irman/Documents/ROS-2-Autonomous-Turtlebot/bumperbot_ws_updated'
[0.198s] Level 1:colcon.colcon_core.package_identification:_identify(.) by extensions ['ignore', 'ignore_ament_install']
[0.199s] Level 1:colcon.colcon_core.package_identification:_identify(.) by extension 'ignore'
[0.199s] Level 1:colcon.colcon_core.package_identification:_identify(.) by extension 'ignore_ament_install'
[0.199s] Level 1:colcon.colcon_core.package_identification:_identify(.) by extensions ['colcon_pkg']
[0.199s] Level 1:colcon.colcon_core.package_identification:_identify(.) by extension 'colcon_pkg'
[0.199s] Level 1:colcon.colcon_core.package_identification:_identify(.) by extensions ['colcon_meta']
[0.199s] Level 1:colcon.colcon_core.package_identification:_identify(.) by extension 'colcon_meta'
[0.199s] Level 1:colcon.colcon_core.package_identification:_identify(.) by extensions ['ros']
[0.199s] Level 1:colcon.colcon_core.package_identification:_identify(.) by extension 'ros'
[0.206s] Level 1:colcon.colcon_core.package_identification:_identify(.) by extensions ['cmake', 'python']
[0.206s] Level 1:colcon.colcon_core.package_identification:_identify(.) by extension 'cmake'
[0.206s] Level 1:colcon.colcon_core.package_identification:_identify(.) by extension 'python'
[0.206s] Level 1:colcon.colcon_core.package_identification:_identify(.) by extensions ['python_setup_py']
[0.206s] Level 1:colcon.colcon_core.package_identification:_identify(.) by extension 'python_setup_py'
[0.207s] Level 1:colcon.colcon_core.package_identification:_identify(build) by extensions ['ignore', 'ignore_ament_install']
[0.207s] Level 1:colcon.colcon_core.package_identification:_identify(build) by extension 'ignore'
[0.207s] Level 1:colcon.colcon_core.package_identification:_identify(build) ignored
[0.207s] Level 1:colcon.colcon_core.package_identification:_identify(install) by extensions ['ignore', 'ignore_ament_install']
[0.207s] Level 1:colcon.colcon_core.package_identification:_identify(install) by extension 'ignore'
[0.207s] Level 1:colcon.colcon_core.package_identification:_identify(install) ignored
[0.207s] Level 1:colcon.colcon_core.package_identification:_identify(log) by extensions ['ignore', 'ignore_ament_install']
[0.207s] Level 1:colcon.colcon_core.package_identification:_identify(log) by extension 'ignore'
[0.207s] Level 1:colcon.colcon_core.package_identification:_identify(log) ignored
[0.207s] Level 1:colcon.colcon_core.package_identification:_identify(src) by extensions ['ignore', 'ignore_ament_install']
[0.207s] Level 1:colcon.colcon_core.package_identification:_identify(src) by extension 'ignore'
[0.207s] Level 1:colcon.colcon_core.package_identification:_identify(src) by extension 'ignore_ament_install'
[0.207s] Level 1:colcon.colcon_core.package_identification:_identify(src) by extensions ['colcon_pkg']
[0.207s] Level 1:colcon.colcon_core.package_identification:_identify(src) by extension 'colcon_pkg'
[0.207s] Level 1:colcon.colcon_core.package_identification:_identify(src) by extensions ['colcon_meta']
[0.207s] Level 1:colcon.colcon_core.package_identification:_identify(src) by extension 'colcon_meta'
[0.207s] Level 1:colcon.colcon_core.package_identification:_identify(src) by extensions ['ros']
[0.207s] Level 1:colcon.colcon_core.package_identification:_identify(src) by extension 'ros'
[0.207s] Level 1:colcon.colcon_core.package_identification:_identify(src) by extensions ['cmake', 'python']
[0.208s] Level 1:colcon.colcon_core.package_identification:_identify(src) by extension 'cmake'
[0.208s] Level 1:colcon.colcon_core.package_identification:_identify(src) by extension 'python'
[0.208s] Level 1:colcon.colcon_core.package_identification:_identify(src) by extensions ['python_setup_py']
[0.208s] Level 1:colcon.colcon_core.package_identification:_identify(src) by extension 'python_setup_py'
[0.208s] Level 1:colcon.colcon_core.package_identification:_identify(src/bumperbot_controller) by extensions ['ignore', 'ignore_ament_install']
[0.208s] Level 1:colcon.colcon_core.package_identification:_identify(src/bumperbot_controller) by extension 'ignore'
[0.208s] Level 1:colcon.colcon_core.package_identification:_identify(src/bumperbot_controller) by extension 'ignore_ament_install'
[0.208s] Level 1:colcon.colcon_core.package_identification:_identify(src/bumperbot_controller) by extensions ['colcon_pkg']
[0.208s] Level 1:colcon.colcon_core.package_identification:_identify(src/bumperbot_controller) by extension 'colcon_pkg'
[0.208s] Level 1:colcon.colcon_core.package_identification:_identify(src/bumperbot_controller) by extensions ['colcon_meta']
[0.208s] Level 1:colcon.colcon_core.package_identification:_identify(src/bumperbot_controller) by extension 'colcon_meta'
[0.208s] Level 1:colcon.colcon_core.package_identification:_identify(src/bumperbot_controller) by extensions ['ros']
[0.208s] Level 1:colcon.colcon_core.package_identification:_identify(src/bumperbot_controller) by extension 'ros'
[0.210s] DEBUG:colcon.colcon_core.package_identification:Package 'src/bumperbot_controller' with type 'ros.ament_cmake' and name 'bumperbot_controller'
[0.210s] Level 1:colcon.colcon_core.package_identification:_identify(src/bumperbot_cpp_examples) by extensions ['ignore', 'ignore_ament_install']
[0.210s] Level 1:colcon.colcon_core.package_identification:_identify(src/bumperbot_cpp_examples) by extension 'ignore'
[0.210s] Level 1:colcon.colcon_core.package_identification:_identify(src/bumperbot_cpp_examples) by extension 'ignore_ament_install'
[0.210s] Level 1:colcon.colcon_core.package_identification:_identify(src/bumperbot_cpp_examples) by extensions ['colcon_pkg']
[0.210s] Level 1:colcon.colcon_core.package_identification:_identify(src/bumperbot_cpp_examples) by extension 'colcon_pkg'
[0.210s] Level 1:colcon.colcon_core.package_identification:_identify(src/bumperbot_cpp_examples) by extensions ['colcon_meta']
[0.210s] Level 1:colcon.colcon_core.package_identification:_identify(src/bumperbot_cpp_examples) by extension 'colcon_meta'
[0.210s] Level 1:colcon.colcon_core.package_identification:_identify(src/bumperbot_cpp_examples) by extensions ['ros']
[0.210s] Level 1:colcon.colcon_core.package_identification:_identify(src/bumperbot_cpp_examples) by extension 'ros'
[0.211s] DEBUG:colcon.colcon_core.package_identification:Package 'src/bumperbot_cpp_examples' with type 'ros.ament_cmake' and name 'bumperbot_cpp_examples'
[0.211s] Level 1:colcon.colcon_core.package_identification:_identify(src/bumperbot_description) by extensions ['ignore', 'ignore_ament_install']
[0.211s] Level 1:colcon.colcon_core.package_identification:_identify(src/bumperbot_description) by extension 'ignore'
[0.211s] Level 1:colcon.colcon_core.package_identification:_identify(src/bumperbot_description) by extension 'ignore_ament_install'
[0.211s] Level 1:colcon.colcon_core.package_identification:_identify(src/bumperbot_description) by extensions ['colcon_pkg']
[0.211s] Level 1:colcon.colcon_core.package_identification:_identify(src/bumperbot_description) by extension 'colcon_pkg'
[0.211s] Level 1:colcon.colcon_core.package_identification:_identify(src/bumperbot_description) by extensions ['colcon_meta']
[0.211s] Level 1:colcon.colcon_core.package_identification:_identify(src/bumperbot_description) by extension 'colcon_meta'
[0.211s] Level 1:colcon.colcon_core.package_identification:_identify(src/bumperbot_description) by extensions ['ros']
[0.211s] Level 1:colcon.colcon_core.package_identification:_identify(src/bumperbot_description) by extension 'ros'
[0.211s] DEBUG:colcon.colcon_core.package_identification:Package 'src/bumperbot_description' with type 'ros.ament_cmake' and name 'bumperbot_description'
[0.211s] Level 1:colcon.colcon_core.package_identification:_identify(src/bumperbot_py_examples) by extensions ['ignore', 'ignore_ament_install']
[0.212s] Level 1:colcon.colcon_core.package_identification:_identify(src/bumperbot_py_examples) by extension 'ignore'
[0.212s] Level 1:colcon.colcon_core.package_identification:_identify(src/bumperbot_py_examples) by extension 'ignore_ament_install'
[0.212s] Level 1:colcon.colcon_core.package_identification:_identify(src/bumperbot_py_examples) by extensions ['colcon_pkg']
[0.212s] Level 1:colcon.colcon_core.package_identification:_identify(src/bumperbot_py_examples) by extension 'colcon_pkg'
[0.212s] Level 1:colcon.colcon_core.package_identification:_identify(src/bumperbot_py_examples) by extensions ['colcon_meta']
[0.212s] Level 1:colcon.colcon_core.package_identification:_identify(src/bumperbot_py_examples) by extension 'colcon_meta'
[0.212s] Level 1:colcon.colcon_core.package_identification:_identify(src/bumperbot_py_examples) by extensions ['ros']
[0.212s] Level 1:colcon.colcon_core.package_identification:_identify(src/bumperbot_py_examples) by extension 'ros'
[0.212s] DEBUG:colcon.colcon_core.package_identification:Package 'src/bumperbot_py_examples' with type 'ros.ament_python' and name 'bumperbot_py_examples'
[0.212s] Level 1:colcon.colcon_core.package_discovery:discover_packages(recursive) using defaults
[0.213s] Level 1:colcon.colcon_core.package_discovery:discover_packages(ignore) discover
[0.213s] Level 1:colcon.colcon_core.package_discovery:discover_packages(ignore) using defaults
[0.213s] Level 1:colcon.colcon_core.package_discovery:discover_packages(path) discover
[0.213s] Level 1:colcon.colcon_core.package_discovery:discover_packages(path) using defaults
[0.235s] Level 1:colcon.colcon_core.package_discovery:discover_packages(prefix_path) check parameters
[0.235s] Level 1:colcon.colcon_core.package_discovery:discover_packages(prefix_path) discover
[0.237s] DEBUG:colcon.colcon_installed_package_information.package_discovery:Found 324 installed packages in /opt/ros/humble
[0.238s] Level 1:colcon.colcon_core.package_discovery:discover_packages(prefix_path) using defaults
[0.266s] Level 5:colcon.colcon_core.verb:set package 'bumperbot_controller' build argument 'cmake_args' from command line to 'None'
[0.266s] Level 5:colcon.colcon_core.verb:set package 'bumperbot_controller' build argument 'cmake_target' from command line to 'None'
[0.267s] Level 5:colcon.colcon_core.verb:set package 'bumperbot_controller' build argument 'cmake_target_skip_unavailable' from command line to 'False'
[0.267s] Level 5:colcon.colcon_core.verb:set package 'bumperbot_controller' build argument 'cmake_clean_cache' from command line to 'False'
[0.267s] Level 5:colcon.colcon_core.verb:set package 'bumperbot_controller' build argument 'cmake_clean_first' from command line to 'False'
[0.267s] Level 5:colcon.colcon_core.verb:set package 'bumperbot_controller' build argument 'cmake_force_configure' from command line to 'False'
[0.267s] Level 5:colcon.colcon_core.verb:set package 'bumperbot_controller' build argument 'ament_cmake_args' from command line to 'None'
[0.267s] Level 5:colcon.colcon_core.verb:set package 'bumperbot_controller' build argument 'catkin_cmake_args' from command line to 'None'
[0.267s] Level 5:colcon.colcon_core.verb:set package 'bumperbot_controller' build argument 'catkin_skip_building_tests' from command line to 'False'
[0.267s] DEBUG:colcon.colcon_core.verb:Building package 'bumperbot_controller' with the following arguments: {'ament_cmake_args': None, 'build_base': '/home/irman/Documents/ROS-2-Autonomous-Turtlebot/bumperbot_ws_updated/build/bumperbot_controller', 'catkin_cmake_args': None, 'catkin_skip_building_tests': False, 'cmake_args': None, 'cmake_clean_cache': False, 'cmake_clean_first': False, 'cmake_force_configure': False, 'cmake_target': None, 'cmake_target_skip_unavailable': False, 'install_base': '/home/irman/Documents/ROS-2-Autonomous-Turtlebot/bumperbot_ws_updated/install/bumperbot_controller', 'merge_install': False, 'path': '/home/irman/Documents/ROS-2-Autonomous-Turtlebot/bumperbot_ws_updated/src/bumperbot_controller', 'symlink_install': False, 'test_result_base': None}
[0.267s] Level 5:colcon.colcon_core.verb:set package 'bumperbot_cpp_examples' build argument 'cmake_args' from command line to 'None'
[0.267s] Level 5:colcon.colcon_core.verb:set package 'bumperbot_cpp_examples' build argument 'cmake_target' from command line to 'None'
[0.267s] Level 5:colcon.colcon_core.verb:set package 'bumperbot_cpp_examples' build argument 'cmake_target_skip_unavailable' from command line to 'False'
[0.267s] Level 5:colcon.colcon_core.verb:set package 'bumperbot_cpp_examples' build argument 'cmake_clean_cache' from command line to 'False'
[0.267s] Level 5:colcon.colcon_core.verb:set package 'bumperbot_cpp_examples' build argument 'cmake_clean_first' from command line to 'False'
[0.267s] Level 5:colcon.colcon_core.verb:set package 'bumperbot_cpp_examples' build argument 'cmake_force_configure' from command line to 'False'
[0.267s] Level 5:colcon.colcon_core.verb:set package 'bumperbot_cpp_examples' build argument 'ament_cmake_args' from command line to 'None'
[0.267s] Level 5:colcon.colcon_core.verb:set package 'bumperbot_cpp_examples' build argument 'catkin_cmake_args' from command line to 'None'
[0.267s] Level 5:colcon.colcon_core.verb:set package 'bumperbot_cpp_examples' build argument 'catkin_skip_building_tests' from command line to 'False'
[0.267s] DEBUG:colcon.colcon_core.verb:Building package 'bumperbot_cpp_examples' with the following arguments: {'ament_cmake_args': None, 'build_base': '/home/irman/Documents/ROS-2-Autonomous-Turtlebot/bumperbot_ws_updated/build/bumperbot_cpp_examples', 'catkin_cmake_args': None, 'catkin_skip_building_tests': False, 'cmake_args': None, 'cmake_clean_cache': False, 'cmake_clean_first': False, 'cmake_force_configure': False, 'cmake_target': None, 'cmake_target_skip_unavailable': False, 'install_base': '/home/irman/Documents/ROS-2-Autonomous-Turtlebot/bumperbot_ws_updated/install/bumperbot_cpp_examples', 'merge_install': False, 'path': '/home/irman/Documents/ROS-2-Autonomous-Turtlebot/bumperbot_ws_updated/src/bumperbot_cpp_examples', 'symlink_install': False, 'test_result_base': None}
[0.267s] Level 5:colcon.colcon_core.verb:set package 'bumperbot_description' build argument 'cmake_args' from command line to 'None'
[0.267s] Level 5:colcon.colcon_core.verb:set package 'bumperbot_description' build argument 'cmake_target' from command line to 'None'
[0.267s] Level 5:colcon.colcon_core.verb:set package 'bumperbot_description' build argument 'cmake_target_skip_unavailable' from command line to 'False'
[0.268s] Level 5:colcon.colcon_core.verb:set package 'bumperbot_description' build argument 'cmake_clean_cache' from command line to 'False'
[0.268s] Level 5:colcon.colcon_core.verb:set package 'bumperbot_description' build argument 'cmake_clean_first' from command line to 'False'
[0.268s] Level 5:colcon.colcon_core.verb:set package 'bumperbot_description' build argument 'cmake_force_configure' from command line to 'False'
[0.268s] Level 5:colcon.colcon_core.verb:set package 'bumperbot_description' build argument 'ament_cmake_args' from command line to 'None'
[0.268s] Level 5:colcon.colcon_core.verb:set package 'bumperbot_description' build argument 'catkin_cmake_args' from command line to 'None'
[0.268s] Level 5:colcon.colcon_core.verb:set package 'bumperbot_description' build argument 'catkin_skip_building_tests' from command line to 'False'
[0.268s] DEBUG:colcon.colcon_core.verb:Building package 'bumperbot_description' with the following arguments: {'ament_cmake_args': None, 'build_base': '/home/irman/Documents/ROS-2-Autonomous-Turtlebot/bumperbot_ws_updated/build/bumperbot_description', 'catkin_cmake_args': None, 'catkin_skip_building_tests': False, 'cmake_args': None, 'cmake_clean_cache': False, 'cmake_clean_first': False, 'cmake_force_configure': False, 'cmake_target': None, 'cmake_target_skip_unavailable': False, 'install_base': '/home/irman/Documents/ROS-2-Autonomous-Turtlebot/bumperbot_ws_updated/install/bumperbot_description', 'merge_install': False, 'path': '/home/irman/Documents/ROS-2-Autonomous-Turtlebot/bumperbot_ws_updated/src/bumperbot_description', 'symlink_install': False, 'test_result_base': None}
[0.268s] Level 5:colcon.colcon_core.verb:set package 'bumperbot_py_examples' build argument 'cmake_args' from command line to 'None'
[0.268s] Level 5:colcon.colcon_core.verb:set package 'bumperbot_py_examples' build argument 'cmake_target' from command line to 'None'
[0.268s] Level 5:colcon.colcon_core.verb:set package 'bumperbot_py_examples' build argument 'cmake_target_skip_unavailable' from command line to 'False'
[0.268s] Level 5:colcon.colcon_core.verb:set package 'bumperbot_py_examples' build argument 'cmake_clean_cache' from command line to 'False'
[0.268s] Level 5:colcon.colcon_core.verb:set package 'bumperbot_py_examples' build argument 'cmake_clean_first' from command line to 'False'
[0.268s] Level 5:colcon.colcon_core.verb:set package 'bumperbot_py_examples' build argument 'cmake_force_configure' from command line to 'False'
[0.268s] Level 5:colcon.colcon_core.verb:set package 'bumperbot_py_examples' build argument 'ament_cmake_args' from command line to 'None'
[0.268s] Level 5:colcon.colcon_core.verb:set package 'bumperbot_py_examples' build argument 'catkin_cmake_args' from command line to 'None'
[0.268s] Level 5:colcon.colcon_core.verb:set package 'bumperbot_py_examples' build argument 'catkin_skip_building_tests' from command line to 'False'
[0.268s] DEBUG:colcon.colcon_core.verb:Building package 'bumperbot_py_examples' with the following arguments: {'ament_cmake_args': None, 'build_base': '/home/irman/Documents/ROS-2-Autonomous-Turtlebot/bumperbot_ws_updated/build/bumperbot_py_examples', 'catkin_cmake_args': None, 'catkin_skip_building_tests': False, 'cmake_args': None, 'cmake_clean_cache': False, 'cmake_clean_first': False, 'cmake_force_configure': False, 'cmake_target': None, 'cmake_target_skip_unavailable': False, 'install_base': '/home/irman/Documents/ROS-2-Autonomous-Turtlebot/bumperbot_ws_updated/install/bumperbot_py_examples', 'merge_install': False, 'path': '/home/irman/Documents/ROS-2-Autonomous-Turtlebot/bumperbot_ws_updated/src/bumperbot_py_examples', 'symlink_install': False, 'test_result_base': None}
[0.268s] INFO:colcon.colcon_core.executor:Executing jobs using 'parallel' executor
[0.269s] DEBUG:colcon.colcon_parallel_executor.executor.parallel:run_until_complete
[0.269s] INFO:colcon.colcon_ros.task.ament_cmake.build:Building ROS package in '/home/irman/Documents/ROS-2-Autonomous-Turtlebot/bumperbot_ws_updated/src/bumperbot_controller' with build type 'ament_cmake'
[0.269s] INFO:colcon.colcon_cmake.task.cmake.build:Building CMake package in '/home/irman/Documents/ROS-2-Autonomous-Turtlebot/bumperbot_ws_updated/src/bumperbot_controller'
[0.271s] INFO:colcon.colcon_core.plugin_system:Skipping extension 'colcon_core.shell.bat': Not used on non-Windows systems
[0.271s] INFO:colcon.colcon_core.shell:Skip shell extension 'powershell' for command environment: Not usable outside of PowerShell
[0.271s] DEBUG:colcon.colcon_core.shell:Skip shell extension 'dsv' for command environment
[0.273s] INFO:colcon.colcon_ros.task.ament_cmake.build:Building ROS package in '/home/irman/Documents/ROS-2-Autonomous-Turtlebot/bumperbot_ws_updated/src/bumperbot_cpp_examples' with build type 'ament_cmake'
[0.273s] INFO:colcon.colcon_cmake.task.cmake.build:Building CMake package in '/home/irman/Documents/ROS-2-Autonomous-Turtlebot/bumperbot_ws_updated/src/bumperbot_cpp_examples'
[0.274s] INFO:colcon.colcon_core.shell:Skip shell extension 'powershell' for command environment: Not usable outside of PowerShell
[0.274s] DEBUG:colcon.colcon_core.shell:Skip shell extension 'dsv' for command environment
[0.276s] INFO:colcon.colcon_ros.task.ament_cmake.build:Building ROS package in '/home/irman/Documents/ROS-2-Autonomous-Turtlebot/bumperbot_ws_updated/src/bumperbot_description' with build type 'ament_cmake'
[0.276s] INFO:colcon.colcon_cmake.task.cmake.build:Building CMake package in '/home/irman/Documents/ROS-2-Autonomous-Turtlebot/bumperbot_ws_updated/src/bumperbot_description'
[0.276s] INFO:colcon.colcon_core.shell:Skip shell extension 'powershell' for command environment: Not usable outside of PowerShell
[0.276s] DEBUG:colcon.colcon_core.shell:Skip shell extension 'dsv' for command environment
[0.278s] INFO:colcon.colcon_ros.task.ament_python.build:Building ROS package in '/home/irman/Documents/ROS-2-Autonomous-Turtlebot/bumperbot_ws_updated/src/bumperbot_py_examples' with build type 'ament_python'
[0.278s] Level 1:colcon.colcon_core.shell:create_environment_hook('bumperbot_py_examples', 'ament_prefix_path')
[0.278s] INFO:colcon.colcon_core.shell:Creating environment hook '/home/irman/Documents/ROS-2-Autonomous-Turtlebot/bumperbot_ws_updated/install/bumperbot_py_examples/share/bumperbot_py_examples/hook/ament_prefix_path.ps1'
[0.279s] INFO:colcon.colcon_core.shell:Creating environment descriptor '/home/irman/Documents/ROS-2-Autonomous-Turtlebot/bumperbot_ws_updated/install/bumperbot_py_examples/share/bumperbot_py_examples/hook/ament_prefix_path.dsv'
[0.279s] INFO:colcon.colcon_core.shell:Creating environment hook '/home/irman/Documents/ROS-2-Autonomous-Turtlebot/bumperbot_ws_updated/install/bumperbot_py_examples/share/bumperbot_py_examples/hook/ament_prefix_path.sh'
[0.279s] INFO:colcon.colcon_core.shell:Skip shell extension 'powershell' for command environment: Not usable outside of PowerShell
[0.280s] DEBUG:colcon.colcon_core.shell:Skip shell extension 'dsv' for command environment
[0.287s] DEBUG:colcon.colcon_core.event_handler.log_command:Invoking command in '/home/irman/Documents/ROS-2-Autonomous-Turtlebot/bumperbot_ws_updated/build/bumperbot_controller': CMAKE_PREFIX_PATH=/opt/ros/humble CONDA_PROMPT_MODIFIER=(base) /usr/bin/cmake --build /home/irman/Documents/ROS-2-Autonomous-Turtlebot/bumperbot_ws_updated/build/bumperbot_controller -- -j16 -l16
[0.289s] DEBUG:colcon.colcon_core.event_handler.log_command:Invoking command in '/home/irman/Documents/ROS-2-Autonomous-Turtlebot/bumperbot_ws_updated/build/bumperbot_cpp_examples': CMAKE_PREFIX_PATH=/opt/ros/humble CONDA_PROMPT_MODIFIER=(base) /usr/bin/cmake --build /home/irman/Documents/ROS-2-Autonomous-Turtlebot/bumperbot_ws_updated/build/bumperbot_cpp_examples -- -j16 -l16
[0.291s] DEBUG:colcon.colcon_core.event_handler.log_command:Invoking command in '/home/irman/Documents/ROS-2-Autonomous-Turtlebot/bumperbot_ws_updated/build/bumperbot_description': CMAKE_PREFIX_PATH=/opt/ros/humble CONDA_PROMPT_MODIFIER=(base) /usr/bin/cmake --build /home/irman/Documents/ROS-2-Autonomous-Turtlebot/bumperbot_ws_updated/build/bumperbot_description -- -j16 -l16
[0.496s] INFO:colcon.colcon_core.task.python.build:Building Python package in '/home/irman/Documents/ROS-2-Autonomous-Turtlebot/bumperbot_ws_updated/src/bumperbot_py_examples'
[0.496s] INFO:colcon.colcon_core.shell:Skip shell extension 'powershell' for command environment: Not usable outside of PowerShell
[0.496s] DEBUG:colcon.colcon_core.shell:Skip shell extension 'dsv' for command environment
[0.500s] DEBUG:colcon.colcon_core.event_handler.log_command:Invoked command in '/home/irman/Documents/ROS-2-Autonomous-Turtlebot/bumperbot_ws_updated/build/bumperbot_description' returned '0': CMAKE_PREFIX_PATH=/opt/ros/humble CONDA_PROMPT_MODIFIER=(base) /usr/bin/cmake --build /home/irman/Documents/ROS-2-Autonomous-Turtlebot/bumperbot_ws_updated/build/bumperbot_description -- -j16 -l16
[0.501s] DEBUG:colcon.colcon_core.event_handler.log_command:Invoked command in '/home/irman/Documents/ROS-2-Autonomous-Turtlebot/bumperbot_ws_updated/build/bumperbot_cpp_examples' returned '0': CMAKE_PREFIX_PATH=/opt/ros/humble CONDA_PROMPT_MODIFIER=(base) /usr/bin/cmake --build /home/irman/Documents/ROS-2-Autonomous-Turtlebot/bumperbot_ws_updated/build/bumperbot_cpp_examples -- -j16 -l16
[0.532s] DEBUG:colcon.colcon_core.event_handler.log_command:Invoking command in '/home/irman/Documents/ROS-2-Autonomous-Turtlebot/bumperbot_ws_updated/build/bumperbot_description': CMAKE_PREFIX_PATH=/opt/ros/humble CONDA_PROMPT_MODIFIER=(base) /usr/bin/cmake --install /home/irman/Documents/ROS-2-Autonomous-Turtlebot/bumperbot_ws_updated/build/bumperbot_description
[0.537s] DEBUG:colcon.colcon_core.event_handler.log_command:Invoking command in '/home/irman/Documents/ROS-2-Autonomous-Turtlebot/bumperbot_ws_updated/build/bumperbot_cpp_examples': CMAKE_PREFIX_PATH=/opt/ros/humble CONDA_PROMPT_MODIFIER=(base) /usr/bin/cmake --install /home/irman/Documents/ROS-2-Autonomous-Turtlebot/bumperbot_ws_updated/build/bumperbot_cpp_examples
[0.543s] Level 1:colcon.colcon_core.environment:create_environment_scripts_only(bumperbot_description)
[0.544s] DEBUG:colcon.colcon_core.event_handler.log_command:Invoked command in '/home/irman/Documents/ROS-2-Autonomous-Turtlebot/bumperbot_ws_updated/build/bumperbot_description' returned '0': CMAKE_PREFIX_PATH=/opt/ros/humble CONDA_PROMPT_MODIFIER=(base) /usr/bin/cmake --install /home/irman/Documents/ROS-2-Autonomous-Turtlebot/bumperbot_ws_updated/build/bumperbot_description
[0.546s] Level 1:colcon.colcon_core.environment:checking '/home/irman/Documents/ROS-2-Autonomous-Turtlebot/bumperbot_ws_updated/install/bumperbot_description' for CMake module files
[0.547s] Level 1:colcon.colcon_core.environment:checking '/home/irman/Documents/ROS-2-Autonomous-Turtlebot/bumperbot_ws_updated/install/bumperbot_description' for CMake config files
[0.548s] Level 1:colcon.colcon_core.shell:create_environment_hook('bumperbot_description', 'cmake_prefix_path')
[0.548s] INFO:colcon.colcon_core.shell:Creating environment hook '/home/irman/Documents/ROS-2-Autonomous-Turtlebot/bumperbot_ws_updated/install/bumperbot_description/share/bumperbot_description/hook/cmake_prefix_path.ps1'
[0.549s] INFO:colcon.colcon_core.shell:Creating environment descriptor '/home/irman/Documents/ROS-2-Autonomous-Turtlebot/bumperbot_ws_updated/install/bumperbot_description/share/bumperbot_description/hook/cmake_prefix_path.dsv'
[0.549s] INFO:colcon.colcon_core.shell:Creating environment hook '/home/irman/Documents/ROS-2-Autonomous-Turtlebot/bumperbot_ws_updated/install/bumperbot_description/share/bumperbot_description/hook/cmake_prefix_path.sh'
[0.550s] Level 1:colcon.colcon_core.environment:checking '/home/irman/Documents/ROS-2-Autonomous-Turtlebot/bumperbot_ws_updated/install/bumperbot_description/bin'
[0.550s] Level 1:colcon.colcon_core.environment:checking '/home/irman/Documents/ROS-2-Autonomous-Turtlebot/bumperbot_ws_updated/install/bumperbot_description/lib/pkgconfig/bumperbot_description.pc'
[0.550s] Level 1:colcon.colcon_core.environment:checking '/home/irman/Documents/ROS-2-Autonomous-Turtlebot/bumperbot_ws_updated/install/bumperbot_description/lib/python3.10/site-packages'
[0.550s] Level 1:colcon.colcon_core.environment:checking '/home/irman/Documents/ROS-2-Autonomous-Turtlebot/bumperbot_ws_updated/install/bumperbot_description/bin'
[0.551s] INFO:colcon.colcon_core.shell:Creating package script '/home/irman/Documents/ROS-2-Autonomous-Turtlebot/bumperbot_ws_updated/install/bumperbot_description/share/bumperbot_description/package.ps1'
[0.551s] INFO:colcon.colcon_core.shell:Creating package descriptor '/home/irman/Documents/ROS-2-Autonomous-Turtlebot/bumperbot_ws_updated/install/bumperbot_description/share/bumperbot_description/package.dsv'
[0.552s] INFO:colcon.colcon_core.shell:Creating package script '/home/irman/Documents/ROS-2-Autonomous-Turtlebot/bumperbot_ws_updated/install/bumperbot_description/share/bumperbot_description/package.sh'
[0.552s] INFO:colcon.colcon_core.shell:Creating package script '/home/irman/Documents/ROS-2-Autonomous-Turtlebot/bumperbot_ws_updated/install/bumperbot_description/share/bumperbot_description/package.bash'
[0.553s] INFO:colcon.colcon_core.shell:Creating package script '/home/irman/Documents/ROS-2-Autonomous-Turtlebot/bumperbot_ws_updated/install/bumperbot_description/share/bumperbot_description/package.zsh'
[0.553s] Level 1:colcon.colcon_core.environment:create_file_with_runtime_dependencies(/home/irman/Documents/ROS-2-Autonomous-Turtlebot/bumperbot_ws_updated/install/bumperbot_description/share/colcon-core/packages/bumperbot_description)
[0.555s] Level 1:colcon.colcon_core.environment:create_environment_scripts_only(bumperbot_cpp_examples)
[0.555s] Level 1:colcon.colcon_core.environment:checking '/home/irman/Documents/ROS-2-Autonomous-Turtlebot/bumperbot_ws_updated/install/bumperbot_cpp_examples' for CMake module files
[0.556s] DEBUG:colcon.colcon_core.event_handler.log_command:Invoked command in '/home/irman/Documents/ROS-2-Autonomous-Turtlebot/bumperbot_ws_updated/build/bumperbot_cpp_examples' returned '0': CMAKE_PREFIX_PATH=/opt/ros/humble CONDA_PROMPT_MODIFIER=(base) /usr/bin/cmake --install /home/irman/Documents/ROS-2-Autonomous-Turtlebot/bumperbot_ws_updated/build/bumperbot_cpp_examples
[0.556s] Level 1:colcon.colcon_core.environment:checking '/home/irman/Documents/ROS-2-Autonomous-Turtlebot/bumperbot_ws_updated/install/bumperbot_cpp_examples' for CMake config files
[0.556s] Level 1:colcon.colcon_core.shell:create_environment_hook('bumperbot_cpp_examples', 'cmake_prefix_path')
[0.556s] INFO:colcon.colcon_core.shell:Creating environment hook '/home/irman/Documents/ROS-2-Autonomous-Turtlebot/bumperbot_ws_updated/install/bumperbot_cpp_examples/share/bumperbot_cpp_examples/hook/cmake_prefix_path.ps1'
[0.557s] INFO:colcon.colcon_core.shell:Creating environment descriptor '/home/irman/Documents/ROS-2-Autonomous-Turtlebot/bumperbot_ws_updated/install/bumperbot_cpp_examples/share/bumperbot_cpp_examples/hook/cmake_prefix_path.dsv'
[0.557s] INFO:colcon.colcon_core.shell:Creating environment hook '/home/irman/Documents/ROS-2-Autonomous-Turtlebot/bumperbot_ws_updated/install/bumperbot_cpp_examples/share/bumperbot_cpp_examples/hook/cmake_prefix_path.sh'
[0.557s] Level 1:colcon.colcon_core.environment:checking '/home/irman/Documents/ROS-2-Autonomous-Turtlebot/bumperbot_ws_updated/install/bumperbot_cpp_examples/lib'
[0.558s] Level 1:colcon.colcon_core.environment:checking '/home/irman/Documents/ROS-2-Autonomous-Turtlebot/bumperbot_ws_updated/install/bumperbot_cpp_examples/bin'
[0.558s] Level 1:colcon.colcon_core.environment:checking '/home/irman/Documents/ROS-2-Autonomous-Turtlebot/bumperbot_ws_updated/install/bumperbot_cpp_examples/lib/pkgconfig/bumperbot_cpp_examples.pc'
[0.558s] Level 1:colcon.colcon_core.environment:checking '/home/irman/Documents/ROS-2-Autonomous-Turtlebot/bumperbot_ws_updated/install/bumperbot_cpp_examples/lib/python3.10/site-packages'
[0.558s] Level 1:colcon.colcon_core.environment:checking '/home/irman/Documents/ROS-2-Autonomous-Turtlebot/bumperbot_ws_updated/install/bumperbot_cpp_examples/bin'
[0.558s] INFO:colcon.colcon_core.shell:Creating package script '/home/irman/Documents/ROS-2-Autonomous-Turtlebot/bumperbot_ws_updated/install/bumperbot_cpp_examples/share/bumperbot_cpp_examples/package.ps1'
[0.559s] INFO:colcon.colcon_core.shell:Creating package descriptor '/home/irman/Documents/ROS-2-Autonomous-Turtlebot/bumperbot_ws_updated/install/bumperbot_cpp_examples/share/bumperbot_cpp_examples/package.dsv'
[0.559s] INFO:colcon.colcon_core.shell:Creating package script '/home/irman/Documents/ROS-2-Autonomous-Turtlebot/bumperbot_ws_updated/install/bumperbot_cpp_examples/share/bumperbot_cpp_examples/package.sh'
[0.559s] INFO:colcon.colcon_core.shell:Creating package script '/home/irman/Documents/ROS-2-Autonomous-Turtlebot/bumperbot_ws_updated/install/bumperbot_cpp_examples/share/bumperbot_cpp_examples/package.bash'
[0.560s] INFO:colcon.colcon_core.shell:Creating package script '/home/irman/Documents/ROS-2-Autonomous-Turtlebot/bumperbot_ws_updated/install/bumperbot_cpp_examples/share/bumperbot_cpp_examples/package.zsh'
[0.560s] Level 1:colcon.colcon_core.environment:create_file_with_runtime_dependencies(/home/irman/Documents/ROS-2-Autonomous-Turtlebot/bumperbot_ws_updated/install/bumperbot_cpp_examples/share/colcon-core/packages/bumperbot_cpp_examples)
[0.574s] DEBUG:colcon.colcon_core.event_handler.log_command:Invoked command in '/home/irman/Documents/ROS-2-Autonomous-Turtlebot/bumperbot_ws_updated/build/bumperbot_controller' returned '0': CMAKE_PREFIX_PATH=/opt/ros/humble CONDA_PROMPT_MODIFIER=(base) /usr/bin/cmake --build /home/irman/Documents/ROS-2-Autonomous-Turtlebot/bumperbot_ws_updated/build/bumperbot_controller -- -j16 -l16
[0.576s] Level 1:colcon.colcon_core.environment:create_environment_scripts_only(bumperbot_description)
[0.577s] Level 1:colcon.colcon_core.environment:checking '/home/irman/Documents/ROS-2-Autonomous-Turtlebot/bumperbot_ws_updated/install/bumperbot_description' for CMake module files
[0.577s] Level 1:colcon.colcon_core.environment:checking '/home/irman/Documents/ROS-2-Autonomous-Turtlebot/bumperbot_ws_updated/install/bumperbot_description' for CMake config files
[0.577s] Level 1:colcon.colcon_core.shell:create_environment_hook('bumperbot_description', 'cmake_prefix_path')
[0.577s] INFO:colcon.colcon_core.shell:Creating environment hook '/home/irman/Documents/ROS-2-Autonomous-Turtlebot/bumperbot_ws_updated/install/bumperbot_description/share/bumperbot_description/hook/cmake_prefix_path.ps1'
[0.578s] INFO:colcon.colcon_core.shell:Creating environment descriptor '/home/irman/Documents/ROS-2-Autonomous-Turtlebot/bumperbot_ws_updated/install/bumperbot_description/share/bumperbot_description/hook/cmake_prefix_path.dsv'
[0.578s] INFO:colcon.colcon_core.shell:Creating environment hook '/home/irman/Documents/ROS-2-Autonomous-Turtlebot/bumperbot_ws_updated/install/bumperbot_description/share/bumperbot_description/hook/cmake_prefix_path.sh'
[0.578s] Level 1:colcon.colcon_core.environment:checking '/home/irman/Documents/ROS-2-Autonomous-Turtlebot/bumperbot_ws_updated/install/bumperbot_description/bin'
[0.578s] Level 1:colcon.colcon_core.environment:checking '/home/irman/Documents/ROS-2-Autonomous-Turtlebot/bumperbot_ws_updated/install/bumperbot_description/lib/pkgconfig/bumperbot_description.pc'
[0.579s] Level 1:colcon.colcon_core.environment:checking '/home/irman/Documents/ROS-2-Autonomous-Turtlebot/bumperbot_ws_updated/install/bumperbot_description/lib/python3.10/site-packages'
[0.579s] Level 1:colcon.colcon_core.environment:checking '/home/irman/Documents/ROS-2-Autonomous-Turtlebot/bumperbot_ws_updated/install/bumperbot_description/bin'
[0.579s] INFO:colcon.colcon_core.shell:Creating package script '/home/irman/Documents/ROS-2-Autonomous-Turtlebot/bumperbot_ws_updated/install/bumperbot_description/share/bumperbot_description/package.ps1'
[0.580s] INFO:colcon.colcon_core.shell:Creating package descriptor '/home/irman/Documents/ROS-2-Autonomous-Turtlebot/bumperbot_ws_updated/install/bumperbot_description/share/bumperbot_description/package.dsv'
[0.580s] INFO:colcon.colcon_core.shell:Creating package script '/home/irman/Documents/ROS-2-Autonomous-Turtlebot/bumperbot_ws_updated/install/bumperbot_description/share/bumperbot_description/package.sh'
[0.580s] INFO:colcon.colcon_core.shell:Creating package script '/home/irman/Documents/ROS-2-Autonomous-Turtlebot/bumperbot_ws_updated/install/bumperbot_description/share/bumperbot_description/package.bash'
[0.580s] INFO:colcon.colcon_core.shell:Creating package script '/home/irman/Documents/ROS-2-Autonomous-Turtlebot/bumperbot_ws_updated/install/bumperbot_description/share/bumperbot_description/package.zsh'
[0.581s] Level 1:colcon.colcon_core.environment:create_file_with_runtime_dependencies(/home/irman/Documents/ROS-2-Autonomous-Turtlebot/bumperbot_ws_updated/install/bumperbot_description/share/colcon-core/packages/bumperbot_description)
[0.595s] Level 1:colcon.colcon_core.environment:create_environment_scripts_only(bumperbot_cpp_examples)
[0.595s] Level 1:colcon.colcon_core.environment:checking '/home/irman/Documents/ROS-2-Autonomous-Turtlebot/bumperbot_ws_updated/install/bumperbot_cpp_examples' for CMake module files
[0.596s] Level 1:colcon.colcon_core.environment:checking '/home/irman/Documents/ROS-2-Autonomous-Turtlebot/bumperbot_ws_updated/install/bumperbot_cpp_examples' for CMake config files
[0.596s] Level 1:colcon.colcon_core.shell:create_environment_hook('bumperbot_cpp_examples', 'cmake_prefix_path')
[0.596s] INFO:colcon.colcon_core.shell:Creating environment hook '/home/irman/Documents/ROS-2-Autonomous-Turtlebot/bumperbot_ws_updated/install/bumperbot_cpp_examples/share/bumperbot_cpp_examples/hook/cmake_prefix_path.ps1'
[0.597s] INFO:colcon.colcon_core.shell:Creating environment descriptor '/home/irman/Documents/ROS-2-Autonomous-Turtlebot/bumperbot_ws_updated/install/bumperbot_cpp_examples/share/bumperbot_cpp_examples/hook/cmake_prefix_path.dsv'
[0.597s] INFO:colcon.colcon_core.shell:Creating environment hook '/home/irman/Documents/ROS-2-Autonomous-Turtlebot/bumperbot_ws_updated/install/bumperbot_cpp_examples/share/bumperbot_cpp_examples/hook/cmake_prefix_path.sh'
[0.597s] Level 1:colcon.colcon_core.environment:checking '/home/irman/Documents/ROS-2-Autonomous-Turtlebot/bumperbot_ws_updated/install/bumperbot_cpp_examples/lib'
[0.597s] Level 1:colcon.colcon_core.environment:checking '/home/irman/Documents/ROS-2-Autonomous-Turtlebot/bumperbot_ws_updated/install/bumperbot_cpp_examples/bin'
[0.597s] Level 1:colcon.colcon_core.environment:checking '/home/irman/Documents/ROS-2-Autonomous-Turtlebot/bumperbot_ws_updated/install/bumperbot_cpp_examples/lib/pkgconfig/bumperbot_cpp_examples.pc'
[0.598s] Level 1:colcon.colcon_core.environment:checking '/home/irman/Documents/ROS-2-Autonomous-Turtlebot/bumperbot_ws_updated/install/bumperbot_cpp_examples/lib/python3.10/site-packages'
[0.598s] Level 1:colcon.colcon_core.environment:checking '/home/irman/Documents/ROS-2-Autonomous-Turtlebot/bumperbot_ws_updated/install/bumperbot_cpp_examples/bin'
[0.598s] INFO:colcon.colcon_core.shell:Creating package script '/home/irman/Documents/ROS-2-Autonomous-Turtlebot/bumperbot_ws_updated/install/bumperbot_cpp_examples/share/bumperbot_cpp_examples/package.ps1'
[0.598s] INFO:colcon.colcon_core.shell:Creating package descriptor '/home/irman/Documents/ROS-2-Autonomous-Turtlebot/bumperbot_ws_updated/install/bumperbot_cpp_examples/share/bumperbot_cpp_examples/package.dsv'
[0.599s] INFO:colcon.colcon_core.shell:Creating package script '/home/irman/Documents/ROS-2-Autonomous-Turtlebot/bumperbot_ws_updated/install/bumperbot_cpp_examples/share/bumperbot_cpp_examples/package.sh'
[0.599s] INFO:colcon.colcon_core.shell:Creating package script '/home/irman/Documents/ROS-2-Autonomous-Turtlebot/bumperbot_ws_updated/install/bumperbot_cpp_examples/share/bumperbot_cpp_examples/package.bash'
[0.599s] INFO:colcon.colcon_core.shell:Creating package script '/home/irman/Documents/ROS-2-Autonomous-Turtlebot/bumperbot_ws_updated/install/bumperbot_cpp_examples/share/bumperbot_cpp_examples/package.zsh'
[0.600s] Level 1:colcon.colcon_core.environment:create_file_with_runtime_dependencies(/home/irman/Documents/ROS-2-Autonomous-Turtlebot/bumperbot_ws_updated/install/bumperbot_cpp_examples/share/colcon-core/packages/bumperbot_cpp_examples)
[0.602s] DEBUG:colcon.colcon_core.event_handler.log_command:Invoking command in '/home/irman/Documents/ROS-2-Autonomous-Turtlebot/bumperbot_ws_updated/build/bumperbot_controller': CMAKE_PREFIX_PATH=/opt/ros/humble CONDA_PROMPT_MODIFIER=(base) /usr/bin/cmake --install /home/irman/Documents/ROS-2-Autonomous-Turtlebot/bumperbot_ws_updated/build/bumperbot_controller
[0.640s] Level 1:colcon.colcon_core.environment:create_environment_scripts_only(bumperbot_controller)
[0.641s] Level 1:colcon.colcon_core.environment:checking '/home/irman/Documents/ROS-2-Autonomous-Turtlebot/bumperbot_ws_updated/install/bumperbot_controller' for CMake module files
[0.641s] DEBUG:colcon.colcon_core.event_handler.log_command:Invoked command in '/home/irman/Documents/ROS-2-Autonomous-Turtlebot/bumperbot_ws_updated/build/bumperbot_controller' returned '0': CMAKE_PREFIX_PATH=/opt/ros/humble CONDA_PROMPT_MODIFIER=(base) /usr/bin/cmake --install /home/irman/Documents/ROS-2-Autonomous-Turtlebot/bumperbot_ws_updated/build/bumperbot_controller
[0.642s] Level 1:colcon.colcon_core.environment:checking '/home/irman/Documents/ROS-2-Autonomous-Turtlebot/bumperbot_ws_updated/install/bumperbot_controller' for CMake config files
[0.642s] Level 1:colcon.colcon_core.shell:create_environment_hook('bumperbot_controller', 'cmake_prefix_path')
[0.642s] INFO:colcon.colcon_core.shell:Creating environment hook '/home/irman/Documents/ROS-2-Autonomous-Turtlebot/bumperbot_ws_updated/install/bumperbot_controller/share/bumperbot_controller/hook/cmake_prefix_path.ps1'
[0.642s] INFO:colcon.colcon_core.shell:Creating environment descriptor '/home/irman/Documents/ROS-2-Autonomous-Turtlebot/bumperbot_ws_updated/install/bumperbot_controller/share/bumperbot_controller/hook/cmake_prefix_path.dsv'
[0.642s] INFO:colcon.colcon_core.shell:Creating environment hook '/home/irman/Documents/ROS-2-Autonomous-Turtlebot/bumperbot_ws_updated/install/bumperbot_controller/share/bumperbot_controller/hook/cmake_prefix_path.sh'
[0.643s] Level 1:colcon.colcon_core.environment:checking '/home/irman/Documents/ROS-2-Autonomous-Turtlebot/bumperbot_ws_updated/install/bumperbot_controller/lib'
[0.643s] Level 1:colcon.colcon_core.environment:checking '/home/irman/Documents/ROS-2-Autonomous-Turtlebot/bumperbot_ws_updated/install/bumperbot_controller/bin'
[0.643s] Level 1:colcon.colcon_core.environment:checking '/home/irman/Documents/ROS-2-Autonomous-Turtlebot/bumperbot_ws_updated/install/bumperbot_controller/lib/pkgconfig/bumperbot_controller.pc'
[0.643s] Level 1:colcon.colcon_core.environment:checking '/home/irman/Documents/ROS-2-Autonomous-Turtlebot/bumperbot_ws_updated/install/bumperbot_controller/lib/python3.10/site-packages'
[0.643s] Level 1:colcon.colcon_core.environment:checking '/home/irman/Documents/ROS-2-Autonomous-Turtlebot/bumperbot_ws_updated/install/bumperbot_controller/bin'
[0.643s] INFO:colcon.colcon_core.shell:Creating package script '/home/irman/Documents/ROS-2-Autonomous-Turtlebot/bumperbot_ws_updated/install/bumperbot_controller/share/bumperbot_controller/package.ps1'
[0.644s] INFO:colcon.colcon_core.shell:Creating package descriptor '/home/irman/Documents/ROS-2-Autonomous-Turtlebot/bumperbot_ws_updated/install/bumperbot_controller/share/bumperbot_controller/package.dsv'
[0.644s] INFO:colcon.colcon_core.shell:Creating package script '/home/irman/Documents/ROS-2-Autonomous-Turtlebot/bumperbot_ws_updated/install/bumperbot_controller/share/bumperbot_controller/package.sh'
[0.644s] INFO:colcon.colcon_core.shell:Creating package script '/home/irman/Documents/ROS-2-Autonomous-Turtlebot/bumperbot_ws_updated/install/bumperbot_controller/share/bumperbot_controller/package.bash'
[0.645s] INFO:colcon.colcon_core.shell:Creating package script '/home/irman/Documents/ROS-2-Autonomous-Turtlebot/bumperbot_ws_updated/install/bumperbot_controller/share/bumperbot_controller/package.zsh'
[0.645s] Level 1:colcon.colcon_core.environment:create_file_with_runtime_dependencies(/home/irman/Documents/ROS-2-Autonomous-Turtlebot/bumperbot_ws_updated/install/bumperbot_controller/share/colcon-core/packages/bumperbot_controller)
[0.678s] Level 1:colcon.colcon_core.environment:create_environment_scripts_only(bumperbot_controller)
[0.678s] Level 1:colcon.colcon_core.environment:checking '/home/irman/Documents/ROS-2-Autonomous-Turtlebot/bumperbot_ws_updated/install/bumperbot_controller' for CMake module files
[0.679s] Level 1:colcon.colcon_core.environment:checking '/home/irman/Documents/ROS-2-Autonomous-Turtlebot/bumperbot_ws_updated/install/bumperbot_controller' for CMake config files
[0.679s] Level 1:colcon.colcon_core.shell:create_environment_hook('bumperbot_controller', 'cmake_prefix_path')
[0.679s] INFO:colcon.colcon_core.shell:Creating environment hook '/home/irman/Documents/ROS-2-Autonomous-Turtlebot/bumperbot_ws_updated/install/bumperbot_controller/share/bumperbot_controller/hook/cmake_prefix_path.ps1'
[0.680s] INFO:colcon.colcon_core.shell:Creating environment descriptor '/home/irman/Documents/ROS-2-Autonomous-Turtlebot/bumperbot_ws_updated/install/bumperbot_controller/share/bumperbot_controller/hook/cmake_prefix_path.dsv'
[0.680s] INFO:colcon.colcon_core.shell:Creating environment hook '/home/irman/Documents/ROS-2-Autonomous-Turtlebot/bumperbot_ws_updated/install/bumperbot_controller/share/bumperbot_controller/hook/cmake_prefix_path.sh'
[0.680s] Level 1:colcon.colcon_core.environment:checking '/home/irman/Documents/ROS-2-Autonomous-Turtlebot/bumperbot_ws_updated/install/bumperbot_controller/lib'
[0.681s] Level 1:colcon.colcon_core.environment:checking '/home/irman/Documents/ROS-2-Autonomous-Turtlebot/bumperbot_ws_updated/install/bumperbot_controller/bin'
[0.681s] Level 1:colcon.colcon_core.environment:checking '/home/irman/Documents/ROS-2-Autonomous-Turtlebot/bumperbot_ws_updated/install/bumperbot_controller/lib/pkgconfig/bumperbot_controller.pc'
[0.681s] Level 1:colcon.colcon_core.environment:checking '/home/irman/Documents/ROS-2-Autonomous-Turtlebot/bumperbot_ws_updated/install/bumperbot_controller/lib/python3.10/site-packages'
[0.681s] Level 1:colcon.colcon_core.environment:checking '/home/irman/Documents/ROS-2-Autonomous-Turtlebot/bumperbot_ws_updated/install/bumperbot_controller/bin'
[0.681s] INFO:colcon.colcon_core.shell:Creating package script '/home/irman/Documents/ROS-2-Autonomous-Turtlebot/bumperbot_ws_updated/install/bumperbot_controller/share/bumperbot_controller/package.ps1'
[0.682s] INFO:colcon.colcon_core.shell:Creating package descriptor '/home/irman/Documents/ROS-2-Autonomous-Turtlebot/bumperbot_ws_updated/install/bumperbot_controller/share/bumperbot_controller/package.dsv'
[0.682s] INFO:colcon.colcon_core.shell:Creating package script '/home/irman/Documents/ROS-2-Autonomous-Turtlebot/bumperbot_ws_updated/install/bumperbot_controller/share/bumperbot_controller/package.sh'
[0.683s] INFO:colcon.colcon_core.shell:Creating package script '/home/irman/Documents/ROS-2-Autonomous-Turtlebot/bumperbot_ws_updated/install/bumperbot_controller/share/bumperbot_controller/package.bash'
[0.683s] INFO:colcon.colcon_core.shell:Creating package script '/home/irman/Documents/ROS-2-Autonomous-Turtlebot/bumperbot_ws_updated/install/bumperbot_controller/share/bumperbot_controller/package.zsh'
[0.684s] Level 1:colcon.colcon_core.environment:create_file_with_runtime_dependencies(/home/irman/Documents/ROS-2-Autonomous-Turtlebot/bumperbot_ws_updated/install/bumperbot_controller/share/colcon-core/packages/bumperbot_controller)
[0.789s] DEBUG:colcon.colcon_core.event_handler.log_command:Invoking command in '/home/irman/Documents/ROS-2-Autonomous-Turtlebot/bumperbot_ws_updated/src/bumperbot_py_examples': CONDA_PROMPT_MODIFIER=(base) PYTHONPATH=/home/irman/Documents/ROS-2-Autonomous-Turtlebot/bumperbot_ws_updated/build/bumperbot_py_examples/prefix_override:/home/irman/Documents/ROS-2-Autonomous-Turtlebot/bumperbot_ws_updated/install/bumperbot_py_examples/lib/python3.10/site-packages:${PYTHONPATH} /usr/bin/python3 -W ignore:setup.py install is deprecated setup.py egg_info --egg-base ../../build/bumperbot_py_examples build --build-base /home/irman/Documents/ROS-2-Autonomous-Turtlebot/bumperbot_ws_updated/build/bumperbot_py_examples/build install --record /home/irman/Documents/ROS-2-Autonomous-Turtlebot/bumperbot_ws_updated/build/bumperbot_py_examples/install.log --single-version-externally-managed install_data
[1.006s] Level 1:colcon.colcon_core.environment:checking '/home/irman/Documents/ROS-2-Autonomous-Turtlebot/bumperbot_ws_updated/install/bumperbot_py_examples' for CMake module files
[1.006s] DEBUG:colcon.colcon_core.event_handler.log_command:Invoked command in '/home/irman/Documents/ROS-2-Autonomous-Turtlebot/bumperbot_ws_updated/src/bumperbot_py_examples' returned '0': CONDA_PROMPT_MODIFIER=(base) PYTHONPATH=/home/irman/Documents/ROS-2-Autonomous-Turtlebot/bumperbot_ws_updated/build/bumperbot_py_examples/prefix_override:/home/irman/Documents/ROS-2-Autonomous-Turtlebot/bumperbot_ws_updated/install/bumperbot_py_examples/lib/python3.10/site-packages:${PYTHONPATH} /usr/bin/python3 -W ignore:setup.py install is deprecated setup.py egg_info --egg-base ../../build/bumperbot_py_examples build --build-base /home/irman/Documents/ROS-2-Autonomous-Turtlebot/bumperbot_ws_updated/build/bumperbot_py_examples/build install --record /home/irman/Documents/ROS-2-Autonomous-Turtlebot/bumperbot_ws_updated/build/bumperbot_py_examples/install.log --single-version-externally-managed install_data
[1.006s] Level 1:colcon.colcon_core.environment:checking '/home/irman/Documents/ROS-2-Autonomous-Turtlebot/bumperbot_ws_updated/install/bumperbot_py_examples' for CMake config files
[1.007s] Level 1:colcon.colcon_core.environment:checking '/home/irman/Documents/ROS-2-Autonomous-Turtlebot/bumperbot_ws_updated/install/bumperbot_py_examples/lib'
[1.007s] Level 1:colcon.colcon_core.environment:checking '/home/irman/Documents/ROS-2-Autonomous-Turtlebot/bumperbot_ws_updated/install/bumperbot_py_examples/bin'
[1.007s] Level 1:colcon.colcon_core.environment:checking '/home/irman/Documents/ROS-2-Autonomous-Turtlebot/bumperbot_ws_updated/install/bumperbot_py_examples/lib/pkgconfig/bumperbot_py_examples.pc'
[1.007s] Level 1:colcon.colcon_core.environment:checking '/home/irman/Documents/ROS-2-Autonomous-Turtlebot/bumperbot_ws_updated/install/bumperbot_py_examples/lib/python3.10/site-packages'
[1.007s] Level 1:colcon.colcon_core.shell:create_environment_hook('bumperbot_py_examples', 'pythonpath')
[1.007s] INFO:colcon.colcon_core.shell:Creating environment hook '/home/irman/Documents/ROS-2-Autonomous-Turtlebot/bumperbot_ws_updated/install/bumperbot_py_examples/share/bumperbot_py_examples/hook/pythonpath.ps1'
[1.008s] INFO:colcon.colcon_core.shell:Creating environment descriptor '/home/irman/Documents/ROS-2-Autonomous-Turtlebot/bumperbot_ws_updated/install/bumperbot_py_examples/share/bumperbot_py_examples/hook/pythonpath.dsv'
[1.008s] INFO:colcon.colcon_core.shell:Creating environment hook '/home/irman/Documents/ROS-2-Autonomous-Turtlebot/bumperbot_ws_updated/install/bumperbot_py_examples/share/bumperbot_py_examples/hook/pythonpath.sh'
[1.008s] Level 1:colcon.colcon_core.environment:checking '/home/irman/Documents/ROS-2-Autonomous-Turtlebot/bumperbot_ws_updated/install/bumperbot_py_examples/bin'
[1.008s] Level 1:colcon.colcon_core.environment:create_environment_scripts_only(bumperbot_py_examples)
[1.009s] INFO:colcon.colcon_core.shell:Creating package script '/home/irman/Documents/ROS-2-Autonomous-Turtlebot/bumperbot_ws_updated/install/bumperbot_py_examples/share/bumperbot_py_examples/package.ps1'
[1.009s] INFO:colcon.colcon_core.shell:Creating package descriptor '/home/irman/Documents/ROS-2-Autonomous-Turtlebot/bumperbot_ws_updated/install/bumperbot_py_examples/share/bumperbot_py_examples/package.dsv'
[1.009s] INFO:colcon.colcon_core.shell:Creating package script '/home/irman/Documents/ROS-2-Autonomous-Turtlebot/bumperbot_ws_updated/install/bumperbot_py_examples/share/bumperbot_py_examples/package.sh'
[1.010s] INFO:colcon.colcon_core.shell:Creating package script '/home/irman/Documents/ROS-2-Autonomous-Turtlebot/bumperbot_ws_updated/install/bumperbot_py_examples/share/bumperbot_py_examples/package.bash'
[1.010s] INFO:colcon.colcon_core.shell:Creating package script '/home/irman/Documents/ROS-2-Autonomous-Turtlebot/bumperbot_ws_updated/install/bumperbot_py_examples/share/bumperbot_py_examples/package.zsh'
[1.010s] Level 1:colcon.colcon_core.environment:create_file_with_runtime_dependencies(/home/irman/Documents/ROS-2-Autonomous-Turtlebot/bumperbot_ws_updated/install/bumperbot_py_examples/share/colcon-core/packages/bumperbot_py_examples)
[1.010s] DEBUG:colcon.colcon_parallel_executor.executor.parallel:closing loop
[1.010s] DEBUG:colcon.colcon_parallel_executor.executor.parallel:loop closed
[1.011s] DEBUG:colcon.colcon_parallel_executor.executor.parallel:run_until_complete finished with '0'
[1.011s] DEBUG:colcon.colcon_core.event_reactor:joining thread
[1.015s] INFO:colcon.colcon_core.plugin_system:Skipping extension 'colcon_notification.desktop_notification.terminal_notifier': Not used on non-Darwin systems
[1.015s] INFO:colcon.colcon_core.plugin_system:Skipping extension 'colcon_notification.desktop_notification.win32': Not used on non-Windows systems
[1.015s] INFO:colcon.colcon_notification.desktop_notification:Sending desktop notification using 'notify2'
[1.025s] DEBUG:colcon.colcon_core.event_reactor:joined thread
[1.025s] INFO:colcon.colcon_core.shell:Creating prefix script '/home/irman/Documents/ROS-2-Autonomous-Turtlebot/bumperbot_ws_updated/install/local_setup.ps1'
[1.027s] INFO:colcon.colcon_core.shell:Creating prefix util module '/home/irman/Documents/ROS-2-Autonomous-Turtlebot/bumperbot_ws_updated/install/_local_setup_util_ps1.py'
[1.028s] INFO:colcon.colcon_core.shell:Creating prefix chain script '/home/irman/Documents/ROS-2-Autonomous-Turtlebot/bumperbot_ws_updated/install/setup.ps1'
[1.028s] INFO:colcon.colcon_core.shell:Creating prefix script '/home/irman/Documents/ROS-2-Autonomous-Turtlebot/bumperbot_ws_updated/install/local_setup.sh'
[1.028s] INFO:colcon.colcon_core.shell:Creating prefix util module '/home/irman/Documents/ROS-2-Autonomous-Turtlebot/bumperbot_ws_updated/install/_local_setup_util_sh.py'
[1.029s] INFO:colcon.colcon_core.shell:Creating prefix chain script '/home/irman/Documents/ROS-2-Autonomous-Turtlebot/bumperbot_ws_updated/install/setup.sh'
[1.029s] INFO:colcon.colcon_core.shell:Creating prefix script '/home/irman/Documents/ROS-2-Autonomous-Turtlebot/bumperbot_ws_updated/install/local_setup.bash'
[1.030s] INFO:colcon.colcon_core.shell:Creating prefix chain script '/home/irman/Documents/ROS-2-Autonomous-Turtlebot/bumperbot_ws_updated/install/setup.bash'
[1.030s] INFO:colcon.colcon_core.shell:Creating prefix script '/home/irman/Documents/ROS-2-Autonomous-Turtlebot/bumperbot_ws_updated/install/local_setup.zsh'
[1.031s] INFO:colcon.colcon_core.shell:Creating prefix chain script '/home/irman/Documents/ROS-2-Autonomous-Turtlebot/bumperbot_ws_updated/install/setup.zsh'
