[0.622s] Invoking command in '/home/irman/Documents/Github Projects/ROS-2-Autonomous-Turtlebot/bumperbot_ws/src/bumperbot_py_examples': PYTHONPATH=/home/irman/Documents/Github Projects/ROS-2-Autonomous-Turtlebot/bumperbot_ws/build/bumperbot_py_examples/prefix_override:/home/irman/Documents/Github Projects/ROS-2-Autonomous-Turtlebot/bumperbot_ws/install/bumperbot_py_examples/lib/python3.10/site-packages:${PYTHONPATH} /usr/bin/python3 -W ignore:setup.py install is deprecated setup.py egg_info --egg-base ../../build/bumperbot_py_examples build --build-base /home/irman/Documents/Github Projects/ROS-2-Autonomous-Turtlebot/bumperbot_ws/build/bumperbot_py_examples/build install --record /home/irman/Documents/Github Projects/ROS-2-Autonomous-Turtlebot/bumperbot_ws/build/bumperbot_py_examples/install.log --single-version-externally-managed install_data
[0.773s] running egg_info
[0.783s] writing ../../build/bumperbot_py_examples/bumperbot_py_examples.egg-info/PKG-INFO
[0.784s] writing dependency_links to ../../build/bumperbot_py_examples/bumperbot_py_examples.egg-info/dependency_links.txt
[0.784s] writing entry points to ../../build/bumperbot_py_examples/bumperbot_py_examples.egg-info/entry_points.txt
[0.784s] writing requirements to ../../build/bumperbot_py_examples/bumperbot_py_examples.egg-info/requires.txt
[0.785s] writing top-level names to ../../build/bumperbot_py_examples/bumperbot_py_examples.egg-info/top_level.txt
[0.806s] reading manifest file '../../build/bumperbot_py_examples/bumperbot_py_examples.egg-info/SOURCES.txt'
[0.807s] writing manifest file '../../build/bumperbot_py_examples/bumperbot_py_examples.egg-info/SOURCES.txt'
[0.807s] running build
[0.807s] running build_py
[0.807s] copying bumperbot_py_examples/__init__.py -> /home/irman/Documents/Github Projects/ROS-2-Autonomous-Turtlebot/bumperbot_ws/build/bumperbot_py_examples/build/lib/bumperbot_py_examples
[0.808s] copying bumperbot_py_examples/simple_publisher.py -> /home/irman/Documents/Github Projects/ROS-2-Autonomous-Turtlebot/bumperbot_ws/build/bumperbot_py_examples/build/lib/bumperbot_py_examples
[0.808s] running install
[0.812s] running install_lib
[0.822s] copying /home/irman/Documents/Github Projects/ROS-2-Autonomous-Turtlebot/bumperbot_ws/build/bumperbot_py_examples/build/lib/bumperbot_py_examples/simple_publisher.py -> /home/irman/Documents/Github Projects/ROS-2-Autonomous-Turtlebot/bumperbot_ws/install/bumperbot_py_examples/lib/python3.10/site-packages/bumperbot_py_examples
[0.822s] byte-compiling /home/irman/Documents/Github Projects/ROS-2-Autonomous-Turtlebot/bumperbot_ws/install/bumperbot_py_examples/lib/python3.10/site-packages/bumperbot_py_examples/simple_publisher.py to simple_publisher.cpython-310.pyc
[0.823s] running install_data
[0.823s] copying resource/bumperbot_py_examples -> /home/irman/Documents/Github Projects/ROS-2-Autonomous-Turtlebot/bumperbot_ws/install/bumperbot_py_examples/share/ament_index/resource_index/packages
[0.823s] copying package.xml -> /home/irman/Documents/Github Projects/ROS-2-Autonomous-Turtlebot/bumperbot_ws/install/bumperbot_py_examples/share/bumperbot_py_examples
[0.823s] running install_egg_info
[0.833s] removing '/home/irman/Documents/Github Projects/ROS-2-Autonomous-Turtlebot/bumperbot_ws/install/bumperbot_py_examples/lib/python3.10/site-packages/bumperbot_py_examples-0.0.0-py3.10.egg-info' (and everything under it)
[0.833s] Copying ../../build/bumperbot_py_examples/bumperbot_py_examples.egg-info to /home/irman/Documents/Github Projects/ROS-2-Autonomous-Turtlebot/bumperbot_ws/install/bumperbot_py_examples/lib/python3.10/site-packages/bumperbot_py_examples-0.0.0-py3.10.egg-info
[0.834s] running install_scripts
[0.920s] Installing simple_publisher script to /home/irman/Documents/Github Projects/ROS-2-Autonomous-Turtlebot/bumperbot_ws/install/bumperbot_py_examples/lib/bumperbot_py_examples
[0.921s] writing list of installed files to '/home/irman/Documents/Github Projects/ROS-2-Autonomous-Turtlebot/bumperbot_ws/build/bumperbot_py_examples/install.log'
[0.947s] Invoked command in '/home/irman/Documents/Github Projects/ROS-2-Autonomous-Turtlebot/bumperbot_ws/src/bumperbot_py_examples' returned '0': PYTHONPATH=/home/irman/Documents/Github Projects/ROS-2-Autonomous-Turtlebot/bumperbot_ws/build/bumperbot_py_examples/prefix_override:/home/irman/Documents/Github Projects/ROS-2-Autonomous-Turtlebot/bumperbot_ws/install/bumperbot_py_examples/lib/python3.10/site-packages:${PYTHONPATH} /usr/bin/python3 -W ignore:setup.py install is deprecated setup.py egg_info --egg-base ../../build/bumperbot_py_examples build --build-base /home/irman/Documents/Github Projects/ROS-2-Autonomous-Turtlebot/bumperbot_ws/build/bumperbot_py_examples/build install --record /home/irman/Documents/Github Projects/ROS-2-Autonomous-Turtlebot/bumperbot_ws/build/bumperbot_py_examples/install.log --single-version-externally-managed install_data
