[0.013s] Invoking command in '/home/irman/Documents/Github_Projects/ROS-2-Autonomous-Turtlebot/bumperbot_ws/build/bumperbot_description': CMAKE_PREFIX_PATH=${CMAKE_PREFIX_PATH}:/home/irman/Documents/Github_Projects/ROS-2-Autonomous-Turtlebot/bumperbot_ws/install/bumperbot_py_examples:/home/irman/Documents/Github Projects/ROS-2-Autonomous-Turtlebot/bumperbot_ws/install/bumperbot_py_examples:/opt/ros/humble /usr/bin/cmake /home/irman/Documents/Github_Projects/ROS-2-Autonomous-Turtlebot/bumperbot_ws/src/bumperbot_description -DCMAKE_INSTALL_PREFIX=/home/irman/Documents/Github_Projects/ROS-2-Autonomous-Turtlebot/bumperbot_ws/install/bumperbot_description
[0.064s] -- The C compiler identification is GNU 11.4.0
[0.114s] -- The CXX compiler identification is GNU 11.4.0
[0.122s] -- Detecting C compiler ABI info
[0.183s] -- Detecting C compiler ABI info - done
[0.190s] -- Check for working C compiler: /usr/bin/cc - skipped
[0.191s] -- Detecting C compile features
[0.191s] -- Detecting C compile features - done
[0.194s] -- Detecting CXX compiler ABI info
[0.265s] -- Detecting CXX compiler ABI info - done
[0.272s] -- Check for working CXX compiler: /usr/bin/c++ - skipped
[0.273s] -- Detecting CXX compile features
[0.273s] -- Detecting CXX compile features - done
[0.276s] -- Found ament_cmake: 1.3.8 (/opt/ros/humble/share/ament_cmake/cmake)
[0.631s] -- Found Python3: /usr/bin/python3 (found version "3.10.12") found components: Interpreter 
[0.719s] -- Found ament_lint_auto: 0.12.10 (/opt/ros/humble/share/ament_lint_auto/cmake)
[0.795s] -- Added test 'flake8' to check Python code syntax and style conventions
[0.796s] -- Added test 'lint_cmake' to check CMake code style
[0.796s] -- Added test 'pep257' to check Python code against some of the docstring style conventions in PEP 257
[0.798s] -- Added test 'xmllint' to check XML markup files
[0.799s] -- Configuring done
[0.801s] -- Generating done
[0.802s] -- Build files have been written to: /home/irman/Documents/Github_Projects/ROS-2-Autonomous-Turtlebot/bumperbot_ws/build/bumperbot_description
[0.806s] Invoked command in '/home/irman/Documents/Github_Projects/ROS-2-Autonomous-Turtlebot/bumperbot_ws/build/bumperbot_description' returned '0': CMAKE_PREFIX_PATH=${CMAKE_PREFIX_PATH}:/home/irman/Documents/Github_Projects/ROS-2-Autonomous-Turtlebot/bumperbot_ws/install/bumperbot_py_examples:/home/irman/Documents/Github Projects/ROS-2-Autonomous-Turtlebot/bumperbot_ws/install/bumperbot_py_examples:/opt/ros/humble /usr/bin/cmake /home/irman/Documents/Github_Projects/ROS-2-Autonomous-Turtlebot/bumperbot_ws/src/bumperbot_description -DCMAKE_INSTALL_PREFIX=/home/irman/Documents/Github_Projects/ROS-2-Autonomous-Turtlebot/bumperbot_ws/install/bumperbot_description
[0.809s] Invoking command in '/home/irman/Documents/Github_Projects/ROS-2-Autonomous-Turtlebot/bumperbot_ws/build/bumperbot_description': CMAKE_PREFIX_PATH=${CMAKE_PREFIX_PATH}:/home/irman/Documents/Github_Projects/ROS-2-Autonomous-Turtlebot/bumperbot_ws/install/bumperbot_py_examples:/home/irman/Documents/Github Projects/ROS-2-Autonomous-Turtlebot/bumperbot_ws/install/bumperbot_py_examples:/opt/ros/humble /usr/bin/cmake --build /home/irman/Documents/Github_Projects/ROS-2-Autonomous-Turtlebot/bumperbot_ws/build/bumperbot_description -- -j12 -l12
[0.844s] Invoked command in '/home/irman/Documents/Github_Projects/ROS-2-Autonomous-Turtlebot/bumperbot_ws/build/bumperbot_description' returned '0': CMAKE_PREFIX_PATH=${CMAKE_PREFIX_PATH}:/home/irman/Documents/Github_Projects/ROS-2-Autonomous-Turtlebot/bumperbot_ws/install/bumperbot_py_examples:/home/irman/Documents/Github Projects/ROS-2-Autonomous-Turtlebot/bumperbot_ws/install/bumperbot_py_examples:/opt/ros/humble /usr/bin/cmake --build /home/irman/Documents/Github_Projects/ROS-2-Autonomous-Turtlebot/bumperbot_ws/build/bumperbot_description -- -j12 -l12
[0.873s] Invoking command in '/home/irman/Documents/Github_Projects/ROS-2-Autonomous-Turtlebot/bumperbot_ws/build/bumperbot_description': CMAKE_PREFIX_PATH=${CMAKE_PREFIX_PATH}:/home/irman/Documents/Github_Projects/ROS-2-Autonomous-Turtlebot/bumperbot_ws/install/bumperbot_py_examples:/home/irman/Documents/Github Projects/ROS-2-Autonomous-Turtlebot/bumperbot_ws/install/bumperbot_py_examples:/opt/ros/humble /usr/bin/cmake --install /home/irman/Documents/Github_Projects/ROS-2-Autonomous-Turtlebot/bumperbot_ws/build/bumperbot_description
[0.878s] -- Install configuration: ""
[0.879s] -- Installing: /home/irman/Documents/Github_Projects/ROS-2-Autonomous-Turtlebot/bumperbot_ws/install/bumperbot_description/share/bumperbot_description/meshes
[0.879s] -- Installing: /home/irman/Documents/Github_Projects/ROS-2-Autonomous-Turtlebot/bumperbot_ws/install/bumperbot_description/share/bumperbot_description/meshes/imu_link.STL
[0.879s] -- Installing: /home/irman/Documents/Github_Projects/ROS-2-Autonomous-Turtlebot/bumperbot_ws/install/bumperbot_description/share/bumperbot_description/meshes/base_link.STL
[0.890s] -- Installing: /home/irman/Documents/Github_Projects/ROS-2-Autonomous-Turtlebot/bumperbot_ws/install/bumperbot_description/share/bumperbot_description/meshes/wheel_right_link.STL
[0.891s] -- Installing: /home/irman/Documents/Github_Projects/ROS-2-Autonomous-Turtlebot/bumperbot_ws/install/bumperbot_description/share/bumperbot_description/meshes/wheel_left_link.STL
[0.892s] -- Installing: /home/irman/Documents/Github_Projects/ROS-2-Autonomous-Turtlebot/bumperbot_ws/install/bumperbot_description/share/bumperbot_description/meshes/caster_front_link.STL
[0.892s] -- Installing: /home/irman/Documents/Github_Projects/ROS-2-Autonomous-Turtlebot/bumperbot_ws/install/bumperbot_description/share/bumperbot_description/meshes/caster_rear_link.STL
[0.892s] -- Installing: /home/irman/Documents/Github_Projects/ROS-2-Autonomous-Turtlebot/bumperbot_ws/install/bumperbot_description/share/bumperbot_description/urdf
[0.892s] -- Installing: /home/irman/Documents/Github_Projects/ROS-2-Autonomous-Turtlebot/bumperbot_ws/install/bumperbot_description/share/bumperbot_description/urdf/bumperbot.urdf.xacro
[0.893s] -- Installing: /home/irman/Documents/Github_Projects/ROS-2-Autonomous-Turtlebot/bumperbot_ws/install/bumperbot_description/share/bumperbot_description/urdf/bumperbot.gazebo.xacro
[0.893s] -- Installing: /home/irman/Documents/Github_Projects/ROS-2-Autonomous-Turtlebot/bumperbot_ws/install/bumperbot_description/share/bumperbot_description/launch
[0.893s] -- Installing: /home/irman/Documents/Github_Projects/ROS-2-Autonomous-Turtlebot/bumperbot_ws/install/bumperbot_description/share/bumperbot_description/launch/gazebo.launch.py
[0.893s] -- Installing: /home/irman/Documents/Github_Projects/ROS-2-Autonomous-Turtlebot/bumperbot_ws/install/bumperbot_description/share/bumperbot_description/launch/display.launch.py
[0.893s] -- Installing: /home/irman/Documents/Github_Projects/ROS-2-Autonomous-Turtlebot/bumperbot_ws/install/bumperbot_description/share/bumperbot_description/rviz
[0.893s] -- Installing: /home/irman/Documents/Github_Projects/ROS-2-Autonomous-Turtlebot/bumperbot_ws/install/bumperbot_description/share/bumperbot_description/rviz/display.rviz
[0.893s] -- Installing: /home/irman/Documents/Github_Projects/ROS-2-Autonomous-Turtlebot/bumperbot_ws/install/bumperbot_description/share/ament_index/resource_index/package_run_dependencies/bumperbot_description
[0.893s] -- Installing: /home/irman/Documents/Github_Projects/ROS-2-Autonomous-Turtlebot/bumperbot_ws/install/bumperbot_description/share/ament_index/resource_index/parent_prefix_path/bumperbot_description
[0.893s] -- Installing: /home/irman/Documents/Github_Projects/ROS-2-Autonomous-Turtlebot/bumperbot_ws/install/bumperbot_description/share/bumperbot_description/environment/ament_prefix_path.sh
[0.894s] -- Installing: /home/irman/Documents/Github_Projects/ROS-2-Autonomous-Turtlebot/bumperbot_ws/install/bumperbot_description/share/bumperbot_description/environment/ament_prefix_path.dsv
[0.894s] -- Installing: /home/irman/Documents/Github_Projects/ROS-2-Autonomous-Turtlebot/bumperbot_ws/install/bumperbot_description/share/bumperbot_description/environment/path.sh
[0.894s] -- Installing: /home/irman/Documents/Github_Projects/ROS-2-Autonomous-Turtlebot/bumperbot_ws/install/bumperbot_description/share/bumperbot_description/environment/path.dsv
[0.894s] -- Installing: /home/irman/Documents/Github_Projects/ROS-2-Autonomous-Turtlebot/bumperbot_ws/install/bumperbot_description/share/bumperbot_description/local_setup.bash
[0.894s] -- Installing: /home/irman/Documents/Github_Projects/ROS-2-Autonomous-Turtlebot/bumperbot_ws/install/bumperbot_description/share/bumperbot_description/local_setup.sh
[0.894s] -- Installing: /home/irman/Documents/Github_Projects/ROS-2-Autonomous-Turtlebot/bumperbot_ws/install/bumperbot_description/share/bumperbot_description/local_setup.zsh
[0.894s] -- Installing: /home/irman/Documents/Github_Projects/ROS-2-Autonomous-Turtlebot/bumperbot_ws/install/bumperbot_description/share/bumperbot_description/local_setup.dsv
[0.894s] -- Installing: /home/irman/Documents/Github_Projects/ROS-2-Autonomous-Turtlebot/bumperbot_ws/install/bumperbot_description/share/bumperbot_description/package.dsv
[0.894s] -- Installing: /home/irman/Documents/Github_Projects/ROS-2-Autonomous-Turtlebot/bumperbot_ws/install/bumperbot_description/share/ament_index/resource_index/packages/bumperbot_description
[0.895s] -- Installing: /home/irman/Documents/Github_Projects/ROS-2-Autonomous-Turtlebot/bumperbot_ws/install/bumperbot_description/share/bumperbot_description/cmake/bumperbot_descriptionConfig.cmake
[0.895s] -- Installing: /home/irman/Documents/Github_Projects/ROS-2-Autonomous-Turtlebot/bumperbot_ws/install/bumperbot_description/share/bumperbot_description/cmake/bumperbot_descriptionConfig-version.cmake
[0.895s] -- Installing: /home/irman/Documents/Github_Projects/ROS-2-Autonomous-Turtlebot/bumperbot_ws/install/bumperbot_description/share/bumperbot_description/package.xml
[0.897s] Invoked command in '/home/irman/Documents/Github_Projects/ROS-2-Autonomous-Turtlebot/bumperbot_ws/build/bumperbot_description' returned '0': CMAKE_PREFIX_PATH=${CMAKE_PREFIX_PATH}:/home/irman/Documents/Github_Projects/ROS-2-Autonomous-Turtlebot/bumperbot_ws/install/bumperbot_py_examples:/home/irman/Documents/Github Projects/ROS-2-Autonomous-Turtlebot/bumperbot_ws/install/bumperbot_py_examples:/opt/ros/humble /usr/bin/cmake --install /home/irman/Documents/Github_Projects/ROS-2-Autonomous-Turtlebot/bumperbot_ws/build/bumperbot_description
