[0.568s] Invoking command in '/home/irman/Documents/Github Projects/ROS-2-Autonomous-Turtlebot/bumperbot_ws/src/bumperbot_py_examples': PYTHONPATH=/home/irman/Documents/Github Projects/ROS-2-Autonomous-Turtlebot/bumperbot_ws/build/bumperbot_py_examples/prefix_override:/home/irman/Documents/Github Projects/ROS-2-Autonomous-Turtlebot/bumperbot_ws/install/bumperbot_py_examples/lib/python3.10/site-packages:${PYTHONPATH} /usr/bin/python3 -W ignore:setup.py install is deprecated setup.py egg_info --egg-base ../../build/bumperbot_py_examples build --build-base /home/irman/Documents/Github Projects/ROS-2-Autonomous-Turtlebot/bumperbot_ws/build/bumperbot_py_examples/build install --record /home/irman/Documents/Github Projects/ROS-2-Autonomous-Turtlebot/bumperbot_ws/build/bumperbot_py_examples/install.log --single-version-externally-managed install_data
[0.709s] running egg_info
[0.718s] writing ../../build/bumperbot_py_examples/bumperbot_py_examples.egg-info/PKG-INFO
[0.718s] writing dependency_links to ../../build/bumperbot_py_examples/bumperbot_py_examples.egg-info/dependency_links.txt
[0.718s] writing entry points to ../../build/bumperbot_py_examples/bumperbot_py_examples.egg-info/entry_points.txt
[0.719s] writing requirements to ../../build/bumperbot_py_examples/bumperbot_py_examples.egg-info/requires.txt
[0.719s] writing top-level names to ../../build/bumperbot_py_examples/bumperbot_py_examples.egg-info/top_level.txt
[0.738s] reading manifest file '../../build/bumperbot_py_examples/bumperbot_py_examples.egg-info/SOURCES.txt'
[0.739s] writing manifest file '../../build/bumperbot_py_examples/bumperbot_py_examples.egg-info/SOURCES.txt'
[0.739s] running build
[0.739s] running build_py
[0.739s] copying bumperbot_py_examples/__init__.py -> /home/irman/Documents/Github Projects/ROS-2-Autonomous-Turtlebot/bumperbot_ws/build/bumperbot_py_examples/build/lib/bumperbot_py_examples
[0.739s] copying bumperbot_py_examples/simple_publisher.py -> /home/irman/Documents/Github Projects/ROS-2-Autonomous-Turtlebot/bumperbot_ws/build/bumperbot_py_examples/build/lib/bumperbot_py_examples
[0.740s] running install
[0.745s] running install_lib
[0.754s] running install_data
[0.754s] copying resource/bumperbot_py_examples -> /home/irman/Documents/Github Projects/ROS-2-Autonomous-Turtlebot/bumperbot_ws/install/bumperbot_py_examples/share/ament_index/resource_index/packages
[0.754s] copying package.xml -> /home/irman/Documents/Github Projects/ROS-2-Autonomous-Turtlebot/bumperbot_ws/install/bumperbot_py_examples/share/bumperbot_py_examples
[0.754s] running install_egg_info
[0.764s] removing '/home/irman/Documents/Github Projects/ROS-2-Autonomous-Turtlebot/bumperbot_ws/install/bumperbot_py_examples/lib/python3.10/site-packages/bumperbot_py_examples-0.0.0-py3.10.egg-info' (and everything under it)
[0.765s] Copying ../../build/bumperbot_py_examples/bumperbot_py_examples.egg-info to /home/irman/Documents/Github Projects/ROS-2-Autonomous-Turtlebot/bumperbot_ws/install/bumperbot_py_examples/lib/python3.10/site-packages/bumperbot_py_examples-0.0.0-py3.10.egg-info
[0.766s] running install_scripts
[0.850s] Installing simple_publisher script to /home/irman/Documents/Github Projects/ROS-2-Autonomous-Turtlebot/bumperbot_ws/install/bumperbot_py_examples/lib/bumperbot_py_examples
[0.850s] writing list of installed files to '/home/irman/Documents/Github Projects/ROS-2-Autonomous-Turtlebot/bumperbot_ws/build/bumperbot_py_examples/install.log'
[0.869s] Invoked command in '/home/irman/Documents/Github Projects/ROS-2-Autonomous-Turtlebot/bumperbot_ws/src/bumperbot_py_examples' returned '0': PYTHONPATH=/home/irman/Documents/Github Projects/ROS-2-Autonomous-Turtlebot/bumperbot_ws/build/bumperbot_py_examples/prefix_override:/home/irman/Documents/Github Projects/ROS-2-Autonomous-Turtlebot/bumperbot_ws/install/bumperbot_py_examples/lib/python3.10/site-packages:${PYTHONPATH} /usr/bin/python3 -W ignore:setup.py install is deprecated setup.py egg_info --egg-base ../../build/bumperbot_py_examples build --build-base /home/irman/Documents/Github Projects/ROS-2-Autonomous-Turtlebot/bumperbot_ws/build/bumperbot_py_examples/build install --record /home/irman/Documents/Github Projects/ROS-2-Autonomous-Turtlebot/bumperbot_ws/build/bumperbot_py_examples/install.log --single-version-externally-managed install_data
