[0.016s] Invoking command in '/home/irman/Documents/Github_Projects/ROS-2-Autonomous-Turtlebot/bumperbot_ws/build/bumperbot_cpp_examples2': CMAKE_PREFIX_PATH=${CMAKE_PREFIX_PATH}:/home/irman/Documents/Github_Projects/ROS-2-Autonomous-Turtlebot/bumperbot_ws/install/bumperbot_py_examples:/home/irman/Documents/Github Projects/ROS-2-Autonomous-Turtlebot/bumperbot_ws/install/bumperbot_py_examples:/opt/ros/humble CONDA_PROMPT_MODIFIER=(base) /usr/bin/cmake --build /home/irman/Documents/Github_Projects/ROS-2-Autonomous-Turtlebot/bumperbot_ws/build/bumperbot_cpp_examples2 -- -j12 -l12
[0.034s] -- Found ament_cmake: 1.3.8 (/opt/ros/humble/share/ament_cmake/cmake)
[0.118s] -- Found rclcpp: 16.0.8 (/opt/ros/humble/share/rclcpp/cmake)
[0.136s] -- Found rosidl_generator_c: 3.1.5 (/opt/ros/humble/share/rosidl_generator_c/cmake)
[0.137s] -- Found rosidl_adapter: 3.1.5 (/opt/ros/humble/share/rosidl_adapter/cmake)
[0.141s] -- Found rosidl_generator_cpp: 3.1.5 (/opt/ros/humble/share/rosidl_generator_cpp/cmake)
[0.148s] -- Using all available rosidl_typesupport_c: rosidl_typesupport_fastrtps_c;rosidl_typesupport_introspection_c
[0.158s] -- Using all available rosidl_typesupport_cpp: rosidl_typesupport_fastrtps_cpp;rosidl_typesupport_introspection_cpp
[0.196s] -- Found rmw_implementation_cmake: 6.1.1 (/opt/ros/humble/share/rmw_implementation_cmake/cmake)
[0.197s] -- Found rmw_fastrtps_cpp: 6.2.6 (/opt/ros/humble/share/rmw_fastrtps_cpp/cmake)
[0.276s] -- Using RMW implementation 'rmw_fastrtps_cpp' as default
[0.375s] -- Found ament_lint_auto: 0.12.10 (/opt/ros/humble/share/ament_lint_auto/cmake)
[0.431s] -- Added test 'cppcheck' to perform static code analysis on C / C++ code
[0.432s] -- Configured cppcheck include dirs: 
[0.432s] -- Configured cppcheck exclude dirs and/or files: 
[0.432s] -- Added test 'lint_cmake' to check CMake code style
[0.432s] -- Added test 'uncrustify' to check C / C++ code style
[0.432s] -- Configured uncrustify additional arguments: 
[0.432s] -- Added test 'xmllint' to check XML markup files
[0.433s] -- Configuring done
[0.441s] -- Generating done
[0.442s] -- Build files have been written to: /home/irman/Documents/Github_Projects/ROS-2-Autonomous-Turtlebot/bumperbot_ws/build/bumperbot_cpp_examples2
[0.461s] [35m[1mConsolidate compiler generated dependencies of target simple_publisher[0m
[0.461s] [35m[1mConsolidate compiler generated dependencies of target simple_subscriber[0m
[0.461s] [35m[1mConsolidate compiler generated dependencies of target simple_parameter[0m
[0.474s] [ 83%] Built target simple_subscriber
[0.474s] [ 83%] Built target simple_parameter
[0.475s] [100%] Built target simple_publisher
[0.483s] Invoked command in '/home/irman/Documents/Github_Projects/ROS-2-Autonomous-Turtlebot/bumperbot_ws/build/bumperbot_cpp_examples2' returned '0': CMAKE_PREFIX_PATH=${CMAKE_PREFIX_PATH}:/home/irman/Documents/Github_Projects/ROS-2-Autonomous-Turtlebot/bumperbot_ws/install/bumperbot_py_examples:/home/irman/Documents/Github Projects/ROS-2-Autonomous-Turtlebot/bumperbot_ws/install/bumperbot_py_examples:/opt/ros/humble CONDA_PROMPT_MODIFIER=(base) /usr/bin/cmake --build /home/irman/Documents/Github_Projects/ROS-2-Autonomous-Turtlebot/bumperbot_ws/build/bumperbot_cpp_examples2 -- -j12 -l12
[0.503s] Invoking command in '/home/irman/Documents/Github_Projects/ROS-2-Autonomous-Turtlebot/bumperbot_ws/build/bumperbot_cpp_examples2': CMAKE_PREFIX_PATH=${CMAKE_PREFIX_PATH}:/home/irman/Documents/Github_Projects/ROS-2-Autonomous-Turtlebot/bumperbot_ws/install/bumperbot_py_examples:/home/irman/Documents/Github Projects/ROS-2-Autonomous-Turtlebot/bumperbot_ws/install/bumperbot_py_examples:/opt/ros/humble CONDA_PROMPT_MODIFIER=(base) /usr/bin/cmake --install /home/irman/Documents/Github_Projects/ROS-2-Autonomous-Turtlebot/bumperbot_ws/build/bumperbot_cpp_examples2
[0.509s] -- Install configuration: ""
[0.509s] -- Up-to-date: /home/irman/Documents/Github_Projects/ROS-2-Autonomous-Turtlebot/bumperbot_ws/install/bumperbot_cpp_examples2/lib/bumperbot_cpp_examples2/simple_publisher
[0.509s] -- Up-to-date: /home/irman/Documents/Github_Projects/ROS-2-Autonomous-Turtlebot/bumperbot_ws/install/bumperbot_cpp_examples2/lib/bumperbot_cpp_examples2/simple_subscriber
[0.509s] -- Up-to-date: /home/irman/Documents/Github_Projects/ROS-2-Autonomous-Turtlebot/bumperbot_ws/install/bumperbot_cpp_examples2/lib/bumperbot_cpp_examples2/simple_parameter
[0.509s] -- Up-to-date: /home/irman/Documents/Github_Projects/ROS-2-Autonomous-Turtlebot/bumperbot_ws/install/bumperbot_cpp_examples2/share/ament_index/resource_index/package_run_dependencies/bumperbot_cpp_examples2
[0.510s] -- Up-to-date: /home/irman/Documents/Github_Projects/ROS-2-Autonomous-Turtlebot/bumperbot_ws/install/bumperbot_cpp_examples2/share/ament_index/resource_index/parent_prefix_path/bumperbot_cpp_examples2
[0.510s] -- Up-to-date: /home/irman/Documents/Github_Projects/ROS-2-Autonomous-Turtlebot/bumperbot_ws/install/bumperbot_cpp_examples2/share/bumperbot_cpp_examples2/environment/ament_prefix_path.sh
[0.510s] -- Installing: /home/irman/Documents/Github_Projects/ROS-2-Autonomous-Turtlebot/bumperbot_ws/install/bumperbot_cpp_examples2/share/bumperbot_cpp_examples2/environment/ament_prefix_path.dsv
[0.510s] -- Up-to-date: /home/irman/Documents/Github_Projects/ROS-2-Autonomous-Turtlebot/bumperbot_ws/install/bumperbot_cpp_examples2/share/bumperbot_cpp_examples2/environment/path.sh
[0.510s] -- Installing: /home/irman/Documents/Github_Projects/ROS-2-Autonomous-Turtlebot/bumperbot_ws/install/bumperbot_cpp_examples2/share/bumperbot_cpp_examples2/environment/path.dsv
[0.510s] -- Up-to-date: /home/irman/Documents/Github_Projects/ROS-2-Autonomous-Turtlebot/bumperbot_ws/install/bumperbot_cpp_examples2/share/bumperbot_cpp_examples2/local_setup.bash
[0.510s] -- Up-to-date: /home/irman/Documents/Github_Projects/ROS-2-Autonomous-Turtlebot/bumperbot_ws/install/bumperbot_cpp_examples2/share/bumperbot_cpp_examples2/local_setup.sh
[0.510s] -- Up-to-date: /home/irman/Documents/Github_Projects/ROS-2-Autonomous-Turtlebot/bumperbot_ws/install/bumperbot_cpp_examples2/share/bumperbot_cpp_examples2/local_setup.zsh
[0.510s] -- Installing: /home/irman/Documents/Github_Projects/ROS-2-Autonomous-Turtlebot/bumperbot_ws/install/bumperbot_cpp_examples2/share/bumperbot_cpp_examples2/local_setup.dsv
[0.510s] -- Installing: /home/irman/Documents/Github_Projects/ROS-2-Autonomous-Turtlebot/bumperbot_ws/install/bumperbot_cpp_examples2/share/bumperbot_cpp_examples2/package.dsv
[0.510s] -- Up-to-date: /home/irman/Documents/Github_Projects/ROS-2-Autonomous-Turtlebot/bumperbot_ws/install/bumperbot_cpp_examples2/share/ament_index/resource_index/packages/bumperbot_cpp_examples2
[0.510s] -- Up-to-date: /home/irman/Documents/Github_Projects/ROS-2-Autonomous-Turtlebot/bumperbot_ws/install/bumperbot_cpp_examples2/share/bumperbot_cpp_examples2/cmake/bumperbot_cpp_examples2Config.cmake
[0.510s] -- Up-to-date: /home/irman/Documents/Github_Projects/ROS-2-Autonomous-Turtlebot/bumperbot_ws/install/bumperbot_cpp_examples2/share/bumperbot_cpp_examples2/cmake/bumperbot_cpp_examples2Config-version.cmake
[0.511s] -- Up-to-date: /home/irman/Documents/Github_Projects/ROS-2-Autonomous-Turtlebot/bumperbot_ws/install/bumperbot_cpp_examples2/share/bumperbot_cpp_examples2/package.xml
[0.512s] Invoked command in '/home/irman/Documents/Github_Projects/ROS-2-Autonomous-Turtlebot/bumperbot_ws/build/bumperbot_cpp_examples2' returned '0': CMAKE_PREFIX_PATH=${CMAKE_PREFIX_PATH}:/home/irman/Documents/Github_Projects/ROS-2-Autonomous-Turtlebot/bumperbot_ws/install/bumperbot_py_examples:/home/irman/Documents/Github Projects/ROS-2-Autonomous-Turtlebot/bumperbot_ws/install/bumperbot_py_examples:/opt/ros/humble CONDA_PROMPT_MODIFIER=(base) /usr/bin/cmake --install /home/irman/Documents/Github_Projects/ROS-2-Autonomous-Turtlebot/bumperbot_ws/build/bumperbot_cpp_examples2
