-- The C compiler identification is GNU 11.4.0
-- The CXX compiler identification is GNU 11.4.0
-- Detecting C compiler ABI info
-- Detecting C compiler ABI info - done
-- Check for working C compiler: /usr/bin/cc - skipped
-- Detecting C compile features
-- Detecting C compile features - done
-- Detecting CXX compiler ABI info
-- Detecting CXX compiler ABI info - done
-- Check for working CXX compiler: /usr/bin/c++ - skipped
-- Detecting CXX compile features
-- Detecting CXX compile features - done
-- Found ament_cmake: 1.3.8 (/opt/ros/humble/share/ament_cmake/cmake)
-- Found Python3: /home/irman/anaconda3/bin/python3 (found version "3.11.7") found components: Interpreter 
-- Found rclcpp: 16.0.8 (/opt/ros/humble/share/rclcpp/cmake)
-- Found rosidl_generator_c: 3.1.5 (/opt/ros/humble/share/rosidl_generator_c/cmake)
-- Found rosidl_adapter: 3.1.5 (/opt/ros/humble/share/rosidl_adapter/cmake)
-- Found rosidl_generator_cpp: 3.1.5 (/opt/ros/humble/share/rosidl_generator_cpp/cmake)
-- Using all available rosidl_typesupport_c: rosidl_typesupport_fastrtps_c;rosidl_typesupport_introspection_c
-- Using all available rosidl_typesupport_cpp: rosidl_typesupport_fastrtps_cpp;rosidl_typesupport_introspection_cpp
-- Found rmw_implementation_cmake: 6.1.1 (/opt/ros/humble/share/rmw_implementation_cmake/cmake)
-- Found rmw_fastrtps_cpp: 6.2.6 (/opt/ros/humble/share/rmw_fastrtps_cpp/cmake)
-- Found OpenSSL: /usr/lib/x86_64-linux-gnu/libcrypto.so (found version "3.0.2")  
-- Found FastRTPS: /opt/ros/humble/include  
-- Using RMW implementation 'rmw_fastrtps_cpp' as default
-- Looking for pthread.h
-- Looking for pthread.h - found
-- Performing Test CMAKE_HAVE_LIBC_PTHREAD
-- Performing Test CMAKE_HAVE_LIBC_PTHREAD - Success
-- Found Threads: TRUE  
-- Found ament_lint_auto: 0.12.10 (/opt/ros/humble/share/ament_lint_auto/cmake)
-- Added test 'cppcheck' to perform static code analysis on C / C++ code
-- Configured cppcheck include dirs: 
-- Configured cppcheck exclude dirs and/or files: 
-- Added test 'lint_cmake' to check CMake code style
-- Added test 'uncrustify' to check C / C++ code style
-- Configured uncrustify additional arguments: 
-- Added test 'xmllint' to check XML markup files
-- Configuring done
-- Generating done
-- Build files have been written to: /home/irman/Documents/Github_Projects/ROS-2-Autonomous-Turtlebot/bumperbot_ws/build/bumperbot_cpp_examples2
[ 50%] [32mBuilding CXX object CMakeFiles/simple_subscriber.dir/src/simple_subscriber.cpp.o[0m
[ 50%] [32mBuilding CXX object CMakeFiles/simple_publisher.dir/src/simple_publisher.cpp.o[0m
[ 75%] [32m[1mLinking CXX executable simple_publisher[0m
[ 75%] Built target simple_publisher
[100%] [32m[1mLinking CXX executable simple_subscriber[0m
[100%] Built target simple_subscriber
-- Install configuration: ""
-- Installing: /home/irman/Documents/Github_Projects/ROS-2-Autonomous-Turtlebot/bumperbot_ws/install/bumperbot_cpp_examples2/lib/bumperbot_cpp_examples2/simple_publisher
-- Set runtime path of "/home/irman/Documents/Github_Projects/ROS-2-Autonomous-Turtlebot/bumperbot_ws/install/bumperbot_cpp_examples2/lib/bumperbot_cpp_examples2/simple_publisher" to ""
-- Installing: /home/irman/Documents/Github_Projects/ROS-2-Autonomous-Turtlebot/bumperbot_ws/install/bumperbot_cpp_examples2/lib/bumperbot_cpp_examples2/simple_subscriber
-- Set runtime path of "/home/irman/Documents/Github_Projects/ROS-2-Autonomous-Turtlebot/bumperbot_ws/install/bumperbot_cpp_examples2/lib/bumperbot_cpp_examples2/simple_subscriber" to ""
-- Installing: /home/irman/Documents/Github_Projects/ROS-2-Autonomous-Turtlebot/bumperbot_ws/install/bumperbot_cpp_examples2/share/ament_index/resource_index/package_run_dependencies/bumperbot_cpp_examples2
-- Installing: /home/irman/Documents/Github_Projects/ROS-2-Autonomous-Turtlebot/bumperbot_ws/install/bumperbot_cpp_examples2/share/ament_index/resource_index/parent_prefix_path/bumperbot_cpp_examples2
-- Installing: /home/irman/Documents/Github_Projects/ROS-2-Autonomous-Turtlebot/bumperbot_ws/install/bumperbot_cpp_examples2/share/bumperbot_cpp_examples2/environment/ament_prefix_path.sh
-- Installing: /home/irman/Documents/Github_Projects/ROS-2-Autonomous-Turtlebot/bumperbot_ws/install/bumperbot_cpp_examples2/share/bumperbot_cpp_examples2/environment/ament_prefix_path.dsv
-- Installing: /home/irman/Documents/Github_Projects/ROS-2-Autonomous-Turtlebot/bumperbot_ws/install/bumperbot_cpp_examples2/share/bumperbot_cpp_examples2/environment/path.sh
-- Installing: /home/irman/Documents/Github_Projects/ROS-2-Autonomous-Turtlebot/bumperbot_ws/install/bumperbot_cpp_examples2/share/bumperbot_cpp_examples2/environment/path.dsv
-- Installing: /home/irman/Documents/Github_Projects/ROS-2-Autonomous-Turtlebot/bumperbot_ws/install/bumperbot_cpp_examples2/share/bumperbot_cpp_examples2/local_setup.bash
-- Installing: /home/irman/Documents/Github_Projects/ROS-2-Autonomous-Turtlebot/bumperbot_ws/install/bumperbot_cpp_examples2/share/bumperbot_cpp_examples2/local_setup.sh
-- Installing: /home/irman/Documents/Github_Projects/ROS-2-Autonomous-Turtlebot/bumperbot_ws/install/bumperbot_cpp_examples2/share/bumperbot_cpp_examples2/local_setup.zsh
-- Installing: /home/irman/Documents/Github_Projects/ROS-2-Autonomous-Turtlebot/bumperbot_ws/install/bumperbot_cpp_examples2/share/bumperbot_cpp_examples2/local_setup.dsv
-- Installing: /home/irman/Documents/Github_Projects/ROS-2-Autonomous-Turtlebot/bumperbot_ws/install/bumperbot_cpp_examples2/share/bumperbot_cpp_examples2/package.dsv
-- Installing: /home/irman/Documents/Github_Projects/ROS-2-Autonomous-Turtlebot/bumperbot_ws/install/bumperbot_cpp_examples2/share/ament_index/resource_index/packages/bumperbot_cpp_examples2
-- Installing: /home/irman/Documents/Github_Projects/ROS-2-Autonomous-Turtlebot/bumperbot_ws/install/bumperbot_cpp_examples2/share/bumperbot_cpp_examples2/cmake/bumperbot_cpp_examples2Config.cmake
-- Installing: /home/irman/Documents/Github_Projects/ROS-2-Autonomous-Turtlebot/bumperbot_ws/install/bumperbot_cpp_examples2/share/bumperbot_cpp_examples2/cmake/bumperbot_cpp_examples2Config-version.cmake
-- Installing: /home/irman/Documents/Github_Projects/ROS-2-Autonomous-Turtlebot/bumperbot_ws/install/bumperbot_cpp_examples2/share/bumperbot_cpp_examples2/package.xml
