[0.015s] Invoking command in '/home/irman/Documents/ROS-2-Autonomous-Turtlebot/bumperbot_ws_updated/build/bumperbot_cpp_examples': CMAKE_PREFIX_PATH=/opt/ros/humble CONDA_PROMPT_MODIFIER=(base) /usr/bin/cmake --build /home/irman/Documents/ROS-2-Autonomous-Turtlebot/bumperbot_ws_updated/build/bumperbot_cpp_examples -- -j16 -l16
[0.051s] [35m[1mConsolidate compiler generated dependencies of target simple_publisher[0m
[0.051s] [35m[1mConsolidate compiler generated dependencies of target simple_parameter[0m
[0.051s] [35m[1mConsolidate compiler generated dependencies of target simple_subscriber[0m
[0.051s] [35m[1mConsolidate compiler generated dependencies of target simple_turtlesim_kinematics[0m
[0.070s] [100%] Built target simple_parameter
[0.070s] [100%] Built target simple_publisher
[0.070s] [100%] Built target simple_turtlesim_kinematics
[0.070s] [100%] Built target simple_subscriber
[0.227s] Invoked command in '/home/irman/Documents/ROS-2-Autonomous-Turtlebot/bumperbot_ws_updated/build/bumperbot_cpp_examples' returned '0': CMAKE_PREFIX_PATH=/opt/ros/humble CONDA_PROMPT_MODIFIER=(base) /usr/bin/cmake --build /home/irman/Documents/ROS-2-Autonomous-Turtlebot/bumperbot_ws_updated/build/bumperbot_cpp_examples -- -j16 -l16
[0.263s] Invoking command in '/home/irman/Documents/ROS-2-Autonomous-Turtlebot/bumperbot_ws_updated/build/bumperbot_cpp_examples': CMAKE_PREFIX_PATH=/opt/ros/humble CONDA_PROMPT_MODIFIER=(base) /usr/bin/cmake --install /home/irman/Documents/ROS-2-Autonomous-Turtlebot/bumperbot_ws_updated/build/bumperbot_cpp_examples
[0.271s] -- Install configuration: ""
[0.271s] -- Up-to-date: /home/irman/Documents/ROS-2-Autonomous-Turtlebot/bumperbot_ws_updated/install/bumperbot_cpp_examples/include/include
[0.271s] -- Up-to-date: /home/irman/Documents/ROS-2-Autonomous-Turtlebot/bumperbot_ws_updated/install/bumperbot_cpp_examples/include/include/bumperbot_cpp_examples
[0.271s] -- Up-to-date: /home/irman/Documents/ROS-2-Autonomous-Turtlebot/bumperbot_ws_updated/install/bumperbot_cpp_examples/include/include/bumperbot_cpp_examples/simple_turtlesim_kinematics.hpp
[0.271s] -- Up-to-date: /home/irman/Documents/ROS-2-Autonomous-Turtlebot/bumperbot_ws_updated/install/bumperbot_cpp_examples/lib/bumperbot_cpp_examples/simple_publisher
[0.272s] -- Up-to-date: /home/irman/Documents/ROS-2-Autonomous-Turtlebot/bumperbot_ws_updated/install/bumperbot_cpp_examples/lib/bumperbot_cpp_examples/simple_subscriber
[0.272s] -- Up-to-date: /home/irman/Documents/ROS-2-Autonomous-Turtlebot/bumperbot_ws_updated/install/bumperbot_cpp_examples/lib/bumperbot_cpp_examples/simple_parameter
[0.272s] -- Up-to-date: /home/irman/Documents/ROS-2-Autonomous-Turtlebot/bumperbot_ws_updated/install/bumperbot_cpp_examples/lib/bumperbot_cpp_examples/simple_turtlesim_kinematics
[0.273s] -- Up-to-date: /home/irman/Documents/ROS-2-Autonomous-Turtlebot/bumperbot_ws_updated/install/bumperbot_cpp_examples/share/ament_index/resource_index/package_run_dependencies/bumperbot_cpp_examples
[0.273s] -- Up-to-date: /home/irman/Documents/ROS-2-Autonomous-Turtlebot/bumperbot_ws_updated/install/bumperbot_cpp_examples/share/ament_index/resource_index/parent_prefix_path/bumperbot_cpp_examples
[0.273s] -- Up-to-date: /home/irman/Documents/ROS-2-Autonomous-Turtlebot/bumperbot_ws_updated/install/bumperbot_cpp_examples/share/bumperbot_cpp_examples/environment/ament_prefix_path.sh
[0.273s] -- Up-to-date: /home/irman/Documents/ROS-2-Autonomous-Turtlebot/bumperbot_ws_updated/install/bumperbot_cpp_examples/share/bumperbot_cpp_examples/environment/ament_prefix_path.dsv
[0.273s] -- Up-to-date: /home/irman/Documents/ROS-2-Autonomous-Turtlebot/bumperbot_ws_updated/install/bumperbot_cpp_examples/share/bumperbot_cpp_examples/environment/path.sh
[0.273s] -- Up-to-date: /home/irman/Documents/ROS-2-Autonomous-Turtlebot/bumperbot_ws_updated/install/bumperbot_cpp_examples/share/bumperbot_cpp_examples/environment/path.dsv
[0.274s] -- Up-to-date: /home/irman/Documents/ROS-2-Autonomous-Turtlebot/bumperbot_ws_updated/install/bumperbot_cpp_examples/share/bumperbot_cpp_examples/local_setup.bash
[0.274s] -- Up-to-date: /home/irman/Documents/ROS-2-Autonomous-Turtlebot/bumperbot_ws_updated/install/bumperbot_cpp_examples/share/bumperbot_cpp_examples/local_setup.sh
[0.274s] -- Up-to-date: /home/irman/Documents/ROS-2-Autonomous-Turtlebot/bumperbot_ws_updated/install/bumperbot_cpp_examples/share/bumperbot_cpp_examples/local_setup.zsh
[0.274s] -- Up-to-date: /home/irman/Documents/ROS-2-Autonomous-Turtlebot/bumperbot_ws_updated/install/bumperbot_cpp_examples/share/bumperbot_cpp_examples/local_setup.dsv
[0.274s] -- Installing: /home/irman/Documents/ROS-2-Autonomous-Turtlebot/bumperbot_ws_updated/install/bumperbot_cpp_examples/share/bumperbot_cpp_examples/package.dsv
[0.274s] -- Up-to-date: /home/irman/Documents/ROS-2-Autonomous-Turtlebot/bumperbot_ws_updated/install/bumperbot_cpp_examples/share/ament_index/resource_index/packages/bumperbot_cpp_examples
[0.274s] -- Up-to-date: /home/irman/Documents/ROS-2-Autonomous-Turtlebot/bumperbot_ws_updated/install/bumperbot_cpp_examples/share/bumperbot_cpp_examples/cmake/bumperbot_cpp_examplesConfig.cmake
[0.275s] -- Up-to-date: /home/irman/Documents/ROS-2-Autonomous-Turtlebot/bumperbot_ws_updated/install/bumperbot_cpp_examples/share/bumperbot_cpp_examples/cmake/bumperbot_cpp_examplesConfig-version.cmake
[0.275s] -- Up-to-date: /home/irman/Documents/ROS-2-Autonomous-Turtlebot/bumperbot_ws_updated/install/bumperbot_cpp_examples/share/bumperbot_cpp_examples/package.xml
[0.282s] Invoked command in '/home/irman/Documents/ROS-2-Autonomous-Turtlebot/bumperbot_ws_updated/build/bumperbot_cpp_examples' returned '0': CMAKE_PREFIX_PATH=/opt/ros/humble CONDA_PROMPT_MODIFIER=(base) /usr/bin/cmake --install /home/irman/Documents/ROS-2-Autonomous-Turtlebot/bumperbot_ws_updated/build/bumperbot_cpp_examples
