[0.095s] DEBUG:colcon:Command line arguments: ['/usr/bin/colcon', 'list', '-p', '--base-paths', '/home/irman/Documents/ROS-2-Autonomous-Turtlebot/bumperbot_ws_updated']
[0.095s] DEBUG:colcon:Parsed command line arguments: Namespace(log_base=None, log_level=None, verb_name='list', build_base='build', ignore_user_meta=False, metas=['./colcon.meta'], base_paths=['/home/irman/Documents/ROS-2-Autonomous-Turtlebot/bumperbot_ws_updated'], packages_ignore=None, packages_ignore_regex=None, paths=None, packages_up_to=None, packages_up_to_regex=None, packages_above=None, packages_above_and_dependencies=None, packages_above_depth=None, packages_select_by_dep=None, packages_skip_by_dep=None, packages_skip_up_to=None, packages_select_build_failed=False, packages_skip_build_finished=False, packages_select_test_failures=False, packages_skip_test_passed=False, packages_select=None, packages_skip=None, packages_select_regex=None, packages_skip_regex=None, packages_start=None, packages_end=None, allow_overriding=[], topological_order=False, names_only=False, paths_only=True, topological_graph=False, topological_graph_dot=False, topological_graph_density=False, topological_graph_legend=False, topological_graph_dot_cluster=False, topological_graph_dot_include_skipped=False, mixin_files=None, mixin=None, verb_parser=<colcon_mixin.mixin.mixin_argument.MixinArgumentDecorator object at 0x744ac59f7730>, verb_extension=<colcon_package_information.verb.list.ListVerb object at 0x744ac59f5b10>, main=<bound method ListVerb.main of <colcon_package_information.verb.list.ListVerb object at 0x744ac59f5b10>>, mixin_verb=('list',))
[0.285s] Level 1:colcon.colcon_core.package_discovery:discover_packages(colcon_meta) check parameters
[0.285s] Level 1:colcon.colcon_core.package_discovery:discover_packages(recursive) check parameters
[0.285s] Level 1:colcon.colcon_core.package_discovery:discover_packages(ignore) check parameters
[0.285s] Level 1:colcon.colcon_core.package_discovery:discover_packages(path) check parameters
[0.285s] Level 1:colcon.colcon_core.package_discovery:discover_packages(recursive) discover
[0.285s] INFO:colcon.colcon_core.package_discovery:Crawling recursively for packages in '/home/irman/Documents/ROS-2-Autonomous-Turtlebot/bumperbot_ws_updated'
[0.285s] Level 1:colcon.colcon_core.package_identification:_identify(/home/irman/Documents/ROS-2-Autonomous-Turtlebot/bumperbot_ws_updated) by extensions ['ignore', 'ignore_ament_install']
[0.286s] Level 1:colcon.colcon_core.package_identification:_identify(/home/irman/Documents/ROS-2-Autonomous-Turtlebot/bumperbot_ws_updated) by extension 'ignore'
[0.286s] Level 1:colcon.colcon_core.package_identification:_identify(/home/irman/Documents/ROS-2-Autonomous-Turtlebot/bumperbot_ws_updated) by extension 'ignore_ament_install'
[0.286s] Level 1:colcon.colcon_core.package_identification:_identify(/home/irman/Documents/ROS-2-Autonomous-Turtlebot/bumperbot_ws_updated) by extensions ['colcon_pkg']
[0.286s] Level 1:colcon.colcon_core.package_identification:_identify(/home/irman/Documents/ROS-2-Autonomous-Turtlebot/bumperbot_ws_updated) by extension 'colcon_pkg'
[0.286s] Level 1:colcon.colcon_core.package_identification:_identify(/home/irman/Documents/ROS-2-Autonomous-Turtlebot/bumperbot_ws_updated) by extensions ['colcon_meta']
[0.286s] Level 1:colcon.colcon_core.package_identification:_identify(/home/irman/Documents/ROS-2-Autonomous-Turtlebot/bumperbot_ws_updated) by extension 'colcon_meta'
[0.286s] Level 1:colcon.colcon_core.package_identification:_identify(/home/irman/Documents/ROS-2-Autonomous-Turtlebot/bumperbot_ws_updated) by extensions ['ros']
[0.286s] Level 1:colcon.colcon_core.package_identification:_identify(/home/irman/Documents/ROS-2-Autonomous-Turtlebot/bumperbot_ws_updated) by extension 'ros'
[0.303s] Level 1:colcon.colcon_core.package_identification:_identify(/home/irman/Documents/ROS-2-Autonomous-Turtlebot/bumperbot_ws_updated) by extensions ['cmake', 'python']
[0.303s] Level 1:colcon.colcon_core.package_identification:_identify(/home/irman/Documents/ROS-2-Autonomous-Turtlebot/bumperbot_ws_updated) by extension 'cmake'
[0.303s] Level 1:colcon.colcon_core.package_identification:_identify(/home/irman/Documents/ROS-2-Autonomous-Turtlebot/bumperbot_ws_updated) by extension 'python'
[0.303s] Level 1:colcon.colcon_core.package_identification:_identify(/home/irman/Documents/ROS-2-Autonomous-Turtlebot/bumperbot_ws_updated) by extensions ['python_setup_py']
[0.303s] Level 1:colcon.colcon_core.package_identification:_identify(/home/irman/Documents/ROS-2-Autonomous-Turtlebot/bumperbot_ws_updated) by extension 'python_setup_py'
[0.303s] Level 1:colcon.colcon_core.package_identification:_identify(/home/irman/Documents/ROS-2-Autonomous-Turtlebot/bumperbot_ws_updated/build) by extensions ['ignore', 'ignore_ament_install']
[0.303s] Level 1:colcon.colcon_core.package_identification:_identify(/home/irman/Documents/ROS-2-Autonomous-Turtlebot/bumperbot_ws_updated/build) by extension 'ignore'
[0.303s] Level 1:colcon.colcon_core.package_identification:_identify(/home/irman/Documents/ROS-2-Autonomous-Turtlebot/bumperbot_ws_updated/build) ignored
[0.304s] Level 1:colcon.colcon_core.package_identification:_identify(/home/irman/Documents/ROS-2-Autonomous-Turtlebot/bumperbot_ws_updated/install) by extensions ['ignore', 'ignore_ament_install']
[0.304s] Level 1:colcon.colcon_core.package_identification:_identify(/home/irman/Documents/ROS-2-Autonomous-Turtlebot/bumperbot_ws_updated/install) by extension 'ignore'
[0.304s] Level 1:colcon.colcon_core.package_identification:_identify(/home/irman/Documents/ROS-2-Autonomous-Turtlebot/bumperbot_ws_updated/install) ignored
[0.304s] Level 1:colcon.colcon_core.package_identification:_identify(/home/irman/Documents/ROS-2-Autonomous-Turtlebot/bumperbot_ws_updated/log) by extensions ['ignore', 'ignore_ament_install']
[0.304s] Level 1:colcon.colcon_core.package_identification:_identify(/home/irman/Documents/ROS-2-Autonomous-Turtlebot/bumperbot_ws_updated/log) by extension 'ignore'
[0.304s] Level 1:colcon.colcon_core.package_identification:_identify(/home/irman/Documents/ROS-2-Autonomous-Turtlebot/bumperbot_ws_updated/log) ignored
[0.304s] Level 1:colcon.colcon_core.package_identification:_identify(/home/irman/Documents/ROS-2-Autonomous-Turtlebot/bumperbot_ws_updated/src) by extensions ['ignore', 'ignore_ament_install']
[0.304s] Level 1:colcon.colcon_core.package_identification:_identify(/home/irman/Documents/ROS-2-Autonomous-Turtlebot/bumperbot_ws_updated/src) by extension 'ignore'
[0.304s] Level 1:colcon.colcon_core.package_identification:_identify(/home/irman/Documents/ROS-2-Autonomous-Turtlebot/bumperbot_ws_updated/src) by extension 'ignore_ament_install'
[0.305s] Level 1:colcon.colcon_core.package_identification:_identify(/home/irman/Documents/ROS-2-Autonomous-Turtlebot/bumperbot_ws_updated/src) by extensions ['colcon_pkg']
[0.305s] Level 1:colcon.colcon_core.package_identification:_identify(/home/irman/Documents/ROS-2-Autonomous-Turtlebot/bumperbot_ws_updated/src) by extension 'colcon_pkg'
[0.305s] Level 1:colcon.colcon_core.package_identification:_identify(/home/irman/Documents/ROS-2-Autonomous-Turtlebot/bumperbot_ws_updated/src) by extensions ['colcon_meta']
[0.305s] Level 1:colcon.colcon_core.package_identification:_identify(/home/irman/Documents/ROS-2-Autonomous-Turtlebot/bumperbot_ws_updated/src) by extension 'colcon_meta'
[0.305s] Level 1:colcon.colcon_core.package_identification:_identify(/home/irman/Documents/ROS-2-Autonomous-Turtlebot/bumperbot_ws_updated/src) by extensions ['ros']
[0.305s] Level 1:colcon.colcon_core.package_identification:_identify(/home/irman/Documents/ROS-2-Autonomous-Turtlebot/bumperbot_ws_updated/src) by extension 'ros'
[0.305s] Level 1:colcon.colcon_core.package_identification:_identify(/home/irman/Documents/ROS-2-Autonomous-Turtlebot/bumperbot_ws_updated/src) by extensions ['cmake', 'python']
[0.305s] Level 1:colcon.colcon_core.package_identification:_identify(/home/irman/Documents/ROS-2-Autonomous-Turtlebot/bumperbot_ws_updated/src) by extension 'cmake'
[0.305s] Level 1:colcon.colcon_core.package_identification:_identify(/home/irman/Documents/ROS-2-Autonomous-Turtlebot/bumperbot_ws_updated/src) by extension 'python'
[0.305s] Level 1:colcon.colcon_core.package_identification:_identify(/home/irman/Documents/ROS-2-Autonomous-Turtlebot/bumperbot_ws_updated/src) by extensions ['python_setup_py']
[0.305s] Level 1:colcon.colcon_core.package_identification:_identify(/home/irman/Documents/ROS-2-Autonomous-Turtlebot/bumperbot_ws_updated/src) by extension 'python_setup_py'
[0.305s] Level 1:colcon.colcon_core.package_identification:_identify(/home/irman/Documents/ROS-2-Autonomous-Turtlebot/bumperbot_ws_updated/src/bumperbot_controller) by extensions ['ignore', 'ignore_ament_install']
[0.306s] Level 1:colcon.colcon_core.package_identification:_identify(/home/irman/Documents/ROS-2-Autonomous-Turtlebot/bumperbot_ws_updated/src/bumperbot_controller) by extension 'ignore'
[0.306s] Level 1:colcon.colcon_core.package_identification:_identify(/home/irman/Documents/ROS-2-Autonomous-Turtlebot/bumperbot_ws_updated/src/bumperbot_controller) by extension 'ignore_ament_install'
[0.306s] Level 1:colcon.colcon_core.package_identification:_identify(/home/irman/Documents/ROS-2-Autonomous-Turtlebot/bumperbot_ws_updated/src/bumperbot_controller) by extensions ['colcon_pkg']
[0.306s] Level 1:colcon.colcon_core.package_identification:_identify(/home/irman/Documents/ROS-2-Autonomous-Turtlebot/bumperbot_ws_updated/src/bumperbot_controller) by extension 'colcon_pkg'
[0.306s] Level 1:colcon.colcon_core.package_identification:_identify(/home/irman/Documents/ROS-2-Autonomous-Turtlebot/bumperbot_ws_updated/src/bumperbot_controller) by extensions ['colcon_meta']
[0.306s] Level 1:colcon.colcon_core.package_identification:_identify(/home/irman/Documents/ROS-2-Autonomous-Turtlebot/bumperbot_ws_updated/src/bumperbot_controller) by extension 'colcon_meta'
[0.306s] Level 1:colcon.colcon_core.package_identification:_identify(/home/irman/Documents/ROS-2-Autonomous-Turtlebot/bumperbot_ws_updated/src/bumperbot_controller) by extensions ['ros']
[0.306s] Level 1:colcon.colcon_core.package_identification:_identify(/home/irman/Documents/ROS-2-Autonomous-Turtlebot/bumperbot_ws_updated/src/bumperbot_controller) by extension 'ros'
[0.311s] DEBUG:colcon.colcon_core.package_identification:Package '/home/irman/Documents/ROS-2-Autonomous-Turtlebot/bumperbot_ws_updated/src/bumperbot_controller' with type 'ros.ament_cmake' and name 'bumperbot_controller'
[0.311s] Level 1:colcon.colcon_core.package_identification:_identify(/home/irman/Documents/ROS-2-Autonomous-Turtlebot/bumperbot_ws_updated/src/bumperbot_cpp_examples) by extensions ['ignore', 'ignore_ament_install']
[0.311s] Level 1:colcon.colcon_core.package_identification:_identify(/home/irman/Documents/ROS-2-Autonomous-Turtlebot/bumperbot_ws_updated/src/bumperbot_cpp_examples) by extension 'ignore'
[0.312s] Level 1:colcon.colcon_core.package_identification:_identify(/home/irman/Documents/ROS-2-Autonomous-Turtlebot/bumperbot_ws_updated/src/bumperbot_cpp_examples) by extension 'ignore_ament_install'
[0.312s] Level 1:colcon.colcon_core.package_identification:_identify(/home/irman/Documents/ROS-2-Autonomous-Turtlebot/bumperbot_ws_updated/src/bumperbot_cpp_examples) by extensions ['colcon_pkg']
[0.312s] Level 1:colcon.colcon_core.package_identification:_identify(/home/irman/Documents/ROS-2-Autonomous-Turtlebot/bumperbot_ws_updated/src/bumperbot_cpp_examples) by extension 'colcon_pkg'
[0.312s] Level 1:colcon.colcon_core.package_identification:_identify(/home/irman/Documents/ROS-2-Autonomous-Turtlebot/bumperbot_ws_updated/src/bumperbot_cpp_examples) by extensions ['colcon_meta']
[0.312s] Level 1:colcon.colcon_core.package_identification:_identify(/home/irman/Documents/ROS-2-Autonomous-Turtlebot/bumperbot_ws_updated/src/bumperbot_cpp_examples) by extension 'colcon_meta'
[0.312s] Level 1:colcon.colcon_core.package_identification:_identify(/home/irman/Documents/ROS-2-Autonomous-Turtlebot/bumperbot_ws_updated/src/bumperbot_cpp_examples) by extensions ['ros']
[0.312s] Level 1:colcon.colcon_core.package_identification:_identify(/home/irman/Documents/ROS-2-Autonomous-Turtlebot/bumperbot_ws_updated/src/bumperbot_cpp_examples) by extension 'ros'
[0.313s] DEBUG:colcon.colcon_core.package_identification:Package '/home/irman/Documents/ROS-2-Autonomous-Turtlebot/bumperbot_ws_updated/src/bumperbot_cpp_examples' with type 'ros.ament_cmake' and name 'bumperbot_cpp_examples'
[0.314s] Level 1:colcon.colcon_core.package_identification:_identify(/home/irman/Documents/ROS-2-Autonomous-Turtlebot/bumperbot_ws_updated/src/bumperbot_description) by extensions ['ignore', 'ignore_ament_install']
[0.314s] Level 1:colcon.colcon_core.package_identification:_identify(/home/irman/Documents/ROS-2-Autonomous-Turtlebot/bumperbot_ws_updated/src/bumperbot_description) by extension 'ignore'
[0.314s] Level 1:colcon.colcon_core.package_identification:_identify(/home/irman/Documents/ROS-2-Autonomous-Turtlebot/bumperbot_ws_updated/src/bumperbot_description) by extension 'ignore_ament_install'
[0.314s] Level 1:colcon.colcon_core.package_identification:_identify(/home/irman/Documents/ROS-2-Autonomous-Turtlebot/bumperbot_ws_updated/src/bumperbot_description) by extensions ['colcon_pkg']
[0.314s] Level 1:colcon.colcon_core.package_identification:_identify(/home/irman/Documents/ROS-2-Autonomous-Turtlebot/bumperbot_ws_updated/src/bumperbot_description) by extension 'colcon_pkg'
[0.314s] Level 1:colcon.colcon_core.package_identification:_identify(/home/irman/Documents/ROS-2-Autonomous-Turtlebot/bumperbot_ws_updated/src/bumperbot_description) by extensions ['colcon_meta']
[0.314s] Level 1:colcon.colcon_core.package_identification:_identify(/home/irman/Documents/ROS-2-Autonomous-Turtlebot/bumperbot_ws_updated/src/bumperbot_description) by extension 'colcon_meta'
[0.314s] Level 1:colcon.colcon_core.package_identification:_identify(/home/irman/Documents/ROS-2-Autonomous-Turtlebot/bumperbot_ws_updated/src/bumperbot_description) by extensions ['ros']
[0.314s] Level 1:colcon.colcon_core.package_identification:_identify(/home/irman/Documents/ROS-2-Autonomous-Turtlebot/bumperbot_ws_updated/src/bumperbot_description) by extension 'ros'
[0.315s] DEBUG:colcon.colcon_core.package_identification:Package '/home/irman/Documents/ROS-2-Autonomous-Turtlebot/bumperbot_ws_updated/src/bumperbot_description' with type 'ros.ament_cmake' and name 'bumperbot_description'
[0.315s] Level 1:colcon.colcon_core.package_identification:_identify(/home/irman/Documents/ROS-2-Autonomous-Turtlebot/bumperbot_ws_updated/src/bumperbot_py_examples) by extensions ['ignore', 'ignore_ament_install']
[0.316s] Level 1:colcon.colcon_core.package_identification:_identify(/home/irman/Documents/ROS-2-Autonomous-Turtlebot/bumperbot_ws_updated/src/bumperbot_py_examples) by extension 'ignore'
[0.316s] Level 1:colcon.colcon_core.package_identification:_identify(/home/irman/Documents/ROS-2-Autonomous-Turtlebot/bumperbot_ws_updated/src/bumperbot_py_examples) by extension 'ignore_ament_install'
[0.316s] Level 1:colcon.colcon_core.package_identification:_identify(/home/irman/Documents/ROS-2-Autonomous-Turtlebot/bumperbot_ws_updated/src/bumperbot_py_examples) by extensions ['colcon_pkg']
[0.316s] Level 1:colcon.colcon_core.package_identification:_identify(/home/irman/Documents/ROS-2-Autonomous-Turtlebot/bumperbot_ws_updated/src/bumperbot_py_examples) by extension 'colcon_pkg'
[0.316s] Level 1:colcon.colcon_core.package_identification:_identify(/home/irman/Documents/ROS-2-Autonomous-Turtlebot/bumperbot_ws_updated/src/bumperbot_py_examples) by extensions ['colcon_meta']
[0.316s] Level 1:colcon.colcon_core.package_identification:_identify(/home/irman/Documents/ROS-2-Autonomous-Turtlebot/bumperbot_ws_updated/src/bumperbot_py_examples) by extension 'colcon_meta'
[0.316s] Level 1:colcon.colcon_core.package_identification:_identify(/home/irman/Documents/ROS-2-Autonomous-Turtlebot/bumperbot_ws_updated/src/bumperbot_py_examples) by extensions ['ros']
[0.316s] Level 1:colcon.colcon_core.package_identification:_identify(/home/irman/Documents/ROS-2-Autonomous-Turtlebot/bumperbot_ws_updated/src/bumperbot_py_examples) by extension 'ros'
[0.317s] DEBUG:colcon.colcon_core.package_identification:Package '/home/irman/Documents/ROS-2-Autonomous-Turtlebot/bumperbot_ws_updated/src/bumperbot_py_examples' with type 'ros.ament_python' and name 'bumperbot_py_examples'
[0.317s] Level 1:colcon.colcon_core.package_discovery:discover_packages(recursive) using defaults
