[0.011s] Invoking command in '/home/irman/Documents/Github_Projects/ROS-2-Autonomous-Turtlebot/build/bumperbot_description': CMAKE_PREFIX_PATH=${CMAKE_PREFIX_PATH}:/home/irman/Documents/Github Projects/ROS-2-Autonomous-Turtlebot/bumperbot_ws/install/bumperbot_py_examples:/opt/ros/humble CONDA_PROMPT_MODIFIER=(base) /usr/bin/cmake /home/irman/Documents/Github_Projects/ROS-2-Autonomous-Turtlebot/bumperbot_ws/src/bumperbot_description -DCMAKE_INSTALL_PREFIX=/home/irman/Documents/Github_Projects/ROS-2-Autonomous-Turtlebot/install/bumperbot_description
[0.086s] -- The C compiler identification is GNU 11.4.0
[0.149s] -- The CXX compiler identification is GNU 11.4.0
[0.156s] -- Detecting C compiler ABI info
[0.205s] -- Detecting C compiler ABI info - done
[0.211s] -- Check for working C compiler: /usr/bin/cc - skipped
[0.211s] -- Detecting C compile features
[0.212s] -- Detecting C compile features - done
[0.214s] -- Detecting CXX compiler ABI info
[0.269s] -- Detecting CXX compiler ABI info - done
[0.274s] -- Check for working CXX compiler: /usr/bin/c++ - skipped
[0.274s] -- Detecting CXX compile features
[0.274s] -- Detecting CXX compile features - done
[0.284s] -- Found ament_cmake: 1.3.8 (/opt/ros/humble/share/ament_cmake/cmake)
[0.582s] -- Found Python3: /home/irman/anaconda3/bin/python3 (found version "3.11.7") found components: Interpreter 
[0.671s] -- Found ament_lint_auto: 0.12.10 (/opt/ros/humble/share/ament_lint_auto/cmake)
[0.754s] -- Added test 'flake8' to check Python code syntax and style conventions
[0.754s] -- Added test 'lint_cmake' to check CMake code style
[0.755s] -- Added test 'pep257' to check Python code against some of the docstring style conventions in PEP 257
[0.757s] -- Added test 'xmllint' to check XML markup files
[0.758s] -- Configuring done
[0.761s] -- Generating done
[0.762s] -- Build files have been written to: /home/irman/Documents/Github_Projects/ROS-2-Autonomous-Turtlebot/build/bumperbot_description
[0.768s] Invoked command in '/home/irman/Documents/Github_Projects/ROS-2-Autonomous-Turtlebot/build/bumperbot_description' returned '0': CMAKE_PREFIX_PATH=${CMAKE_PREFIX_PATH}:/home/irman/Documents/Github Projects/ROS-2-Autonomous-Turtlebot/bumperbot_ws/install/bumperbot_py_examples:/opt/ros/humble CONDA_PROMPT_MODIFIER=(base) /usr/bin/cmake /home/irman/Documents/Github_Projects/ROS-2-Autonomous-Turtlebot/bumperbot_ws/src/bumperbot_description -DCMAKE_INSTALL_PREFIX=/home/irman/Documents/Github_Projects/ROS-2-Autonomous-Turtlebot/install/bumperbot_description
[0.770s] Invoking command in '/home/irman/Documents/Github_Projects/ROS-2-Autonomous-Turtlebot/build/bumperbot_description': CMAKE_PREFIX_PATH=${CMAKE_PREFIX_PATH}:/home/irman/Documents/Github Projects/ROS-2-Autonomous-Turtlebot/bumperbot_ws/install/bumperbot_py_examples:/opt/ros/humble CONDA_PROMPT_MODIFIER=(base) /usr/bin/cmake --build /home/irman/Documents/Github_Projects/ROS-2-Autonomous-Turtlebot/build/bumperbot_description -- -j12 -l12
[0.799s] Invoked command in '/home/irman/Documents/Github_Projects/ROS-2-Autonomous-Turtlebot/build/bumperbot_description' returned '0': CMAKE_PREFIX_PATH=${CMAKE_PREFIX_PATH}:/home/irman/Documents/Github Projects/ROS-2-Autonomous-Turtlebot/bumperbot_ws/install/bumperbot_py_examples:/opt/ros/humble CONDA_PROMPT_MODIFIER=(base) /usr/bin/cmake --build /home/irman/Documents/Github_Projects/ROS-2-Autonomous-Turtlebot/build/bumperbot_description -- -j12 -l12
[0.825s] Invoking command in '/home/irman/Documents/Github_Projects/ROS-2-Autonomous-Turtlebot/build/bumperbot_description': CMAKE_PREFIX_PATH=${CMAKE_PREFIX_PATH}:/home/irman/Documents/Github Projects/ROS-2-Autonomous-Turtlebot/bumperbot_ws/install/bumperbot_py_examples:/opt/ros/humble CONDA_PROMPT_MODIFIER=(base) /usr/bin/cmake --install /home/irman/Documents/Github_Projects/ROS-2-Autonomous-Turtlebot/build/bumperbot_description
[0.832s] -- Install configuration: ""
[0.832s] -- Installing: /home/irman/Documents/Github_Projects/ROS-2-Autonomous-Turtlebot/install/bumperbot_description/share/bumperbot_description/meshes
[0.832s] -- Installing: /home/irman/Documents/Github_Projects/ROS-2-Autonomous-Turtlebot/install/bumperbot_description/share/bumperbot_description/meshes/imu_link.STL
[0.833s] -- Installing: /home/irman/Documents/Github_Projects/ROS-2-Autonomous-Turtlebot/install/bumperbot_description/share/bumperbot_description/meshes/base_link.STL
[0.875s] -- Installing: /home/irman/Documents/Github_Projects/ROS-2-Autonomous-Turtlebot/install/bumperbot_description/share/bumperbot_description/meshes/wheel_right_link.STL
[0.878s] -- Installing: /home/irman/Documents/Github_Projects/ROS-2-Autonomous-Turtlebot/install/bumperbot_description/share/bumperbot_description/meshes/wheel_left_link.STL
[0.882s] -- Installing: /home/irman/Documents/Github_Projects/ROS-2-Autonomous-Turtlebot/install/bumperbot_description/share/bumperbot_description/meshes/caster_front_link.STL
[0.884s] -- Installing: /home/irman/Documents/Github_Projects/ROS-2-Autonomous-Turtlebot/install/bumperbot_description/share/bumperbot_description/meshes/caster_rear_link.STL
[0.884s] -- Installing: /home/irman/Documents/Github_Projects/ROS-2-Autonomous-Turtlebot/install/bumperbot_description/share/bumperbot_description/urdf
[0.885s] -- Installing: /home/irman/Documents/Github_Projects/ROS-2-Autonomous-Turtlebot/install/bumperbot_description/share/bumperbot_description/urdf/bumperbot.urdf.xacro
[0.885s] -- Installing: /home/irman/Documents/Github_Projects/ROS-2-Autonomous-Turtlebot/install/bumperbot_description/share/bumperbot_description/urdf/bumperbot.gazebo.xacro
[0.885s] -- Installing: /home/irman/Documents/Github_Projects/ROS-2-Autonomous-Turtlebot/install/bumperbot_description/share/bumperbot_description/launch
[0.885s] -- Installing: /home/irman/Documents/Github_Projects/ROS-2-Autonomous-Turtlebot/install/bumperbot_description/share/bumperbot_description/launch/gazebo.launch.py
[0.885s] -- Installing: /home/irman/Documents/Github_Projects/ROS-2-Autonomous-Turtlebot/install/bumperbot_description/share/bumperbot_description/launch/display.launch.py
[0.885s] -- Installing: /home/irman/Documents/Github_Projects/ROS-2-Autonomous-Turtlebot/install/bumperbot_description/share/bumperbot_description/rviz
[0.885s] -- Installing: /home/irman/Documents/Github_Projects/ROS-2-Autonomous-Turtlebot/install/bumperbot_description/share/bumperbot_description/rviz/display.rviz
[0.885s] -- Installing: /home/irman/Documents/Github_Projects/ROS-2-Autonomous-Turtlebot/install/bumperbot_description/share/ament_index/resource_index/package_run_dependencies/bumperbot_description
[0.885s] -- Installing: /home/irman/Documents/Github_Projects/ROS-2-Autonomous-Turtlebot/install/bumperbot_description/share/ament_index/resource_index/parent_prefix_path/bumperbot_description
[0.886s] -- Installing: /home/irman/Documents/Github_Projects/ROS-2-Autonomous-Turtlebot/install/bumperbot_description/share/bumperbot_description/environment/ament_prefix_path.sh
[0.886s] -- Installing: /home/irman/Documents/Github_Projects/ROS-2-Autonomous-Turtlebot/install/bumperbot_description/share/bumperbot_description/environment/ament_prefix_path.dsv
[0.886s] -- Installing: /home/irman/Documents/Github_Projects/ROS-2-Autonomous-Turtlebot/install/bumperbot_description/share/bumperbot_description/environment/path.sh
[0.886s] -- Installing: /home/irman/Documents/Github_Projects/ROS-2-Autonomous-Turtlebot/install/bumperbot_description/share/bumperbot_description/environment/path.dsv
[0.886s] -- Installing: /home/irman/Documents/Github_Projects/ROS-2-Autonomous-Turtlebot/install/bumperbot_description/share/bumperbot_description/local_setup.bash
[0.886s] -- Installing: /home/irman/Documents/Github_Projects/ROS-2-Autonomous-Turtlebot/install/bumperbot_description/share/bumperbot_description/local_setup.sh
[0.886s] -- Installing: /home/irman/Documents/Github_Projects/ROS-2-Autonomous-Turtlebot/install/bumperbot_description/share/bumperbot_description/local_setup.zsh
[0.886s] -- Installing: /home/irman/Documents/Github_Projects/ROS-2-Autonomous-Turtlebot/install/bumperbot_description/share/bumperbot_description/local_setup.dsv
[0.886s] -- Installing: /home/irman/Documents/Github_Projects/ROS-2-Autonomous-Turtlebot/install/bumperbot_description/share/bumperbot_description/package.dsv
[0.887s] -- Installing: /home/irman/Documents/Github_Projects/ROS-2-Autonomous-Turtlebot/install/bumperbot_description/share/ament_index/resource_index/packages/bumperbot_description
[0.887s] -- Installing: /home/irman/Documents/Github_Projects/ROS-2-Autonomous-Turtlebot/install/bumperbot_description/share/bumperbot_description/cmake/bumperbot_descriptionConfig.cmake
[0.887s] -- Installing: /home/irman/Documents/Github_Projects/ROS-2-Autonomous-Turtlebot/install/bumperbot_description/share/bumperbot_description/cmake/bumperbot_descriptionConfig-version.cmake
[0.887s] -- Installing: /home/irman/Documents/Github_Projects/ROS-2-Autonomous-Turtlebot/install/bumperbot_description/share/bumperbot_description/package.xml
[0.889s] Invoked command in '/home/irman/Documents/Github_Projects/ROS-2-Autonomous-Turtlebot/build/bumperbot_description' returned '0': CMAKE_PREFIX_PATH=${CMAKE_PREFIX_PATH}:/home/irman/Documents/Github Projects/ROS-2-Autonomous-Turtlebot/bumperbot_ws/install/bumperbot_py_examples:/opt/ros/humble CONDA_PROMPT_MODIFIER=(base) /usr/bin/cmake --install /home/irman/Documents/Github_Projects/ROS-2-Autonomous-Turtlebot/build/bumperbot_description
