[0.502s] Invoking command in '/home/irman/Documents/ROS-2-Autonomous-Turtlebot/bumperbot_ws_updated/src/bumperbot_py_examples': PYTHONPATH=/home/irman/Documents/ROS-2-Autonomous-Turtlebot/bumperbot_ws_updated/build/bumperbot_py_examples/prefix_override:/home/irman/Documents/ROS-2-Autonomous-Turtlebot/bumperbot_ws_updated/install/bumperbot_py_examples/lib/python3.10/site-packages:${PYTHONPATH} /usr/bin/python3 -W ignore:setup.py install is deprecated setup.py egg_info --egg-base ../../build/bumperbot_py_examples build --build-base /home/irman/Documents/ROS-2-Autonomous-Turtlebot/bumperbot_ws_updated/build/bumperbot_py_examples/build install --record /home/irman/Documents/ROS-2-Autonomous-Turtlebot/bumperbot_ws_updated/build/bumperbot_py_examples/install.log --single-version-externally-managed install_data
[0.683s] running egg_info
[0.683s] creating ../../build/bumperbot_py_examples/bumperbot_py_examples.egg-info
[0.684s] writing ../../build/bumperbot_py_examples/bumperbot_py_examples.egg-info/PKG-INFO
[0.684s] writing dependency_links to ../../build/bumperbot_py_examples/bumperbot_py_examples.egg-info/dependency_links.txt
[0.684s] writing entry points to ../../build/bumperbot_py_examples/bumperbot_py_examples.egg-info/entry_points.txt
[0.684s] writing requirements to ../../build/bumperbot_py_examples/bumperbot_py_examples.egg-info/requires.txt
[0.684s] writing top-level names to ../../build/bumperbot_py_examples/bumperbot_py_examples.egg-info/top_level.txt
[0.684s] writing manifest file '../../build/bumperbot_py_examples/bumperbot_py_examples.egg-info/SOURCES.txt'
[0.686s] reading manifest file '../../build/bumperbot_py_examples/bumperbot_py_examples.egg-info/SOURCES.txt'
[0.686s] writing manifest file '../../build/bumperbot_py_examples/bumperbot_py_examples.egg-info/SOURCES.txt'
[0.687s] running build
[0.687s] running build_py
[0.687s] creating /home/irman/Documents/ROS-2-Autonomous-Turtlebot/bumperbot_ws_updated/build/bumperbot_py_examples/build
[0.687s] creating /home/irman/Documents/ROS-2-Autonomous-Turtlebot/bumperbot_ws_updated/build/bumperbot_py_examples/build/lib
[0.687s] creating /home/irman/Documents/ROS-2-Autonomous-Turtlebot/bumperbot_ws_updated/build/bumperbot_py_examples/build/lib/bumperbot_py_examples
[0.687s] copying bumperbot_py_examples/simple_subscriber.py -> /home/irman/Documents/ROS-2-Autonomous-Turtlebot/bumperbot_ws_updated/build/bumperbot_py_examples/build/lib/bumperbot_py_examples
[0.687s] copying bumperbot_py_examples/__init__.py -> /home/irman/Documents/ROS-2-Autonomous-Turtlebot/bumperbot_ws_updated/build/bumperbot_py_examples/build/lib/bumperbot_py_examples
[0.687s] copying bumperbot_py_examples/simple_turtlesim_kinematics.py -> /home/irman/Documents/ROS-2-Autonomous-Turtlebot/bumperbot_ws_updated/build/bumperbot_py_examples/build/lib/bumperbot_py_examples
[0.687s] copying bumperbot_py_examples/simple_publisher.py -> /home/irman/Documents/ROS-2-Autonomous-Turtlebot/bumperbot_ws_updated/build/bumperbot_py_examples/build/lib/bumperbot_py_examples
[0.688s] copying bumperbot_py_examples/simple_parameter.py -> /home/irman/Documents/ROS-2-Autonomous-Turtlebot/bumperbot_ws_updated/build/bumperbot_py_examples/build/lib/bumperbot_py_examples
[0.688s] running install
[0.688s] running install_lib
[0.688s] creating /home/irman/Documents/ROS-2-Autonomous-Turtlebot/bumperbot_ws_updated/install/bumperbot_py_examples/lib/python3.10/site-packages/bumperbot_py_examples
[0.688s] copying /home/irman/Documents/ROS-2-Autonomous-Turtlebot/bumperbot_ws_updated/build/bumperbot_py_examples/build/lib/bumperbot_py_examples/simple_subscriber.py -> /home/irman/Documents/ROS-2-Autonomous-Turtlebot/bumperbot_ws_updated/install/bumperbot_py_examples/lib/python3.10/site-packages/bumperbot_py_examples
[0.688s] copying /home/irman/Documents/ROS-2-Autonomous-Turtlebot/bumperbot_ws_updated/build/bumperbot_py_examples/build/lib/bumperbot_py_examples/__init__.py -> /home/irman/Documents/ROS-2-Autonomous-Turtlebot/bumperbot_ws_updated/install/bumperbot_py_examples/lib/python3.10/site-packages/bumperbot_py_examples
[0.688s] copying /home/irman/Documents/ROS-2-Autonomous-Turtlebot/bumperbot_ws_updated/build/bumperbot_py_examples/build/lib/bumperbot_py_examples/simple_turtlesim_kinematics.py -> /home/irman/Documents/ROS-2-Autonomous-Turtlebot/bumperbot_ws_updated/install/bumperbot_py_examples/lib/python3.10/site-packages/bumperbot_py_examples
[0.689s] copying /home/irman/Documents/ROS-2-Autonomous-Turtlebot/bumperbot_ws_updated/build/bumperbot_py_examples/build/lib/bumperbot_py_examples/simple_publisher.py -> /home/irman/Documents/ROS-2-Autonomous-Turtlebot/bumperbot_ws_updated/install/bumperbot_py_examples/lib/python3.10/site-packages/bumperbot_py_examples
[0.689s] copying /home/irman/Documents/ROS-2-Autonomous-Turtlebot/bumperbot_ws_updated/build/bumperbot_py_examples/build/lib/bumperbot_py_examples/simple_parameter.py -> /home/irman/Documents/ROS-2-Autonomous-Turtlebot/bumperbot_ws_updated/install/bumperbot_py_examples/lib/python3.10/site-packages/bumperbot_py_examples
[0.689s] byte-compiling /home/irman/Documents/ROS-2-Autonomous-Turtlebot/bumperbot_ws_updated/install/bumperbot_py_examples/lib/python3.10/site-packages/bumperbot_py_examples/simple_subscriber.py to simple_subscriber.cpython-310.pyc
[0.689s] byte-compiling /home/irman/Documents/ROS-2-Autonomous-Turtlebot/bumperbot_ws_updated/install/bumperbot_py_examples/lib/python3.10/site-packages/bumperbot_py_examples/__init__.py to __init__.cpython-310.pyc
[0.689s] byte-compiling /home/irman/Documents/ROS-2-Autonomous-Turtlebot/bumperbot_ws_updated/install/bumperbot_py_examples/lib/python3.10/site-packages/bumperbot_py_examples/simple_turtlesim_kinematics.py to simple_turtlesim_kinematics.cpython-310.pyc
[0.690s] byte-compiling /home/irman/Documents/ROS-2-Autonomous-Turtlebot/bumperbot_ws_updated/install/bumperbot_py_examples/lib/python3.10/site-packages/bumperbot_py_examples/simple_publisher.py to simple_publisher.cpython-310.pyc
[0.690s] byte-compiling /home/irman/Documents/ROS-2-Autonomous-Turtlebot/bumperbot_ws_updated/install/bumperbot_py_examples/lib/python3.10/site-packages/bumperbot_py_examples/simple_parameter.py to simple_parameter.cpython-310.pyc
[0.690s] running install_data
[0.691s] creating /home/irman/Documents/ROS-2-Autonomous-Turtlebot/bumperbot_ws_updated/install/bumperbot_py_examples/share/ament_index
[0.691s] creating /home/irman/Documents/ROS-2-Autonomous-Turtlebot/bumperbot_ws_updated/install/bumperbot_py_examples/share/ament_index/resource_index
[0.691s] creating /home/irman/Documents/ROS-2-Autonomous-Turtlebot/bumperbot_ws_updated/install/bumperbot_py_examples/share/ament_index/resource_index/packages
[0.691s] copying resource/bumperbot_py_examples -> /home/irman/Documents/ROS-2-Autonomous-Turtlebot/bumperbot_ws_updated/install/bumperbot_py_examples/share/ament_index/resource_index/packages
[0.691s] copying package.xml -> /home/irman/Documents/ROS-2-Autonomous-Turtlebot/bumperbot_ws_updated/install/bumperbot_py_examples/share/bumperbot_py_examples
[0.691s] running install_egg_info
[0.693s] Copying ../../build/bumperbot_py_examples/bumperbot_py_examples.egg-info to /home/irman/Documents/ROS-2-Autonomous-Turtlebot/bumperbot_ws_updated/install/bumperbot_py_examples/lib/python3.10/site-packages/bumperbot_py_examples-0.0.0-py3.10.egg-info
[0.694s] running install_scripts
[0.712s] Installing simple_parameter script to /home/irman/Documents/ROS-2-Autonomous-Turtlebot/bumperbot_ws_updated/install/bumperbot_py_examples/lib/bumperbot_py_examples
[0.712s] Installing simple_publisher script to /home/irman/Documents/ROS-2-Autonomous-Turtlebot/bumperbot_ws_updated/install/bumperbot_py_examples/lib/bumperbot_py_examples
[0.712s] Installing simple_subscriber script to /home/irman/Documents/ROS-2-Autonomous-Turtlebot/bumperbot_ws_updated/install/bumperbot_py_examples/lib/bumperbot_py_examples
[0.712s] Installing simple_turtlesim_kinematics script to /home/irman/Documents/ROS-2-Autonomous-Turtlebot/bumperbot_ws_updated/install/bumperbot_py_examples/lib/bumperbot_py_examples
[0.713s] writing list of installed files to '/home/irman/Documents/ROS-2-Autonomous-Turtlebot/bumperbot_ws_updated/build/bumperbot_py_examples/install.log'
[0.742s] Invoked command in '/home/irman/Documents/ROS-2-Autonomous-Turtlebot/bumperbot_ws_updated/src/bumperbot_py_examples' returned '0': PYTHONPATH=/home/irman/Documents/ROS-2-Autonomous-Turtlebot/bumperbot_ws_updated/build/bumperbot_py_examples/prefix_override:/home/irman/Documents/ROS-2-Autonomous-Turtlebot/bumperbot_ws_updated/install/bumperbot_py_examples/lib/python3.10/site-packages:${PYTHONPATH} /usr/bin/python3 -W ignore:setup.py install is deprecated setup.py egg_info --egg-base ../../build/bumperbot_py_examples build --build-base /home/irman/Documents/ROS-2-Autonomous-Turtlebot/bumperbot_ws_updated/build/bumperbot_py_examples/build install --record /home/irman/Documents/ROS-2-Autonomous-Turtlebot/bumperbot_ws_updated/build/bumperbot_py_examples/install.log --single-version-externally-managed install_data
